#
# There is insufficient memory for the Java Runtime Environment to continue.
# Native memory allocation (malloc) failed to allocate 2176496 bytes for Chunk::new
# Possible reasons:
#   The system is out of physical RAM or swap space
#   The process is running with CompressedOops enabled, and the Java Heap may be blocking the growth of the native heap
# Possible solutions:
#   Reduce memory load on the system
#   Increase physical memory or swap space
#   Check if swap backing store is full
#   Decrease Java heap size (-Xmx/-Xms)
#   Decrease number of Java threads
#   Decrease Java thread stack sizes (-Xss)
#   Set larger code cache with -XX:ReservedCodeCacheSize=
#   JVM is running with Unscaled Compressed Oops mode in which the Java heap is
#     placed in the first 4GB address space. The Java Heap base address is the
#     maximum limit for the native heap growth. Please use -XX:HeapBaseMinAddress
#     to set the Java Heap base and to place the Java Heap above 4GB virtual address.
# This output file may be truncated or incomplete.
#
#  Out of Memory Error (arena.cpp:184), pid=40420, tid=45192
#
# JRE version: OpenJDK Runtime Environment (18.0.2.1+1) (build 18.0.2.1+1-1)
# Java VM: OpenJDK 64-Bit Server VM (18.0.2.1+1-1, mixed mode, sharing, tiered, compressed oops, compressed class ptrs, g1 gc, windows-amd64)
# No core dump will be written. Minidumps are not enabled by default on client versions of Windows
#

---------------  S U M M A R Y ------------

Command Line: org.jetbrains.kotlin.cli.jvm.K2JVMCompiler @C:\Users\Lucas\OneDrive\Ambiente de Trabalho\Lucas Dev\Lucas Mobile\Projetos Portfolio\CLI Projetos\Fittin\node_modules\react-native-screens\android\build\20231024_3481845719620876071.compiler.options

Host: AMD Ryzen 5 5500U with Radeon Graphics         , 12 cores, 5G,  Windows 11 , 64 bit Build 22621 (10.0.22621.2215)
Time: Tue Oct 24 22:36:13 2023 Hora oficial do Brasil elapsed time: 107.770116 seconds (0d 0h 1m 47s)

---------------  T H R E A D  ---------------

Current thread (0x0000025ace24d900):  JavaThread "C2 CompilerThread1" daemon [_thread_in_native, id=45192, stack(0x0000008669d00000,0x0000008669e00000)]


Current CompileTask:
C2: 107770 15773       4       org.jetbrains.kotlin.load.java.typeEnhancement.SignatureEnhancement::enhanceSignature (1278 bytes)

Stack: [0x0000008669d00000,0x0000008669e00000]
Native frames: (J=compiled Java code, j=interpreted, Vv=VM code, C=native code)
V  [jvm.dll+0x6993aa]
V  [jvm.dll+0x7f46dd]
V  [jvm.dll+0x7f5fee]
V  [jvm.dll+0x7f66a3]
V  [jvm.dll+0x25cf1f]
V  [jvm.dll+0xb8c2f]
V  [jvm.dll+0xb8fa5]
V  [jvm.dll+0x386091]
V  [jvm.dll+0x34fe71]
V  [jvm.dll+0x34f30a]
V  [jvm.dll+0x230101]
V  [jvm.dll+0x22f4d1]
V  [jvm.dll+0x1ba01c]
V  [jvm.dll+0x23ee0a]
V  [jvm.dll+0x23d0f5]
V  [jvm.dll+0x7a6dd1]
V  [jvm.dll+0x7a120a]
V  [jvm.dll+0x698255]
C  [ucrtbase.dll+0x29363]
C  [KERNEL32.DLL+0x1257d]
C  [ntdll.dll+0x5aa68]


---------------  P R O C E S S  ---------------

Threads class SMR info:
_java_thread_list=0x0000025ad1e20bd0, length=14, elements={
0x0000025aab3991d0, 0x0000025ac85ce4c0, 0x0000025ac85d08e0, 0x0000025ac85ebfa0,
0x0000025ac85ec940, 0x0000025ac85ed2e0, 0x0000025ac85edc80, 0x0000025ac85ee950,
0x0000025ac865b230, 0x0000025ac865e750, 0x0000025acc8910d0, 0x0000025acc89a450,
0x0000025ace24d900, 0x0000025ace251ad0
}

Java Threads: ( => current thread )
  0x0000025aab3991d0 JavaThread "main" [_thread_in_Java, id=22708, stack(0x000000866a000000,0x000000866a100000)]
  0x0000025ac85ce4c0 JavaThread "Reference Handler" daemon [_thread_blocked, id=32248, stack(0x000000866a700000,0x000000866a800000)]
  0x0000025ac85d08e0 JavaThread "Finalizer" daemon [_thread_blocked, id=16604, stack(0x000000866a800000,0x000000866a900000)]
  0x0000025ac85ebfa0 JavaThread "Signal Dispatcher" daemon [_thread_blocked, id=47036, stack(0x000000866a900000,0x000000866aa00000)]
  0x0000025ac85ec940 JavaThread "Attach Listener" daemon [_thread_blocked, id=23564, stack(0x000000866aa00000,0x000000866ab00000)]
  0x0000025ac85ed2e0 JavaThread "Service Thread" daemon [_thread_blocked, id=35668, stack(0x000000866ab00000,0x000000866ac00000)]
  0x0000025ac85edc80 JavaThread "Monitor Deflation Thread" daemon [_thread_blocked, id=18864, stack(0x000000866ac00000,0x000000866ad00000)]
  0x0000025ac85ee950 JavaThread "C2 CompilerThread0" daemon [_thread_in_native, id=28552, stack(0x000000866ad00000,0x000000866ae00000)]
  0x0000025ac865b230 JavaThread "C1 CompilerThread0" daemon [_thread_blocked, id=43700, stack(0x000000866ae00000,0x000000866af00000)]
  0x0000025ac865e750 JavaThread "Sweeper thread" daemon [_thread_blocked, id=28352, stack(0x000000866af00000,0x000000866b000000)]
  0x0000025acc8910d0 JavaThread "Notification Thread" daemon [_thread_blocked, id=28900, stack(0x000000866b000000,0x000000866b100000)]
  0x0000025acc89a450 JavaThread "Common-Cleaner" daemon [_thread_blocked, id=24356, stack(0x000000866b200000,0x000000866b300000)]
=>0x0000025ace24d900 JavaThread "C2 CompilerThread1" daemon [_thread_in_native, id=45192, stack(0x0000008669d00000,0x0000008669e00000)]
  0x0000025ace251ad0 JavaThread "C2 CompilerThread2" daemon [_thread_in_native, id=42920, stack(0x0000008669e00000,0x0000008669f00000)]

Other Threads:
  0x0000025ac85c8340 VMThread "VM Thread" [stack: 0x000000866a600000,0x000000866a700000] [id=30420]
  0x0000025acc8979c0 WatcherThread "VM Periodic Task Thread" [stack: 0x000000866b100000,0x000000866b200000] [id=45276]
  0x0000025aab3e8d80 WorkerThread "GC Thread#0" [stack: 0x000000866a100000,0x000000866a200000] [id=30960]
  0x0000025accc04c30 WorkerThread "GC Thread#1" [stack: 0x000000866b300000,0x000000866b400000] [id=13984]
  0x0000025accddbf30 WorkerThread "GC Thread#2" [stack: 0x000000866b400000,0x000000866b500000] [id=19000]
  0x0000025accddc1d0 WorkerThread "GC Thread#3" [stack: 0x000000866b500000,0x000000866b600000] [id=368]
  0x0000025accddc470 WorkerThread "GC Thread#4" [stack: 0x000000866b600000,0x000000866b700000] [id=21940]
  0x0000025accddc710 WorkerThread "GC Thread#5" [stack: 0x000000866b700000,0x000000866b800000] [id=31068]
  0x0000025acd1259a0 WorkerThread "GC Thread#6" [stack: 0x000000866b800000,0x000000866b900000] [id=6952]
  0x0000025accd97400 WorkerThread "GC Thread#7" [stack: 0x000000866b900000,0x000000866ba00000] [id=45272]
  0x0000025accf73790 WorkerThread "GC Thread#8" [stack: 0x000000866ba00000,0x000000866bb00000] [id=36412]
  0x0000025acd3f5390 WorkerThread "GC Thread#9" [stack: 0x000000866bb00000,0x000000866bc00000] [id=42464]
  0x0000025aab3f5870 ConcurrentGCThread "G1 Main Marker" [stack: 0x000000866a200000,0x000000866a300000] [id=41616]
  0x0000025aab3f6260 WorkerThread "G1 Conc#0" [stack: 0x000000866a300000,0x000000866a400000] [id=26608]
  0x0000025acec00fb0 WorkerThread "G1 Conc#1" [stack: 0x000000866bc00000,0x000000866bd00000] [id=42384]
  0x0000025acdbc2f90 WorkerThread "G1 Conc#2" [stack: 0x000000866bd00000,0x000000866be00000] [id=8352]
  0x0000025aab442dd0 ConcurrentGCThread "G1 Refine#0" [stack: 0x000000866a400000,0x000000866a500000] [id=36272]
  0x0000025acf5cb130 ConcurrentGCThread "G1 Refine#1" [stack: 0x000000866be00000,0x000000866bf00000] [id=40240]
  0x0000025aab4436e0 ConcurrentGCThread "G1 Service" [stack: 0x000000866a500000,0x000000866a600000] [id=15724]

Threads with active compile tasks:
C2 CompilerThread0   108384 16120       4       org.jetbrains.kotlin.ir.util.SymbolTable$ScopedSymbolTable::leaveScope (189 bytes)
C2 CompilerThread1   108384 15773       4       org.jetbrains.kotlin.load.java.typeEnhancement.SignatureEnhancement::enhanceSignature (1278 bytes)
C2 CompilerThread2   108384 16072       4       org.jetbrains.kotlin.backend.common.serialization.mangle.descriptor.DescriptorMangleComputer::mangleType (573 bytes)

VM state: not at safepoint (normal execution)

VM Mutex/Monitor currently owned by a thread: None

Heap address: 0x00000000a2200000, size: 1502 MB, Compressed Oops mode: 32-bit

CDS archive(s) mapped at: [0x0000000800000000-0x0000000800ba0000-0x0000000800ba0000), size 12189696, SharedBaseAddress: 0x0000000800000000, ArchiveRelocationMode: 0.
Compressed class space mapped at: 0x0000000800c00000-0x0000000840c00000, reserved size: 1073741824
Narrow klass base: 0x0000000800000000, Narrow klass shift: 0, Narrow klass range: 0x100000000

GC Precious Log:
 CardTable entry size: 512
 Card Set container configuration: InlinePtr #cards 5 size 8 Array Of Cards #cards 12 size 40 Howl #buckets 4 coarsen threshold 1843 Howl Bitmap #cards 512 size 80 coarsen threshold 460 Card regions per heap region 1 cards per card region 2048
 CPUs: 12 total, 12 available
 Memory: 6005M
 Large Page Support: Disabled
 NUMA Support: Disabled
 Compressed Oops: Enabled (32-bit)
 Heap Region Size: 1M
 Heap Min Capacity: 8M
 Heap Initial Capacity: 94M
 Heap Max Capacity: 1502M
 Pre-touch: Disabled
 Parallel Workers: 10
 Concurrent Workers: 3
 Concurrent Refinement Workers: 10
 Periodic GC: Disabled

Heap:
 garbage-first heap   total 188416K, used 132509K [0x00000000a2200000, 0x0000000100000000)
  region size 1024K, 44 young (45056K), 3 survivors (3072K)
 Metaspace       used 67485K, committed 68352K, reserved 1114112K
  class space    used 7497K, committed 7936K, reserved 1048576K

Heap Regions: E=young(eden), S=young(survivor), O=old, HS=humongous(starts), HC=humongous(continues), CS=collection set, F=free, OA=open archive, CA=closed archive, TAMS=top-at-mark-start (previous, next)
|   0|0x00000000a2200000, 0x00000000a2300000, 0x00000000a2300000|100%|HS|  |TAMS 0x00000000a2300000, 0x00000000a2200000| Complete 
|   1|0x00000000a2300000, 0x00000000a2400000, 0x00000000a2400000|100%|HC|  |TAMS 0x00000000a2400000, 0x00000000a2300000| Complete 
|   2|0x00000000a2400000, 0x00000000a2500000, 0x00000000a2500000|100%|HC|  |TAMS 0x00000000a2500000, 0x00000000a2400000| Complete 
|   3|0x00000000a2500000, 0x00000000a2600000, 0x00000000a2600000|100%| O|  |TAMS 0x00000000a2600000, 0x00000000a2500000| Untracked 
|   4|0x00000000a2600000, 0x00000000a2700000, 0x00000000a2700000|100%| O|  |TAMS 0x00000000a2700000, 0x00000000a2600000| Untracked 
|   5|0x00000000a2700000, 0x00000000a27e3e00, 0x00000000a2800000| 89%| O|  |TAMS 0x00000000a27e3e00, 0x00000000a2700000| Untracked 
|   6|0x00000000a2800000, 0x00000000a2900000, 0x00000000a2900000|100%|HS|  |TAMS 0x00000000a2900000, 0x00000000a2800000| Complete 
|   7|0x00000000a2900000, 0x00000000a2a00000, 0x00000000a2a00000|100%|HC|  |TAMS 0x00000000a2a00000, 0x00000000a2900000| Complete 
|   8|0x00000000a2a00000, 0x00000000a2b00000, 0x00000000a2b00000|100%|HC|  |TAMS 0x00000000a2b00000, 0x00000000a2a00000| Complete 
|   9|0x00000000a2b00000, 0x00000000a2c00000, 0x00000000a2c00000|100%| O|  |TAMS 0x00000000a2c00000, 0x00000000a2b00000| Untracked 
|  10|0x00000000a2c00000, 0x00000000a2d00000, 0x00000000a2d00000|100%| O|  |TAMS 0x00000000a2d00000, 0x00000000a2c00000| Untracked 
|  11|0x00000000a2d00000, 0x00000000a2e00000, 0x00000000a2e00000|100%| O|  |TAMS 0x00000000a2e00000, 0x00000000a2d00000| Untracked 
|  12|0x00000000a2e00000, 0x00000000a2f00000, 0x00000000a2f00000|100%| O|  |TAMS 0x00000000a2f00000, 0x00000000a2e00000| Untracked 
|  13|0x00000000a2f00000, 0x00000000a3000000, 0x00000000a3000000|100%| O|  |TAMS 0x00000000a3000000, 0x00000000a2f00000| Untracked 
|  14|0x00000000a3000000, 0x00000000a3100000, 0x00000000a3100000|100%| O|  |TAMS 0x00000000a3100000, 0x00000000a3000000| Untracked 
|  15|0x00000000a3100000, 0x00000000a3200000, 0x00000000a3200000|100%| O|  |TAMS 0x00000000a3200000, 0x00000000a3100000| Untracked 
|  16|0x00000000a3200000, 0x00000000a3300000, 0x00000000a3300000|100%| O|  |TAMS 0x00000000a3300000, 0x00000000a3200000| Untracked 
|  17|0x00000000a3300000, 0x00000000a3400000, 0x00000000a3400000|100%| O|  |TAMS 0x00000000a3400000, 0x00000000a3300000| Untracked 
|  18|0x00000000a3400000, 0x00000000a3500000, 0x00000000a3500000|100%| O|  |TAMS 0x00000000a3500000, 0x00000000a3400000| Untracked 
|  19|0x00000000a3500000, 0x00000000a3600000, 0x00000000a3600000|100%| O|  |TAMS 0x00000000a3600000, 0x00000000a3500000| Untracked 
|  20|0x00000000a3600000, 0x00000000a3700000, 0x00000000a3700000|100%|HS|  |TAMS 0x00000000a3700000, 0x00000000a3600000| Complete 
|  21|0x00000000a3700000, 0x00000000a3800000, 0x00000000a3800000|100%|HC|  |TAMS 0x00000000a3800000, 0x00000000a3700000| Complete 
|  22|0x00000000a3800000, 0x00000000a3900000, 0x00000000a3900000|100%| O|  |TAMS 0x00000000a3900000, 0x00000000a3800000| Untracked 
|  23|0x00000000a3900000, 0x00000000a3a00000, 0x00000000a3a00000|100%| O|  |TAMS 0x00000000a3a00000, 0x00000000a3900000| Untracked 
|  24|0x00000000a3a00000, 0x00000000a3b00000, 0x00000000a3b00000|100%| O|  |TAMS 0x00000000a3b00000, 0x00000000a3a00000| Untracked 
|  25|0x00000000a3b00000, 0x00000000a3c00000, 0x00000000a3c00000|100%| O|  |TAMS 0x00000000a3c00000, 0x00000000a3b00000| Untracked 
|  26|0x00000000a3c00000, 0x00000000a3d00000, 0x00000000a3d00000|100%| O|  |TAMS 0x00000000a3d00000, 0x00000000a3c00000| Untracked 
|  27|0x00000000a3d00000, 0x00000000a3e00000, 0x00000000a3e00000|100%| O|  |TAMS 0x00000000a3e00000, 0x00000000a3d00000| Untracked 
|  28|0x00000000a3e00000, 0x00000000a3f00000, 0x00000000a3f00000|100%| O|  |TAMS 0x00000000a3f00000, 0x00000000a3e00000| Untracked 
|  29|0x00000000a3f00000, 0x00000000a4000000, 0x00000000a4000000|100%| O|  |TAMS 0x00000000a4000000, 0x00000000a3f00000| Untracked 
|  30|0x00000000a4000000, 0x00000000a4100000, 0x00000000a4100000|100%| O|  |TAMS 0x00000000a4100000, 0x00000000a4000000| Untracked 
|  31|0x00000000a4100000, 0x00000000a4200000, 0x00000000a4200000|100%| O|  |TAMS 0x00000000a4200000, 0x00000000a4100000| Untracked 
|  32|0x00000000a4200000, 0x00000000a4300000, 0x00000000a4300000|100%| O|  |TAMS 0x00000000a4300000, 0x00000000a4200000| Untracked 
|  33|0x00000000a4300000, 0x00000000a4400000, 0x00000000a4400000|100%| O|  |TAMS 0x00000000a4400000, 0x00000000a4300000| Untracked 
|  34|0x00000000a4400000, 0x00000000a4500000, 0x00000000a4500000|100%| O|  |TAMS 0x00000000a4500000, 0x00000000a4400000| Untracked 
|  35|0x00000000a4500000, 0x00000000a4600000, 0x00000000a4600000|100%| O|  |TAMS 0x00000000a4500000, 0x00000000a4500000| Untracked 
|  36|0x00000000a4600000, 0x00000000a4700000, 0x00000000a4700000|100%| O|  |TAMS 0x00000000a4700000, 0x00000000a4600000| Untracked 
|  37|0x00000000a4700000, 0x00000000a4800000, 0x00000000a4800000|100%| O|  |TAMS 0x00000000a4800000, 0x00000000a4700000| Untracked 
|  38|0x00000000a4800000, 0x00000000a4900000, 0x00000000a4900000|100%| O|  |TAMS 0x00000000a4900000, 0x00000000a4800000| Untracked 
|  39|0x00000000a4900000, 0x00000000a4a00000, 0x00000000a4a00000|100%| O|  |TAMS 0x00000000a4a00000, 0x00000000a4900000| Untracked 
|  40|0x00000000a4a00000, 0x00000000a4b00000, 0x00000000a4b00000|100%| O|  |TAMS 0x00000000a4b00000, 0x00000000a4a00000| Untracked 
|  41|0x00000000a4b00000, 0x00000000a4c00000, 0x00000000a4c00000|100%| O|  |TAMS 0x00000000a4c00000, 0x00000000a4b00000| Untracked 
|  42|0x00000000a4c00000, 0x00000000a4d00000, 0x00000000a4d00000|100%| O|  |TAMS 0x00000000a4d00000, 0x00000000a4c00000| Untracked 
|  43|0x00000000a4d00000, 0x00000000a4e00000, 0x00000000a4e00000|100%| O|  |TAMS 0x00000000a4e00000, 0x00000000a4d00000| Untracked 
|  44|0x00000000a4e00000, 0x00000000a4f00000, 0x00000000a4f00000|100%| O|  |TAMS 0x00000000a4eaae00, 0x00000000a4e00000| Untracked 
|  45|0x00000000a4f00000, 0x00000000a5000000, 0x00000000a5000000|100%| O|  |TAMS 0x00000000a4f00000, 0x00000000a4f00000| Untracked 
|  46|0x00000000a5000000, 0x00000000a5100000, 0x00000000a5100000|100%| O|  |TAMS 0x00000000a5000000, 0x00000000a5000000| Untracked 
|  47|0x00000000a5100000, 0x00000000a51b4800, 0x00000000a5200000| 70%| O|  |TAMS 0x00000000a5100000, 0x00000000a5100000| Untracked 
|  48|0x00000000a5200000, 0x00000000a5300000, 0x00000000a5300000|100%| O|  |TAMS 0x00000000a5200000, 0x00000000a5200000| Untracked 
|  49|0x00000000a5300000, 0x00000000a5400000, 0x00000000a5400000|100%| O|  |TAMS 0x00000000a5300000, 0x00000000a5300000| Untracked 
|  50|0x00000000a5400000, 0x00000000a5500000, 0x00000000a5500000|100%| O|  |TAMS 0x00000000a5400000, 0x00000000a5400000| Untracked 
|  51|0x00000000a5500000, 0x00000000a5600000, 0x00000000a5600000|100%| O|  |TAMS 0x00000000a5500000, 0x00000000a5500000| Untracked 
|  52|0x00000000a5600000, 0x00000000a5700000, 0x00000000a5700000|100%| O|  |TAMS 0x00000000a5600000, 0x00000000a5600000| Untracked 
|  53|0x00000000a5700000, 0x00000000a5800000, 0x00000000a5800000|100%| O|  |TAMS 0x00000000a5700000, 0x00000000a5700000| Untracked 
|  54|0x00000000a5800000, 0x00000000a5900000, 0x00000000a5900000|100%| O|  |TAMS 0x00000000a5800000, 0x00000000a5800000| Untracked 
|  55|0x00000000a5900000, 0x00000000a5a00000, 0x00000000a5a00000|100%| O|  |TAMS 0x00000000a5900000, 0x00000000a5900000| Untracked 
|  56|0x00000000a5a00000, 0x00000000a5b00000, 0x00000000a5b00000|100%| O|  |TAMS 0x00000000a5a00000, 0x00000000a5a00000| Untracked 
|  57|0x00000000a5b00000, 0x00000000a5c00000, 0x00000000a5c00000|100%| O|  |TAMS 0x00000000a5b00000, 0x00000000a5b00000| Untracked 
|  58|0x00000000a5c00000, 0x00000000a5d00000, 0x00000000a5d00000|100%| O|  |TAMS 0x00000000a5c00000, 0x00000000a5c00000| Untracked 
|  59|0x00000000a5d00000, 0x00000000a5e00000, 0x00000000a5e00000|100%| O|  |TAMS 0x00000000a5d00000, 0x00000000a5d00000| Untracked 
|  60|0x00000000a5e00000, 0x00000000a5f00000, 0x00000000a5f00000|100%| O|  |TAMS 0x00000000a5e00000, 0x00000000a5e00000| Untracked 
|  61|0x00000000a5f00000, 0x00000000a6000000, 0x00000000a6000000|100%| O|  |TAMS 0x00000000a5f00000, 0x00000000a5f00000| Untracked 
|  62|0x00000000a6000000, 0x00000000a6100000, 0x00000000a6100000|100%| O|  |TAMS 0x00000000a6000000, 0x00000000a6000000| Untracked 
|  63|0x00000000a6100000, 0x00000000a6200000, 0x00000000a6200000|100%| O|  |TAMS 0x00000000a6100000, 0x00000000a6100000| Untracked 
|  64|0x00000000a6200000, 0x00000000a6300000, 0x00000000a6300000|100%| O|  |TAMS 0x00000000a6200000, 0x00000000a6200000| Untracked 
|  65|0x00000000a6300000, 0x00000000a6400000, 0x00000000a6400000|100%| O|  |TAMS 0x00000000a6300000, 0x00000000a6300000| Untracked 
|  66|0x00000000a6400000, 0x00000000a6500000, 0x00000000a6500000|100%| O|  |TAMS 0x00000000a6400000, 0x00000000a6400000| Untracked 
|  67|0x00000000a6500000, 0x00000000a6600000, 0x00000000a6600000|100%|HS|  |TAMS 0x00000000a6500000, 0x00000000a6500000| Complete 
|  68|0x00000000a6600000, 0x00000000a6700000, 0x00000000a6700000|100%|HC|  |TAMS 0x00000000a6600000, 0x00000000a6600000| Complete 
|  69|0x00000000a6700000, 0x00000000a6800000, 0x00000000a6800000|100%| O|  |TAMS 0x00000000a6700000, 0x00000000a6700000| Untracked 
|  70|0x00000000a6800000, 0x00000000a6900000, 0x00000000a6900000|100%| O|  |TAMS 0x00000000a6800000, 0x00000000a6800000| Untracked 
|  71|0x00000000a6900000, 0x00000000a6a00000, 0x00000000a6a00000|100%| O|  |TAMS 0x00000000a6900000, 0x00000000a6900000| Untracked 
|  72|0x00000000a6a00000, 0x00000000a6b00000, 0x00000000a6b00000|100%| O|  |TAMS 0x00000000a6a00000, 0x00000000a6a00000| Untracked 
|  73|0x00000000a6b00000, 0x00000000a6c00000, 0x00000000a6c00000|100%| O|  |TAMS 0x00000000a6b00000, 0x00000000a6b00000| Untracked 
|  74|0x00000000a6c00000, 0x00000000a6d00000, 0x00000000a6d00000|100%| O|  |TAMS 0x00000000a6c00000, 0x00000000a6c00000| Untracked 
|  75|0x00000000a6d00000, 0x00000000a6e00000, 0x00000000a6e00000|100%| O|  |TAMS 0x00000000a6d00000, 0x00000000a6d00000| Untracked 
|  76|0x00000000a6e00000, 0x00000000a6f00000, 0x00000000a6f00000|100%| O|  |TAMS 0x00000000a6e00000, 0x00000000a6e00000| Untracked 
|  77|0x00000000a6f00000, 0x00000000a7000000, 0x00000000a7000000|100%| O|  |TAMS 0x00000000a6f00000, 0x00000000a6f00000| Untracked 
|  78|0x00000000a7000000, 0x00000000a7100000, 0x00000000a7100000|100%| O|  |TAMS 0x00000000a7000000, 0x00000000a7000000| Untracked 
|  79|0x00000000a7100000, 0x00000000a7200000, 0x00000000a7200000|100%| O|  |TAMS 0x00000000a7100000, 0x00000000a7100000| Untracked 
|  80|0x00000000a7200000, 0x00000000a7300000, 0x00000000a7300000|100%| O|  |TAMS 0x00000000a7200000, 0x00000000a7200000| Untracked 
|  81|0x00000000a7300000, 0x00000000a7400000, 0x00000000a7400000|100%| O|  |TAMS 0x00000000a7300000, 0x00000000a7300000| Untracked 
|  82|0x00000000a7400000, 0x00000000a7500000, 0x00000000a7500000|100%| O|  |TAMS 0x00000000a7400000, 0x00000000a7400000| Untracked 
|  83|0x00000000a7500000, 0x00000000a7600000, 0x00000000a7600000|100%| O|  |TAMS 0x00000000a7500000, 0x00000000a7500000| Untracked 
|  84|0x00000000a7600000, 0x00000000a7700000, 0x00000000a7700000|100%| O|  |TAMS 0x00000000a7600000, 0x00000000a7600000| Untracked 
|  85|0x00000000a7700000, 0x00000000a7800000, 0x00000000a7800000|100%| O|  |TAMS 0x00000000a7700000, 0x00000000a7700000| Untracked 
|  86|0x00000000a7800000, 0x00000000a7900000, 0x00000000a7900000|100%| O|  |TAMS 0x00000000a7800000, 0x00000000a7800000| Untracked 
|  87|0x00000000a7900000, 0x00000000a798b800, 0x00000000a7a00000| 54%| O|  |TAMS 0x00000000a7900000, 0x00000000a7900000| Untracked 
|  88|0x00000000a7a00000, 0x00000000a7a00000, 0x00000000a7b00000|  0%| F|  |TAMS 0x00000000a7a00000, 0x00000000a7a00000| Untracked 
|  89|0x00000000a7b00000, 0x00000000a7b00000, 0x00000000a7c00000|  0%| F|  |TAMS 0x00000000a7b00000, 0x00000000a7b00000| Untracked 
|  90|0x00000000a7c00000, 0x00000000a7c00000, 0x00000000a7d00000|  0%| F|  |TAMS 0x00000000a7c00000, 0x00000000a7c00000| Untracked 
|  91|0x00000000a7d00000, 0x00000000a7d00000, 0x00000000a7e00000|  0%| F|  |TAMS 0x00000000a7d00000, 0x00000000a7d00000| Untracked 
|  92|0x00000000a7e00000, 0x00000000a7e00000, 0x00000000a7f00000|  0%| F|  |TAMS 0x00000000a7e00000, 0x00000000a7e00000| Untracked 
|  93|0x00000000a7f00000, 0x00000000a7f00000, 0x00000000a8000000|  0%| F|  |TAMS 0x00000000a7f00000, 0x00000000a7f00000| Untracked 
|  94|0x00000000a8000000, 0x00000000a8000000, 0x00000000a8100000|  0%| F|  |TAMS 0x00000000a8000000, 0x00000000a8000000| Untracked 
|  95|0x00000000a8100000, 0x00000000a8100000, 0x00000000a8200000|  0%| F|  |TAMS 0x00000000a8100000, 0x00000000a8100000| Untracked 
|  96|0x00000000a8200000, 0x00000000a8200000, 0x00000000a8300000|  0%| F|  |TAMS 0x00000000a8200000, 0x00000000a8200000| Untracked 
|  97|0x00000000a8300000, 0x00000000a8300000, 0x00000000a8400000|  0%| F|  |TAMS 0x00000000a8300000, 0x00000000a8300000| Untracked 
|  98|0x00000000a8400000, 0x00000000a8400000, 0x00000000a8500000|  0%| F|  |TAMS 0x00000000a8400000, 0x00000000a8400000| Untracked 
|  99|0x00000000a8500000, 0x00000000a8500000, 0x00000000a8600000|  0%| F|  |TAMS 0x00000000a8500000, 0x00000000a8500000| Untracked 
| 100|0x00000000a8600000, 0x00000000a8600000, 0x00000000a8700000|  0%| F|  |TAMS 0x00000000a8600000, 0x00000000a8600000| Untracked 
| 101|0x00000000a8700000, 0x00000000a8700000, 0x00000000a8800000|  0%| F|  |TAMS 0x00000000a8700000, 0x00000000a8700000| Untracked 
| 102|0x00000000a8800000, 0x00000000a8800000, 0x00000000a8900000|  0%| F|  |TAMS 0x00000000a8800000, 0x00000000a8800000| Untracked 
| 103|0x00000000a8900000, 0x00000000a8900000, 0x00000000a8a00000|  0%| F|  |TAMS 0x00000000a8900000, 0x00000000a8900000| Untracked 
| 104|0x00000000a8a00000, 0x00000000a8a00000, 0x00000000a8b00000|  0%| F|  |TAMS 0x00000000a8a00000, 0x00000000a8a00000| Untracked 
| 105|0x00000000a8b00000, 0x00000000a8b00000, 0x00000000a8c00000|  0%| F|  |TAMS 0x00000000a8b00000, 0x00000000a8b00000| Untracked 
| 106|0x00000000a8c00000, 0x00000000a8c00000, 0x00000000a8d00000|  0%| F|  |TAMS 0x00000000a8c00000, 0x00000000a8c00000| Untracked 
| 107|0x00000000a8d00000, 0x00000000a8d00000, 0x00000000a8e00000|  0%| F|  |TAMS 0x00000000a8d00000, 0x00000000a8d00000| Untracked 
| 108|0x00000000a8e00000, 0x00000000a8e00000, 0x00000000a8f00000|  0%| F|  |TAMS 0x00000000a8e00000, 0x00000000a8e00000| Untracked 
| 109|0x00000000a8f00000, 0x00000000a8f00000, 0x00000000a9000000|  0%| F|  |TAMS 0x00000000a8f00000, 0x00000000a8f00000| Untracked 
| 110|0x00000000a9000000, 0x00000000a9000000, 0x00000000a9100000|  0%| F|  |TAMS 0x00000000a9000000, 0x00000000a9000000| Untracked 
| 111|0x00000000a9100000, 0x00000000a9100000, 0x00000000a9200000|  0%| F|  |TAMS 0x00000000a9100000, 0x00000000a9100000| Untracked 
| 112|0x00000000a9200000, 0x00000000a9200000, 0x00000000a9300000|  0%| F|  |TAMS 0x00000000a9200000, 0x00000000a9200000| Untracked 
| 113|0x00000000a9300000, 0x00000000a9300000, 0x00000000a9400000|  0%| F|  |TAMS 0x00000000a9300000, 0x00000000a9300000| Untracked 
| 114|0x00000000a9400000, 0x00000000a9400000, 0x00000000a9500000|  0%| F|  |TAMS 0x00000000a9400000, 0x00000000a9400000| Untracked 
| 115|0x00000000a9500000, 0x00000000a9500000, 0x00000000a9600000|  0%| F|  |TAMS 0x00000000a9500000, 0x00000000a9500000| Untracked 
| 116|0x00000000a9600000, 0x00000000a9600000, 0x00000000a9700000|  0%| F|  |TAMS 0x00000000a9600000, 0x00000000a9600000| Untracked 
| 117|0x00000000a9700000, 0x00000000a9700000, 0x00000000a9800000|  0%| F|  |TAMS 0x00000000a9700000, 0x00000000a9700000| Untracked 
| 118|0x00000000a9800000, 0x00000000a9800000, 0x00000000a9900000|  0%| F|  |TAMS 0x00000000a9800000, 0x00000000a9800000| Untracked 
| 119|0x00000000a9900000, 0x00000000a9900000, 0x00000000a9a00000|  0%| F|  |TAMS 0x00000000a9900000, 0x00000000a9900000| Untracked 
| 120|0x00000000a9a00000, 0x00000000a9a439d8, 0x00000000a9b00000| 26%| S|CS|TAMS 0x00000000a9a00000, 0x00000000a9a00000| Complete 
| 121|0x00000000a9b00000, 0x00000000a9b00000, 0x00000000a9c00000|  0%| F|  |TAMS 0x00000000a9b00000, 0x00000000a9b00000| Untracked 
| 122|0x00000000a9c00000, 0x00000000a9c00000, 0x00000000a9d00000|  0%| F|  |TAMS 0x00000000a9c00000, 0x00000000a9c00000| Untracked 
| 123|0x00000000a9d00000, 0x00000000a9d00000, 0x00000000a9e00000|  0%| F|  |TAMS 0x00000000a9d00000, 0x00000000a9d00000| Untracked 
| 124|0x00000000a9e00000, 0x00000000a9f00000, 0x00000000a9f00000|100%| S|CS|TAMS 0x00000000a9e00000, 0x00000000a9e00000| Complete 
| 125|0x00000000a9f00000, 0x00000000aa000000, 0x00000000aa000000|100%| S|CS|TAMS 0x00000000a9f00000, 0x00000000a9f00000| Complete 
| 126|0x00000000aa000000, 0x00000000aa000000, 0x00000000aa100000|  0%| F|  |TAMS 0x00000000aa000000, 0x00000000aa000000| Untracked 
| 127|0x00000000aa100000, 0x00000000aa100000, 0x00000000aa200000|  0%| F|  |TAMS 0x00000000aa100000, 0x00000000aa100000| Untracked 
| 128|0x00000000aa200000, 0x00000000aa200000, 0x00000000aa300000|  0%| F|  |TAMS 0x00000000aa200000, 0x00000000aa200000| Untracked 
| 129|0x00000000aa300000, 0x00000000aa300000, 0x00000000aa400000|  0%| F|  |TAMS 0x00000000aa300000, 0x00000000aa300000| Untracked 
| 130|0x00000000aa400000, 0x00000000aa400000, 0x00000000aa500000|  0%| F|  |TAMS 0x00000000aa400000, 0x00000000aa400000| Untracked 
| 131|0x00000000aa500000, 0x00000000aa500000, 0x00000000aa600000|  0%| F|  |TAMS 0x00000000aa500000, 0x00000000aa500000| Untracked 
| 132|0x00000000aa600000, 0x00000000aa600000, 0x00000000aa700000|  0%| F|  |TAMS 0x00000000aa600000, 0x00000000aa600000| Untracked 
| 133|0x00000000aa700000, 0x00000000aa700000, 0x00000000aa800000|  0%| F|  |TAMS 0x00000000aa700000, 0x00000000aa700000| Untracked 
| 134|0x00000000aa800000, 0x00000000aa800000, 0x00000000aa900000|  0%| F|  |TAMS 0x00000000aa800000, 0x00000000aa800000| Untracked 
| 135|0x00000000aa900000, 0x00000000aa900000, 0x00000000aaa00000|  0%| F|  |TAMS 0x00000000aa900000, 0x00000000aa900000| Untracked 
| 136|0x00000000aaa00000, 0x00000000aaa00000, 0x00000000aab00000|  0%| F|  |TAMS 0x00000000aaa00000, 0x00000000aaa00000| Untracked 
| 137|0x00000000aab00000, 0x00000000aab00000, 0x00000000aac00000|  0%| F|  |TAMS 0x00000000aab00000, 0x00000000aab00000| Untracked 
| 138|0x00000000aac00000, 0x00000000aac00000, 0x00000000aad00000|  0%| F|  |TAMS 0x00000000aac00000, 0x00000000aac00000| Untracked 
| 139|0x00000000aad00000, 0x00000000aad00000, 0x00000000aae00000|  0%| F|  |TAMS 0x00000000aad00000, 0x00000000aad00000| Untracked 
| 140|0x00000000aae00000, 0x00000000aae00000, 0x00000000aaf00000|  0%| F|  |TAMS 0x00000000aae00000, 0x00000000aae00000| Untracked 
| 141|0x00000000aaf00000, 0x00000000aaf00000, 0x00000000ab000000|  0%| F|  |TAMS 0x00000000aaf00000, 0x00000000aaf00000| Untracked 
| 142|0x00000000ab000000, 0x00000000ab000000, 0x00000000ab100000|  0%| F|  |TAMS 0x00000000ab000000, 0x00000000ab000000| Untracked 
| 143|0x00000000ab100000, 0x00000000ab180800, 0x00000000ab200000| 50%| E|  |TAMS 0x00000000ab100000, 0x00000000ab100000| Complete 
| 144|0x00000000ab200000, 0x00000000ab300000, 0x00000000ab300000|100%| E|CS|TAMS 0x00000000ab200000, 0x00000000ab200000| Complete 
| 145|0x00000000ab300000, 0x00000000ab400000, 0x00000000ab400000|100%| E|CS|TAMS 0x00000000ab300000, 0x00000000ab300000| Complete 
| 146|0x00000000ab400000, 0x00000000ab500000, 0x00000000ab500000|100%| E|CS|TAMS 0x00000000ab400000, 0x00000000ab400000| Complete 
| 147|0x00000000ab500000, 0x00000000ab600000, 0x00000000ab600000|100%| E|CS|TAMS 0x00000000ab500000, 0x00000000ab500000| Complete 
| 148|0x00000000ab600000, 0x00000000ab700000, 0x00000000ab700000|100%| E|CS|TAMS 0x00000000ab600000, 0x00000000ab600000| Complete 
| 149|0x00000000ab700000, 0x00000000ab800000, 0x00000000ab800000|100%| E|CS|TAMS 0x00000000ab700000, 0x00000000ab700000| Complete 
| 150|0x00000000ab800000, 0x00000000ab900000, 0x00000000ab900000|100%| E|CS|TAMS 0x00000000ab800000, 0x00000000ab800000| Complete 
| 151|0x00000000ab900000, 0x00000000aba00000, 0x00000000aba00000|100%| E|CS|TAMS 0x00000000ab900000, 0x00000000ab900000| Complete 
| 152|0x00000000aba00000, 0x00000000abb00000, 0x00000000abb00000|100%| E|CS|TAMS 0x00000000aba00000, 0x00000000aba00000| Complete 
| 153|0x00000000abb00000, 0x00000000abc00000, 0x00000000abc00000|100%| E|CS|TAMS 0x00000000abb00000, 0x00000000abb00000| Complete 
| 154|0x00000000abc00000, 0x00000000abd00000, 0x00000000abd00000|100%| E|CS|TAMS 0x00000000abc00000, 0x00000000abc00000| Complete 
| 155|0x00000000abd00000, 0x00000000abe00000, 0x00000000abe00000|100%| E|CS|TAMS 0x00000000abd00000, 0x00000000abd00000| Complete 
| 156|0x00000000abe00000, 0x00000000abf00000, 0x00000000abf00000|100%| E|CS|TAMS 0x00000000abe00000, 0x00000000abe00000| Complete 
| 157|0x00000000abf00000, 0x00000000ac000000, 0x00000000ac000000|100%| E|CS|TAMS 0x00000000abf00000, 0x00000000abf00000| Complete 
| 158|0x00000000ac000000, 0x00000000ac100000, 0x00000000ac100000|100%| E|CS|TAMS 0x00000000ac000000, 0x00000000ac000000| Complete 
| 159|0x00000000ac100000, 0x00000000ac200000, 0x00000000ac200000|100%| E|CS|TAMS 0x00000000ac100000, 0x00000000ac100000| Complete 
| 160|0x00000000ac200000, 0x00000000ac300000, 0x00000000ac300000|100%| E|CS|TAMS 0x00000000ac200000, 0x00000000ac200000| Complete 
| 161|0x00000000ac300000, 0x00000000ac400000, 0x00000000ac400000|100%| E|CS|TAMS 0x00000000ac300000, 0x00000000ac300000| Complete 
| 162|0x00000000ac400000, 0x00000000ac500000, 0x00000000ac500000|100%| E|CS|TAMS 0x00000000ac400000, 0x00000000ac400000| Complete 
| 163|0x00000000ac500000, 0x00000000ac600000, 0x00000000ac600000|100%| E|CS|TAMS 0x00000000ac500000, 0x00000000ac500000| Complete 
| 164|0x00000000ac600000, 0x00000000ac700000, 0x00000000ac700000|100%| E|CS|TAMS 0x00000000ac600000, 0x00000000ac600000| Complete 
| 165|0x00000000ac700000, 0x00000000ac800000, 0x00000000ac800000|100%| E|CS|TAMS 0x00000000ac700000, 0x00000000ac700000| Complete 
| 166|0x00000000ac800000, 0x00000000ac900000, 0x00000000ac900000|100%| E|CS|TAMS 0x00000000ac800000, 0x00000000ac800000| Complete 
| 167|0x00000000ac900000, 0x00000000aca00000, 0x00000000aca00000|100%| E|CS|TAMS 0x00000000ac900000, 0x00000000ac900000| Complete 
| 168|0x00000000aca00000, 0x00000000acb00000, 0x00000000acb00000|100%| E|CS|TAMS 0x00000000aca00000, 0x00000000aca00000| Complete 
| 169|0x00000000acb00000, 0x00000000acc00000, 0x00000000acc00000|100%| E|CS|TAMS 0x00000000acb00000, 0x00000000acb00000| Complete 
| 170|0x00000000acc00000, 0x00000000acd00000, 0x00000000acd00000|100%| E|CS|TAMS 0x00000000acc00000, 0x00000000acc00000| Complete 
| 171|0x00000000acd00000, 0x00000000ace00000, 0x00000000ace00000|100%| E|CS|TAMS 0x00000000acd00000, 0x00000000acd00000| Complete 
| 172|0x00000000ace00000, 0x00000000acf00000, 0x00000000acf00000|100%| E|CS|TAMS 0x00000000ace00000, 0x00000000ace00000| Complete 
| 173|0x00000000acf00000, 0x00000000ad000000, 0x00000000ad000000|100%| E|CS|TAMS 0x00000000acf00000, 0x00000000acf00000| Complete 
| 174|0x00000000ad000000, 0x00000000ad100000, 0x00000000ad100000|100%| E|CS|TAMS 0x00000000ad000000, 0x00000000ad000000| Complete 
| 175|0x00000000ad100000, 0x00000000ad200000, 0x00000000ad200000|100%| E|CS|TAMS 0x00000000ad100000, 0x00000000ad100000| Complete 
| 176|0x00000000ad200000, 0x00000000ad300000, 0x00000000ad300000|100%| E|CS|TAMS 0x00000000ad200000, 0x00000000ad200000| Complete 
| 177|0x00000000ad300000, 0x00000000ad400000, 0x00000000ad400000|100%| E|CS|TAMS 0x00000000ad300000, 0x00000000ad300000| Complete 
| 178|0x00000000ad400000, 0x00000000ad500000, 0x00000000ad500000|100%| E|CS|TAMS 0x00000000ad400000, 0x00000000ad400000| Complete 
| 179|0x00000000ad500000, 0x00000000ad600000, 0x00000000ad600000|100%| E|CS|TAMS 0x00000000ad500000, 0x00000000ad500000| Complete 
| 180|0x00000000ad600000, 0x00000000ad700000, 0x00000000ad700000|100%| E|CS|TAMS 0x00000000ad600000, 0x00000000ad600000| Complete 
| 182|0x00000000ad800000, 0x00000000ad900000, 0x00000000ad900000|100%| E|CS|TAMS 0x00000000ad800000, 0x00000000ad800000| Complete 
| 183|0x00000000ad900000, 0x00000000ada00000, 0x00000000ada00000|100%| E|CS|TAMS 0x00000000ad900000, 0x00000000ad900000| Complete 
| 184|0x00000000ada00000, 0x00000000adb00000, 0x00000000adb00000|100%| E|CS|TAMS 0x00000000ada00000, 0x00000000ada00000| Complete 

Card table byte_map: [0x0000025ac2510000,0x0000025ac2800000] _byte_map_base: 0x0000025ac1fff000

Marking Bits (Prev, Next): (CMBitMap*) 0x0000025aab3e9380, (CMBitMap*) 0x0000025aab3e93c0
 Prev Bits: [0x0000025ac2af0000, 0x0000025ac4268000)
 Next Bits: [0x0000025ac4270000, 0x0000025ac59e8000)

Polling page: 0x0000025aaab50000

Metaspace:

Usage:
  Non-class:     58.59 MB used.
      Class:      7.32 MB used.
       Both:     65.91 MB used.

Virtual space:
  Non-class space:       64.00 MB reserved,      59.00 MB ( 92%) committed,  1 nodes.
      Class space:        1.00 GB reserved,       7.75 MB ( <1%) committed,  1 nodes.
             Both:        1.06 GB reserved,      66.75 MB (  6%) committed. 

Chunk freelists:
   Non-Class:  224.00 KB
       Class:  112.00 KB
        Both:  336.00 KB

MaxMetaspaceSize: unlimited
CompressedClassSpaceSize: 1.00 GB
Initial GC threshold: 21.00 MB
Current GC threshold: 84.69 MB
CDS: on
MetaspaceReclaimPolicy: balanced
 - commit_granule_bytes: 65536.
 - commit_granule_words: 8192.
 - virtual_space_node_default_size: 8388608.
 - enlarge_chunks_in_place: 1.
 - new_chunks_are_fully_committed: 0.
 - uncommit_free_chunks: 1.
 - use_allocation_guard: 0.


Internal statistics:

num_allocs_failed_limit: 6.
num_arena_births: 1322.
num_arena_deaths: 0.
num_vsnodes_births: 2.
num_vsnodes_deaths: 0.
num_space_committed: 1066.
num_space_uncommitted: 0.
num_chunks_returned_to_freelist: 6.
num_chunks_taken_from_freelist: 3991.
num_chunk_merges: 6.
num_chunk_splits: 2935.
num_chunks_enlarged: 2258.
num_inconsistent_stats: 0.

CodeHeap 'non-profiled nmethods': size=120000Kb used=7792Kb max_used=7792Kb free=112207Kb
 bounds [0x0000025aba790000, 0x0000025abaf30000, 0x0000025ac1cc0000]
CodeHeap 'profiled nmethods': size=120000Kb used=35603Kb max_used=35603Kb free=84396Kb
 bounds [0x0000025ab3260000, 0x0000025ab5530000, 0x0000025aba790000]
CodeHeap 'non-nmethods': size=5760Kb used=1385Kb max_used=1434Kb free=4374Kb
 bounds [0x0000025ab2cc0000, 0x0000025ab2f30000, 0x0000025ab3260000]
 total_blobs=13485 nmethods=12782 adapters=613
 compilation: enabled
              stopped_count=0, restarted_count=0
 full_count=0

Compilation events (20 events):
Event: 107.254 Thread 0x0000025ac865b230 15930       3       org.jetbrains.kotlin.descriptors.impl.ClassConstructorDescriptorImpl::initialize (50 bytes)
Event: 107.255 Thread 0x0000025ac865b230 nmethod 15930 0x0000025ab54aeb10 code [0x0000025ab54aed00, 0x0000025ab54af0d8]
Event: 107.255 Thread 0x0000025ac865b230 15931       3       org.jetbrains.kotlin.descriptors.impl.ClassConstructorDescriptorImpl::calculateDispatchReceiverParameter (40 bytes)
Event: 107.255 Thread 0x0000025ac865b230 nmethod 15931 0x0000025ab54af210 code [0x0000025ab54af440, 0x0000025ab54afda8]
Event: 107.255 Thread 0x0000025ac865b230 15932       3       org.jetbrains.kotlin.descriptors.impl.ClassConstructorDescriptorImpl::calculateContextReceiverParameters (48 bytes)
Event: 107.256 Thread 0x0000025ac865b230 nmethod 15932 0x0000025ab54aff90 code [0x0000025ab54b01c0, 0x0000025ab54b09b8]
Event: 107.256 Thread 0x0000025ac865b230 15933       3       org.jetbrains.kotlin.ir.expressions.impl.IrGetValueImpl::accept (18 bytes)
Event: 107.257 Thread 0x0000025ac85ee950 15935       4       org.jetbrains.kotlin.ir.declarations.IrValueParameter::acceptChildren (25 bytes)
Event: 107.257 Thread 0x0000025ac865b230 nmethod 15933 0x0000025ab54b0b90 code [0x0000025ab54b0da0, 0x0000025ab54b1448]
Event: 107.257 Thread 0x0000025ac865b230 15934       3       org.jetbrains.kotlin.ir.util.PatchDeclarationParentsVisitor::visitExpression (6 bytes)
Event: 107.258 Thread 0x0000025ac85ee950 nmethod 15935 0x0000025abaf00290 code [0x0000025abaf00400, 0x0000025abaf004b8]
Event: 107.258 Thread 0x0000025ac865b230 nmethod 15934 0x0000025ab54b1710 code [0x0000025ab54b1a40, 0x0000025ab54b2ac8]
Event: 107.259 Thread 0x0000025ac85ee950 15936       4       org.jetbrains.kotlin.resolve.DescriptorToSourceUtils::getSourceFromDescriptor (72 bytes)
Event: 107.262 Thread 0x0000025ac85ee950 nmethod 15936 0x0000025abaf00590 code [0x0000025abaf00740, 0x0000025abaf00a08]
Event: 107.262 Thread 0x0000025ac85ee950 15937       4       org.jetbrains.kotlin.backend.common.serialization.mangle.descriptor.DescriptorExportCheckerVisitor::check (36 bytes)
Event: 107.263 Thread 0x0000025ac85ee950 nmethod 15937 0x0000025abaf00c90 code [0x0000025abaf00e20, 0x0000025abaf00f38]
Event: 107.263 Thread 0x0000025ac85ee950 15938       4       org.jetbrains.kotlin.backend.common.serialization.signature.IdSignatureDescriptor::composeSignature (41 bytes)
Event: 107.278 Thread 0x0000025ac85ee950 nmethod 15938 0x0000025abaf01110 code [0x0000025abaf01300, 0x0000025abaf01f28]
Event: 107.278 Thread 0x0000025ac85ee950 15939       4       org.jetbrains.kotlin.backend.common.serialization.signature.IdSignatureDescriptor$DescriptorBasedSignatureBuilder::visitClassDescriptor (91 bytes)
Event: 107.295 Thread 0x0000025ac85ee950 nmethod 15939 0x0000025abaf02490 code [0x0000025abaf026a0, 0x0000025abaf03148]

GC Heap History (20 events):
Event: 30.553 GC heap before
{Heap before GC invocations=19 (full 0):
 garbage-first heap   total 101376K, used 56873K [0x00000000a2200000, 0x0000000100000000)
  region size 1024K, 12 young (12288K), 1 survivors (1024K)
 Metaspace       used 51101K, committed 51904K, reserved 1114112K
  class space    used 6129K, committed 6528K, reserved 1048576K
}
Event: 30.561 GC heap after
{Heap after GC invocations=20 (full 0):
 garbage-first heap   total 101376K, used 47675K [0x00000000a2200000, 0x0000000100000000)
  region size 1024K, 2 young (2048K), 2 survivors (2048K)
 Metaspace       used 51101K, committed 51904K, reserved 1114112K
  class space    used 6129K, committed 6528K, reserved 1048576K
}
Event: 31.163 GC heap before
{Heap before GC invocations=20 (full 0):
 garbage-first heap   total 101376K, used 76347K [0x00000000a2200000, 0x0000000100000000)
  region size 1024K, 30 young (30720K), 2 survivors (2048K)
 Metaspace       used 51283K, committed 52032K, reserved 1114112K
  class space    used 6133K, committed 6528K, reserved 1048576K
}
Event: 31.189 GC heap after
{Heap after GC invocations=21 (full 0):
 garbage-first heap   total 189440K, used 52833K [0x00000000a2200000, 0x0000000100000000)
  region size 1024K, 4 young (4096K), 4 survivors (4096K)
 Metaspace       used 51283K, committed 52032K, reserved 1114112K
  class space    used 6133K, committed 6528K, reserved 1048576K
}
Event: 47.305 GC heap before
{Heap before GC invocations=22 (full 0):
 garbage-first heap   total 188416K, used 100961K [0x00000000a2200000, 0x0000000100000000)
  region size 1024K, 51 young (52224K), 4 survivors (4096K)
 Metaspace       used 52555K, committed 53376K, reserved 1114112K
  class space    used 6291K, committed 6720K, reserved 1048576K
}
Event: 47.360 GC heap after
{Heap after GC invocations=23 (full 0):
 garbage-first heap   total 188416K, used 61009K [0x00000000a2200000, 0x0000000100000000)
  region size 1024K, 7 young (7168K), 7 survivors (7168K)
 Metaspace       used 52555K, committed 53376K, reserved 1114112K
  class space    used 6291K, committed 6720K, reserved 1048576K
}
Event: 47.434 GC heap before
{Heap before GC invocations=23 (full 0):
 garbage-first heap   total 188416K, used 63057K [0x00000000a2200000, 0x0000000100000000)
  region size 1024K, 9 young (9216K), 7 survivors (7168K)
 Metaspace       used 52569K, committed 53376K, reserved 1114112K
  class space    used 6291K, committed 6720K, reserved 1048576K
}
Event: 47.603 GC heap after
{Heap after GC invocations=24 (full 0):
 garbage-first heap   total 188416K, used 61365K [0x00000000a2200000, 0x0000000100000000)
  region size 1024K, 1 young (1024K), 1 survivors (1024K)
 Metaspace       used 52569K, committed 53376K, reserved 1114112K
  class space    used 6291K, committed 6720K, reserved 1048576K
}
Event: 48.843 GC heap before
{Heap before GC invocations=24 (full 0):
 garbage-first heap   total 188416K, used 102325K [0x00000000a2200000, 0x0000000100000000)
  region size 1024K, 41 young (41984K), 1 survivors (1024K)
 Metaspace       used 53086K, committed 53824K, reserved 1114112K
  class space    used 6330K, committed 6720K, reserved 1048576K
}
Event: 48.862 GC heap after
{Heap after GC invocations=25 (full 0):
 garbage-first heap   total 188416K, used 64974K [0x00000000a2200000, 0x0000000100000000)
  region size 1024K, 5 young (5120K), 5 survivors (5120K)
 Metaspace       used 53086K, committed 53824K, reserved 1114112K
  class space    used 6330K, committed 6720K, reserved 1048576K
}
Event: 49.622 GC heap before
{Heap before GC invocations=25 (full 0):
 garbage-first heap   total 188416K, used 111054K [0x00000000a2200000, 0x0000000100000000)
  region size 1024K, 50 young (51200K), 5 survivors (5120K)
 Metaspace       used 53930K, committed 54720K, reserved 1114112K
  class space    used 6410K, committed 6848K, reserved 1048576K
}
Event: 49.635 GC heap after
{Heap after GC invocations=26 (full 0):
 garbage-first heap   total 188416K, used 66840K [0x00000000a2200000, 0x0000000100000000)
  region size 1024K, 2 young (2048K), 2 survivors (2048K)
 Metaspace       used 53930K, committed 54720K, reserved 1114112K
  class space    used 6410K, committed 6848K, reserved 1048576K
}
Event: 67.698 GC heap before
{Heap before GC invocations=26 (full 0):
 garbage-first heap   total 188416K, used 139544K [0x00000000a2200000, 0x0000000100000000)
  region size 1024K, 72 young (73728K), 2 survivors (2048K)
 Metaspace       used 59378K, committed 60160K, reserved 1114112K
  class space    used 6890K, committed 7296K, reserved 1048576K
}
Event: 67.745 GC heap after
{Heap after GC invocations=27 (full 0):
 garbage-first heap   total 188416K, used 75546K [0x00000000a2200000, 0x0000000100000000)
  region size 1024K, 9 young (9216K), 9 survivors (9216K)
 Metaspace       used 59378K, committed 60160K, reserved 1114112K
  class space    used 6890K, committed 7296K, reserved 1048576K
}
Event: 80.310 GC heap before
{Heap before GC invocations=27 (full 0):
 garbage-first heap   total 188416K, used 142106K [0x00000000a2200000, 0x0000000100000000)
  region size 1024K, 72 young (73728K), 9 survivors (9216K)
 Metaspace       used 60404K, committed 61248K, reserved 1114112K
  class space    used 6937K, committed 7360K, reserved 1048576K
}
Event: 80.369 GC heap after
{Heap after GC invocations=28 (full 0):
 garbage-first heap   total 188416K, used 83608K [0x00000000a2200000, 0x0000000100000000)
  region size 1024K, 6 young (6144K), 6 survivors (6144K)
 Metaspace       used 60404K, committed 61248K, reserved 1114112K
  class space    used 6937K, committed 7360K, reserved 1048576K
}
Event: 97.184 GC heap before
{Heap before GC invocations=28 (full 0):
 garbage-first heap   total 188416K, used 145048K [0x00000000a2200000, 0x0000000100000000)
  region size 1024K, 66 young (67584K), 6 survivors (6144K)
 Metaspace       used 61048K, committed 61824K, reserved 1114112K
  class space    used 6946K, committed 7360K, reserved 1048576K
}
Event: 97.209 GC heap after
{Heap after GC invocations=29 (full 0):
 garbage-first heap   total 188416K, used 89697K [0x00000000a2200000, 0x0000000100000000)
  region size 1024K, 6 young (6144K), 6 survivors (6144K)
 Metaspace       used 61048K, committed 61824K, reserved 1114112K
  class space    used 6946K, committed 7360K, reserved 1048576K
}
Event: 106.016 GC heap before
{Heap before GC invocations=29 (full 0):
 garbage-first heap   total 188416K, used 149089K [0x00000000a2200000, 0x0000000100000000)
  region size 1024K, 64 young (65536K), 6 survivors (6144K)
 Metaspace       used 62966K, committed 63744K, reserved 1114112K
  class space    used 7102K, committed 7488K, reserved 1048576K
}
Event: 106.037 GC heap after
{Heap after GC invocations=30 (full 0):
 garbage-first heap   total 188416K, used 91549K [0x00000000a2200000, 0x0000000100000000)
  region size 1024K, 3 young (3072K), 3 survivors (3072K)
 Metaspace       used 62966K, committed 63744K, reserved 1114112K
  class space    used 7102K, committed 7488K, reserved 1048576K
}

Deoptimization events (20 events):
Event: 106.943 Thread 0x0000025aab3991d0 Uncommon trap: trap_request=0xffffffde fr.pc=0x0000025abaa94d20 relative=0x00000000000004a0
Event: 106.943 Thread 0x0000025aab3991d0 Uncommon trap: reason=class_check action=maybe_recompile pc=0x0000025abaa94d20 method=kotlin.collections.CollectionsKt___CollectionsKt.toSet(Ljava/lang/Iterable;)Ljava/util/Set; @ 58 c2
Event: 106.943 Thread 0x0000025aab3991d0 DEOPT PACKING pc=0x0000025abaa94d20 sp=0x000000866a0fd620
Event: 106.943 Thread 0x0000025aab3991d0 DEOPT UNPACKING pc=0x0000025ab2d123a3 sp=0x000000866a0fd600 mode 2
Event: 106.944 Thread 0x0000025aab3991d0 Uncommon trap: trap_request=0xffffffde fr.pc=0x0000025abaa94d20 relative=0x00000000000004a0
Event: 106.944 Thread 0x0000025aab3991d0 Uncommon trap: reason=class_check action=maybe_recompile pc=0x0000025abaa94d20 method=kotlin.collections.CollectionsKt___CollectionsKt.toSet(Ljava/lang/Iterable;)Ljava/util/Set; @ 58 c2
Event: 106.944 Thread 0x0000025aab3991d0 DEOPT PACKING pc=0x0000025abaa94d20 sp=0x000000866a0fd930
Event: 106.944 Thread 0x0000025aab3991d0 DEOPT UNPACKING pc=0x0000025ab2d123a3 sp=0x000000866a0fd910 mode 2
Event: 107.137 Thread 0x0000025aab3991d0 Uncommon trap: trap_request=0xffffffc6 fr.pc=0x0000025abaea45f8 relative=0x0000000000000238
Event: 107.137 Thread 0x0000025aab3991d0 Uncommon trap: reason=bimorphic_or_optimized_type_check action=maybe_recompile pc=0x0000025abaea45f8 method=kotlin.collections.CollectionsKt___CollectionsKt.singleOrNull(Ljava/lang/Iterable;)Ljava/lang/Object; @ 31 c2
Event: 107.137 Thread 0x0000025aab3991d0 DEOPT PACKING pc=0x0000025abaea45f8 sp=0x000000866a0fbe40
Event: 107.137 Thread 0x0000025aab3991d0 DEOPT UNPACKING pc=0x0000025ab2d123a3 sp=0x000000866a0fbdc8 mode 2
Event: 107.138 Thread 0x0000025aab3991d0 Uncommon trap: trap_request=0xffffffc6 fr.pc=0x0000025abaea45f8 relative=0x0000000000000238
Event: 107.138 Thread 0x0000025aab3991d0 Uncommon trap: reason=bimorphic_or_optimized_type_check action=maybe_recompile pc=0x0000025abaea45f8 method=kotlin.collections.CollectionsKt___CollectionsKt.singleOrNull(Ljava/lang/Iterable;)Ljava/lang/Object; @ 31 c2
Event: 107.138 Thread 0x0000025aab3991d0 DEOPT PACKING pc=0x0000025abaea45f8 sp=0x000000866a0fbe40
Event: 107.138 Thread 0x0000025aab3991d0 DEOPT UNPACKING pc=0x0000025ab2d123a3 sp=0x000000866a0fbdc8 mode 2
Event: 107.145 Thread 0x0000025aab3991d0 Uncommon trap: trap_request=0xffffff45 fr.pc=0x0000025abaeee63c relative=0x000000000000027c
Event: 107.145 Thread 0x0000025aab3991d0 Uncommon trap: reason=unstable_if action=reinterpret pc=0x0000025abaeee63c method=org.jetbrains.kotlin.backend.common.serialization.mangle.descriptor.DescriptorExportCheckerVisitor.isExported(Lorg/jetbrains/kotlin/descriptors/DeclarationDescriptorNonRoot;
Event: 107.145 Thread 0x0000025aab3991d0 DEOPT PACKING pc=0x0000025abaeee63c sp=0x000000866a0fcaa0
Event: 107.145 Thread 0x0000025aab3991d0 DEOPT UNPACKING pc=0x0000025ab2d123a3 sp=0x000000866a0fca48 mode 2

Classes loaded (20 events):
Event: 20.928 Loading class java/util/stream/SortedOps$AbstractRefSortingSink done
Event: 20.928 Loading class java/util/stream/SortedOps$RefSortingSink done
Event: 21.005 Loading class java/util/HashMap$EntrySpliterator
Event: 21.007 Loading class java/util/HashMap$EntrySpliterator done
Event: 59.054 Loading class jdk/internal/math/FloatingDecimal$ASCIIToBinaryBuffer
Event: 59.062 Loading class jdk/internal/math/FloatingDecimal$ASCIIToBinaryBuffer done
Event: 64.431 Loading class java/util/concurrent/locks/AbstractQueuedSynchronizer$Node
Event: 64.438 Loading class java/util/concurrent/locks/AbstractQueuedSynchronizer$Node done
Event: 97.663 Loading class java/lang/Short$ShortCache
Event: 98.061 Loading class java/lang/Short$ShortCache done
Event: 105.796 Loading class java/text/MessageFormat
Event: 105.798 Loading class java/text/MessageFormat done
Event: 105.821 Loading class jdk/internal/reflect/MethodHandleBooleanFieldAccessorImpl
Event: 105.822 Loading class jdk/internal/reflect/MethodHandleBooleanFieldAccessorImpl done
Event: 105.895 Loading class java/text/ChoiceFormat
Event: 105.896 Loading class java/text/ChoiceFormat done
Event: 105.921 Loading class java/lang/invoke/DirectMethodHandle$1
Event: 105.921 Loading class java/lang/invoke/DirectMethodHandle$1 done
Event: 105.947 Loading class java/text/MessageFormat$Field
Event: 105.950 Loading class java/text/MessageFormat$Field done

Classes unloaded (0 events):
No events

Classes redefined (0 events):
No events

Internal exceptions (20 events):
Event: 48.455 Thread 0x0000025aab3991d0 Implicit null exception at 0x0000025aba9bbd84 to 0x0000025aba9bf324
Event: 48.455 Thread 0x0000025aab3991d0 Implicit null exception at 0x0000025aba9bbd84 to 0x0000025aba9bf324
Event: 48.455 Thread 0x0000025aab3991d0 Implicit null exception at 0x0000025aba9bbd84 to 0x0000025aba9bf324
Event: 48.455 Thread 0x0000025aab3991d0 Implicit null exception at 0x0000025aba9bbd84 to 0x0000025aba9bf324
Event: 48.455 Thread 0x0000025aab3991d0 Implicit null exception at 0x0000025aba9895f5 to 0x0000025aba98ea0c
Event: 49.323 Thread 0x0000025aab3991d0 Exception <a 'java/lang/NoSuchMethodError'{0x00000000ab6ffb00}: 'java.lang.Object java.lang.invoke.Invokers$Holder.linkToTargetMethod(java.lang.Object, java.lang.Object, java.lang.Object, java.lang.Object, java.lang.Object, java.lang.Object, java.lang.Object)'> (0x00000000ab6ffb00) 
thrown [s\open\src\hotspot\share\interpreter\linkResolver.cpp, line 759]
Event: 57.458 Thread 0x0000025aab3991d0 Exception <a 'java/lang/NoSuchMethodError'{0x00000000acfd34a0}: 'int java.lang.invoke.DirectMethodHandle$Holder.invokeStaticInit(java.lang.Object, int)'> (0x00000000acfd34a0) 
thrown [s\open\src\hotspot\share\interpreter\linkResolver.cpp, line 759]
Event: 57.695 Thread 0x0000025aab3991d0 Exception <a 'java/lang/NoSuchMethodError'{0x00000000acebc5e0}: 'java.lang.Object java.lang.invoke.DirectMethodHandle$Holder.invokeInterface(java.lang.Object, java.lang.Object, java.lang.Object)'> (0x00000000acebc5e0) 
thrown [s\open\src\hotspot\share\interpreter\linkResolver.cpp, line 759]
Event: 57.705 Thread 0x0000025aab3991d0 Exception <a 'java/lang/IncompatibleClassChangeError'{0x00000000acebff48}: Found class java.lang.Object, but interface was expected> (0x00000000acebff48) 
thrown [s\open\src\hotspot\share\interpreter\linkResolver.cpp, line 826]
Event: 59.308 Thread 0x0000025aab3991d0 Implicit null exception at 0x0000025aba7aadd2 to 0x0000025aba7ab2c8
Event: 59.388 Thread 0x0000025aab3991d0 Implicit null exception at 0x0000025aba7ad752 to 0x0000025aba7adc3c
Event: 64.829 Thread 0x0000025aab3991d0 Implicit null exception at 0x0000025abab2521e to 0x0000025abab254cc
Event: 67.656 Thread 0x0000025aab3991d0 Implicit null exception at 0x0000025aba81085a to 0x0000025aba810b18
Event: 67.955 Thread 0x0000025aab3991d0 Exception <a 'java/lang/NoSuchMethodError'{0x00000000ad526170}: 'void java.lang.invoke.DirectMethodHandle$Holder.invokeStatic(java.lang.Object, java.lang.Object, java.lang.Object)'> (0x00000000ad526170) 
thrown [s\open\src\hotspot\share\interpreter\linkResolver.cpp, line 759]
Event: 98.987 Thread 0x0000025aab3991d0 Implicit null exception at 0x0000025aba8579f1 to 0x0000025aba857bdc
Event: 105.705 Thread 0x0000025aab3991d0 Implicit null exception at 0x0000025ababd0333 to 0x0000025ababd0494
Event: 105.822 Thread 0x0000025aab3991d0 Exception <a 'java/lang/NoSuchMethodError'{0x00000000aa3c6c40}: 'int java.lang.invoke.Invokers$Holder.invokeExact_MT(java.lang.Object, java.lang.Object, java.lang.Object)'> (0x00000000aa3c6c40) 
thrown [s\open\src\hotspot\share\interpreter\linkResolver.cpp, line 759]
Event: 105.832 Thread 0x0000025aab3991d0 Exception <a 'java/lang/NoSuchMethodError'{0x00000000aa3cb708}: 'void java.lang.invoke.Invokers$Holder.invokeExact_MT(java.lang.Object, java.lang.Object, java.lang.Object, java.lang.Object)'> (0x00000000aa3cb708) 
thrown [s\open\src\hotspot\share\interpreter\linkResolver.cpp, line 759]
Event: 105.888 Thread 0x0000025aab3991d0 Exception <a 'java/lang/NoSuchMethodError'{0x00000000aa2daca0}: 'java.lang.Object java.lang.invoke.DirectMethodHandle$Holder.invokeStaticInit(java.lang.Object, java.lang.Object, java.lang.Object, java.lang.Object)'> (0x00000000aa2daca0) 
thrown [s\open\src\hotspot\share\interpreter\linkResolver.cpp, line 759]
Event: 106.421 Thread 0x0000025aab3991d0 Exception <a 'java/lang/NoSuchMethodError'{0x00000000acf0be80}: 'int java.lang.invoke.DirectMethodHandle$Holder.invokeStaticInit(java.lang.Object, java.lang.Object, java.lang.Object, java.lang.Object)'> (0x00000000acf0be80) 
thrown [s\open\src\hotspot\share\interpreter\linkResolver.cpp, line 759]

VM Operations (20 events):
Event: 105.667 Executing VM operation: ICBufferFull
Event: 105.668 Executing VM operation: ICBufferFull done
Event: 105.946 Executing VM operation: HandshakeAllThreads
Event: 105.946 Executing VM operation: HandshakeAllThreads done
Event: 106.016 Executing VM operation: G1CollectForAllocation
Event: 106.037 Executing VM operation: G1CollectForAllocation done
Event: 106.294 Executing VM operation: HandshakeAllThreads
Event: 106.294 Executing VM operation: HandshakeAllThreads done
Event: 106.294 Executing VM operation: HandshakeAllThreads
Event: 106.294 Executing VM operation: HandshakeAllThreads done
Event: 106.298 Executing VM operation: HandshakeAllThreads
Event: 106.299 Executing VM operation: HandshakeAllThreads done
Event: 106.522 Executing VM operation: ICBufferFull
Event: 106.523 Executing VM operation: ICBufferFull done
Event: 106.722 Executing VM operation: HandshakeAllThreads
Event: 106.722 Executing VM operation: HandshakeAllThreads done
Event: 106.899 Executing VM operation: ICBufferFull
Event: 106.899 Executing VM operation: ICBufferFull done
Event: 107.187 Executing VM operation: ICBufferFull
Event: 107.187 Executing VM operation: ICBufferFull done

Events (20 events):
Event: 106.329 Thread 0x0000025ac865e750 flushing nmethod 0x0000025ab494c510
Event: 106.330 Thread 0x0000025ac865e750 flushing nmethod 0x0000025ab49af890
Event: 106.330 Thread 0x0000025ac865e750 flushing nmethod 0x0000025ab49fa490
Event: 106.330 Thread 0x0000025ac865e750 flushing nmethod 0x0000025ab4a5d890
Event: 106.330 Thread 0x0000025ac865e750 flushing nmethod 0x0000025ab4a73110
Event: 106.331 Thread 0x0000025ac865e750 flushing nmethod 0x0000025ab4b63890
Event: 106.332 Thread 0x0000025ac865e750 flushing nmethod 0x0000025ab4be5010
Event: 106.332 Thread 0x0000025ac865e750 flushing nmethod 0x0000025ab4c1bb10
Event: 106.332 Thread 0x0000025ac865e750 flushing nmethod 0x0000025ab4c33010
Event: 106.333 Thread 0x0000025ac865e750 flushing nmethod 0x0000025ab4d00690
Event: 106.334 Thread 0x0000025ac865e750 flushing nmethod 0x0000025ab4d6d690
Event: 106.334 Thread 0x0000025ac865e750 flushing nmethod 0x0000025ab4e1a490
Event: 106.334 Thread 0x0000025ac865e750 flushing nmethod 0x0000025ab4e34b10
Event: 106.335 Thread 0x0000025ac865e750 flushing nmethod 0x0000025ab4f1be90
Event: 106.336 Thread 0x0000025ac865e750 flushing nmethod 0x0000025ab4f37090
Event: 106.337 Thread 0x0000025ac865e750 flushing nmethod 0x0000025ab5137a90
Event: 106.338 Thread 0x0000025ac865e750 flushing nmethod 0x0000025ab518af10
Event: 106.338 Thread 0x0000025ac865e750 flushing nmethod 0x0000025ab5190d90
Event: 106.667 Thread 0x0000025ace252a00 Thread exited: 0x0000025ace252a00
Event: 106.975 Thread 0x0000025ace24d900 Thread added: 0x0000025ace24d900


Dynamic libraries:
0x00007ff671eb0000 - 0x00007ff671ebe000 	C:\Program Files\Java\jdk-18.0.2.1\bin\java.exe
0x00007ffe2be70000 - 0x00007ffe2c084000 	C:\WINDOWS\SYSTEM32\ntdll.dll
0x00007ffe2a750000 - 0x00007ffe2a814000 	C:\WINDOWS\System32\KERNEL32.DLL
0x00007ffe294f0000 - 0x00007ffe29894000 	C:\WINDOWS\System32\KERNELBASE.dll
0x00007ffe299c0000 - 0x00007ffe29ad1000 	C:\WINDOWS\System32\ucrtbase.dll
0x00007ffe0f560000 - 0x00007ffe0f577000 	C:\Program Files\Java\jdk-18.0.2.1\bin\jli.dll
0x00007ffe2a8e0000 - 0x00007ffe2aa8e000 	C:\WINDOWS\System32\USER32.dll
0x00007ffe294c0000 - 0x00007ffe294e6000 	C:\WINDOWS\System32\win32u.dll
0x00007ffe2b2e0000 - 0x00007ffe2b309000 	C:\WINDOWS\System32\GDI32.dll
0x00007ffe298a0000 - 0x00007ffe299b8000 	C:\WINDOWS\System32\gdi32full.dll
0x00007ffe29b60000 - 0x00007ffe29bfa000 	C:\WINDOWS\System32\msvcp_win.dll
0x00007ffe0bb80000 - 0x00007ffe0be13000 	C:\WINDOWS\WinSxS\amd64_microsoft.windows.common-controls_6595b64144ccf1df_6.0.22621.2215_none_270d72677387dfc3\COMCTL32.dll
0x00007ffe2a830000 - 0x00007ffe2a8d7000 	C:\WINDOWS\System32\msvcrt.dll
0x00007ffe0f580000 - 0x00007ffe0f59a000 	C:\Program Files\Java\jdk-18.0.2.1\bin\VCRUNTIME140.dll
0x00007ffe2a430000 - 0x00007ffe2a461000 	C:\WINDOWS\System32\IMM32.DLL
0x00007ffe1bf20000 - 0x00007ffe1bf2c000 	C:\Program Files\Java\jdk-18.0.2.1\bin\vcruntime140_1.dll
0x00007ffe0f4d0000 - 0x00007ffe0f55d000 	C:\Program Files\Java\jdk-18.0.2.1\bin\msvcp140.dll
0x00007ffd69170000 - 0x00007ffd69d81000 	C:\Program Files\Java\jdk-18.0.2.1\bin\server\jvm.dll
0x00007ffe2a690000 - 0x00007ffe2a740000 	C:\WINDOWS\System32\ADVAPI32.dll
0x00007ffe2b0e0000 - 0x00007ffe2b186000 	C:\WINDOWS\System32\sechost.dll
0x00007ffe2a470000 - 0x00007ffe2a587000 	C:\WINDOWS\System32\RPCRT4.dll
0x00007ffe2a740000 - 0x00007ffe2a748000 	C:\WINDOWS\System32\PSAPI.DLL
0x00007ffe221b0000 - 0x00007ffe221e4000 	C:\WINDOWS\SYSTEM32\WINMM.dll
0x00007ffe13530000 - 0x00007ffe13539000 	C:\WINDOWS\SYSTEM32\WSOCK32.dll
0x00007ffe2b6a0000 - 0x00007ffe2b711000 	C:\WINDOWS\System32\WS2_32.dll
0x00007ffe22b50000 - 0x00007ffe22b5a000 	C:\WINDOWS\SYSTEM32\VERSION.dll
0x00007ffe28270000 - 0x00007ffe28288000 	C:\WINDOWS\SYSTEM32\kernel.appcore.dll
0x00007ffe0f4c0000 - 0x00007ffe0f4ca000 	C:\Program Files\Java\jdk-18.0.2.1\bin\jimage.dll
0x00007ffe26cc0000 - 0x00007ffe26eee000 	C:\WINDOWS\SYSTEM32\DBGHELP.DLL
0x00007ffe2b310000 - 0x00007ffe2b69a000 	C:\WINDOWS\System32\combase.dll
0x00007ffe2bd50000 - 0x00007ffe2be27000 	C:\WINDOWS\System32\OLEAUT32.dll
0x00007ffe19350000 - 0x00007ffe19382000 	C:\WINDOWS\SYSTEM32\dbgcore.DLL
0x00007ffe29ae0000 - 0x00007ffe29b5a000 	C:\WINDOWS\System32\bcryptPrimitives.dll
0x00007ffdeaa40000 - 0x00007ffdeaa65000 	C:\Program Files\Java\jdk-18.0.2.1\bin\java.dll
0x00007ffddeee0000 - 0x00007ffddefb6000 	C:\Program Files\Java\jdk-18.0.2.1\bin\jsvml.dll
0x00007ffe29c00000 - 0x00007ffe2a423000 	C:\WINDOWS\System32\SHELL32.dll
0x00007ffe271b0000 - 0x00007ffe27a9a000 	C:\WINDOWS\SYSTEM32\windows.storage.dll
0x00007ffe27070000 - 0x00007ffe271ae000 	C:\WINDOWS\SYSTEM32\wintypes.dll
0x00007ffe2b990000 - 0x00007ffe2ba83000 	C:\WINDOWS\System32\SHCORE.dll
0x00007ffe2ab20000 - 0x00007ffe2ab7e000 	C:\WINDOWS\System32\shlwapi.dll
0x00007ffe29150000 - 0x00007ffe29176000 	C:\WINDOWS\SYSTEM32\profapi.dll
0x00007ffe0b2b0000 - 0x00007ffe0b2c3000 	C:\Program Files\Java\jdk-18.0.2.1\bin\net.dll
0x00007ffe22070000 - 0x00007ffe221a7000 	C:\WINDOWS\SYSTEM32\WINHTTP.dll
0x00007ffe286f0000 - 0x00007ffe28759000 	C:\WINDOWS\system32\mswsock.dll
0x00007ffdea980000 - 0x00007ffdea996000 	C:\Program Files\Java\jdk-18.0.2.1\bin\nio.dll
0x00007ffde75b0000 - 0x00007ffde75c8000 	C:\Program Files\Java\jdk-18.0.2.1\bin\zip.dll
0x00007ffe0f4b0000 - 0x00007ffe0f4c0000 	C:\Program Files\Java\jdk-18.0.2.1\bin\verify.dll

dbghelp: loaded successfully - version: 4.0.5 - missing functions: none
symbol engine: initialized successfully - sym options: 0x614 - pdb path: .;C:\Program Files\Java\jdk-18.0.2.1\bin;C:\WINDOWS\SYSTEM32;C:\WINDOWS\WinSxS\amd64_microsoft.windows.common-controls_6595b64144ccf1df_6.0.22621.2215_none_270d72677387dfc3;C:\Program Files\Java\jdk-18.0.2.1\bin\server

VM Arguments:
java_command: org.jetbrains.kotlin.cli.jvm.K2JVMCompiler @C:\Users\Lucas\OneDrive\Ambiente de Trabalho\Lucas Dev\Lucas Mobile\Projetos Portfolio\CLI Projetos\Fittin\node_modules\react-native-screens\android\build\20231024_3481845719620876071.compiler.options
java_class_path (initial): C:\Users\Lucas\.gradle\caches\modules-2\files-2.1\org.jetbrains.kotlin\kotlin-compiler-embeddable\1.6.21\97bdd5a752ce73b58ef16c17bc7f0ea2faff7a2e\kotlin-compiler-embeddable-1.6.21.jar;C:\Users\Lucas\.gradle\caches\modules-2\files-2.1\org.jetbrains.kotlin\kotlin-reflect\1.6.21\5dc3574d9b7bebfcb4ec6b10ada4aaa9e140bd0b\kotlin-reflect-1.6.21.jar;C:\Users\Lucas\.gradle\caches\modules-2\files-2.1\org.jetbrains.kotlin\kotlin-stdlib\1.6.21\11ef67f1900634fd951bad28c53ec957fabbe5b8\kotlin-stdlib-1.6.21.jar;C:\Users\Lucas\.gradle\caches\modules-2\files-2.1\org.jetbrains.kotlin\kotlin-script-runtime\1.6.21\99c6675100da5d6d5b1c5a1032f27f28008d101b\kotlin-script-runtime-1.6.21.jar;C:\Users\Lucas\.gradle\caches\modules-2\files-2.1\org.jetbrains.kotlin\kotlin-daemon-embeddable\1.6.21\46b78cf392e1c4f10854c3cadba44abb7b82250f\kotlin-daemon-embeddable-1.6.21.jar;C:\Users\Lucas\.gradle\caches\modules-2\files-2.1\org.jetbrains.intellij.deps\trove4j\1.0.20200330\3afb14d5f9ceb459d724e907a21145e8ff394f02\trove4j-1.0.20200330.jar;C:\Users\Lucas\.gradle\caches\modules-2\files-2.1\net.java.dev.jna\jna\5.6.0\330f2244e9030119ab3030fc3fededc86713d9cc\jna-5.6.0.jar;C:\Users\Lucas\.gradle\caches\modules-2\files-2.1\org.jetbrains.kotlin\kotlin-stdlib-common\1.6.21\5e5b55c26dbc80372a920aef60eb774b714559b8\kotlin-stdlib-common-1.6.21.jar;C:\Users\Lucas\.gradle\caches\modules-2\files-2.1\org.jetbrains\annotations\13.0\919f0dfe192fb4e063e7dacadee7f8bb9a2672a9\annotations-13.0.jar
Launcher Type: SUN_STANDARD

[Global flags]
     intx CICompilerCount                          = 4                                         {product} {ergonomic}
     uint ConcGCThreads                            = 3                                         {product} {ergonomic}
     uint G1ConcRefinementThreads                  = 10                                        {product} {ergonomic}
   size_t G1HeapRegionSize                         = 1048576                                   {product} {ergonomic}
    uintx GCDrainStackTargetSize                   = 64                                        {product} {ergonomic}
   size_t InitialHeapSize                          = 98566144                                  {product} {ergonomic}
   size_t MarkStackSize                            = 4194304                                   {product} {ergonomic}
   size_t MaxHeapSize                              = 1574961152                                {product} {ergonomic}
   size_t MaxNewSize                               = 944766976                                 {product} {ergonomic}
   size_t MinHeapDeltaBytes                        = 1048576                                   {product} {ergonomic}
   size_t MinHeapSize                              = 8388608                                   {product} {ergonomic}
    uintx NonNMethodCodeHeapSize                   = 5839372                                {pd product} {ergonomic}
    uintx NonProfiledCodeHeapSize                  = 122909434                              {pd product} {ergonomic}
    uintx ProfiledCodeHeapSize                     = 122909434                              {pd product} {ergonomic}
    uintx ReservedCodeCacheSize                    = 251658240                              {pd product} {ergonomic}
     bool SegmentedCodeCache                       = true                                      {product} {ergonomic}
   size_t SoftMaxHeapSize                          = 1574961152                             {manageable} {ergonomic}
     bool UseCompressedClassPointers               = true                           {product lp64_product} {ergonomic}
     bool UseCompressedOops                        = true                           {product lp64_product} {ergonomic}
     bool UseG1GC                                  = true                                      {product} {ergonomic}
     bool UseLargePagesIndividualAllocation        = false                                  {pd product} {ergonomic}

Logging:
Log output configuration:
 #0: stdout all=warning uptime,level,tags foldmultilines=false
 #1: stderr all=off uptime,level,tags foldmultilines=false

Environment Variables:
JAVA_HOME=C:\Program Files\Java\jdk-18.0.2.1\
CLASSPATH=C:\Users\Lucas\OneDrive\Ambiente de Trabalho\Lucas Dev\Lucas Mobile\Projetos Portfolio\CLI Projetos\Fittin\android\\gradle\wrapper\gradle-wrapper.jar
PATH=C:\Users\Lucas\OneDrive\Ambiente de Trabalho\Lucas Dev\Lucas Mobile\Projetos Portfolio\CLI Projetos\Fittin\android\node_modules\.bin;C:\Users\Lucas\OneDrive\Ambiente de Trabalho\Lucas Dev\Lucas Mobile\Projetos Portfolio\CLI Projetos\Fittin\node_modules\.bin;C:\Users\Lucas\OneDrive\Ambiente de Trabalho\Lucas Dev\Lucas Mobile\Projetos Portfolio\CLI Projetos\node_modules\.bin;C:\Users\Lucas\OneDrive\Ambiente de Trabalho\Lucas Dev\Lucas Mobile\Projetos Portfolio\node_modules\.bin;C:\Users\Lucas\OneDrive\Ambiente de Trabalho\Lucas Dev\Lucas Mobile\node_modules\.bin;C:\Users\Lucas\OneDrive\Ambiente de Trabalho\Lucas Dev\node_modules\.bin;C:\Users\Lucas\OneDrive\Ambiente de Trabalho\node_modules\.bin;C:\Users\Lucas\OneDrive\node_modules\.bin;C:\Users\Lucas\node_modules\.bin;C:\Users\node_modules\.bin;C:\node_modules\.bin;C:\Program Files\nodejs;C:\Users\Lucas\AppData\Local\Temp\yarn--1698197560497-0.7210400858455506;C:\Users\Lucas\OneDrive\Ambiente de Trabalho\Lucas Dev\Lucas Mobile\Projetos Portfolio\CLI Projetos\Fittin\node_modules\.bin;C:\Users\Lucas\AppData\Local\Yarn\Data\link\node_modules\.bin;C:\Program Files\libexec\lib\node_modules\npm\bin\node-gyp-bin;C:\Program Files\lib\node_modules\npm\bin\node-gyp-bin;C:\Program Files\nodejs\node_modules\npm\bin\node-gyp-bin;C:\Python311\Scripts\;C:\Python311\;C:\Program Files\Eclipse Adoptium\jdk-11.0.17.8-hotspot\bin;C:\Python27\;C:\Python27\Scripts;C:\WINDOWS\system32;C:\WINDOWS;C:\WINDOWS\System32\Wbem;C:\WINDOWS\System32\WindowsPowerShell\v1.0\;C:\WINDOWS\System32\OpenSSH\;C:\ProgramData\chocolatey\bin;C:\Program Files\Git\cmd;C:\Program Files (x86)\Yarn\bin\;C:\Program Files\MongoDB\Server\6.0\bin;C:\mongosh-1.6.1\bin;C:\Program Files\SafeNet\Authentication\SAC\x64;C:\Program Files\SafeNet\Authentication\SAC\x32;C:\Program Files\nodejs\;C:\Users\Lucas\watchman\watchman-v2023.01.09.00-windows\bin;C:\Python27\;C:\Python27\Scripts;C:\Python311\Scripts\;C:\Python311\;C:\WINDOWS\system32;C:\WINDOWS;C:\WINDOWS\System32\Wbem;C:\WINDOWS\System32\WindowsPowerShell\v1.0\;C:\WINDOWS\System32\OpenSSH\;C:\Program Files\nodejs\;C:\ProgramData\chocolatey\bin;C:\Program Files\Git\cmd;C:\Program Files (x86)\Yarn\bin\;C:\Users\Lucas\AppData\Local\Microsoft\WindowsApps;C:\Users\Lucas\AppData\Local\Programs\Microsoft VS Code\bin;C:\Users\Lucas\AppData\Local\GitHubDesktop\bin;C:\Users\Lucas\AppData\Local\Yarn\bin;C:\Program Files\Java\jdk-18.0.2.1\bin\\;C:\Program Files\OpenSSL-Win64\bin;C:\Users\Lucas\AppData\Roaming\npm
USERNAME=SYSTEM
OS=Windows_NT
PROCESSOR_IDENTIFIER=AMD64 Family 23 Model 104 Stepping 1, AuthenticAMD



---------------  S Y S T E M  ---------------

OS:
 Windows 11 , 64 bit Build 22621 (10.0.22621.2215)
OS uptime: 21 days 15:22 hours

CPU: total 12 (initial active 12) (12 cores per cpu, 2 threads per core) family 23 model 104 stepping 1 microcode 0x0, cx8, cmov, fxsr, ht, mmx, 3dnowpref, sse, sse2, sse3, ssse3, sse4a, sse4.1, sse4.2, popcnt, lzcnt, tsc, tscinvbit, avx, avx2, aes, clmul, bmi1, bmi2, adx, sha, fma, vzeroupper, clflush, clflushopt

Memory: 4k page, system-wide physical 6005M (765M free)
TotalPageFile size 24437M (AvailPageFile size 16M)
current process WorkingSet (physical memory assigned to process): 311M, peak: 314M
current process commit charge ("private bytes"): 444M, peak: 449M

vm_info: OpenJDK 64-Bit Server VM (18.0.2.1+1-1) for windows-amd64 JRE (18.0.2.1+1-1), built on Aug 16 2022 01:44:29 by "mach5one" with MS VC++ 16.8 / 16.9 (VS2019)

END.
