#
# There is insufficient memory for the Java Runtime Environment to continue.
# Native memory allocation (malloc) failed to allocate 1195056 bytes for Chunk::new
# Possible reasons:
#   The system is out of physical RAM or swap space
#   The process is running with CompressedOops enabled, and the Java Heap may be blocking the growth of the native heap
# Possible solutions:
#   Reduce memory load on the system
#   Increase physical memory or swap space
#   Check if swap backing store is full
#   Decrease Java heap size (-Xmx/-Xms)
#   Decrease number of Java threads
#   Decrease Java thread stack sizes (-Xss)
#   Set larger code cache with -XX:ReservedCodeCacheSize=
#   JVM is running with Unscaled Compressed Oops mode in which the Java heap is
#     placed in the first 4GB address space. The Java Heap base address is the
#     maximum limit for the native heap growth. Please use -XX:HeapBaseMinAddress
#     to set the Java Heap base and to place the Java Heap above 4GB virtual address.
# This output file may be truncated or incomplete.
#
#  Out of Memory Error (arena.cpp:184), pid=17040, tid=19848
#
# JRE version: OpenJDK Runtime Environment (18.0.2.1+1) (build 18.0.2.1+1-1)
# Java VM: OpenJDK 64-Bit Server VM (18.0.2.1+1-1, mixed mode, sharing, tiered, compressed oops, compressed class ptrs, g1 gc, windows-amd64)
# No core dump will be written. Minidumps are not enabled by default on client versions of Windows
#

---------------  S U M M A R Y ------------

Command Line: org.jetbrains.kotlin.cli.jvm.K2JVMCompiler @C:\Users\Lucas\OneDrive\Ambiente de Trabalho\Lucas Dev\Lucas Mobile\Projetos Portfolio\CLI Projetos\Fittin\node_modules\react-native-screens\android\build\20231024_14592302951280054749.compiler.options

Host: AMD Ryzen 5 5500U with Radeon Graphics         , 12 cores, 5G,  Windows 11 , 64 bit Build 22621 (10.0.22621.2215)
Time: Tue Oct 24 22:13:40 2023 Hora oficial do Brasil elapsed time: 76.033461 seconds (0d 0h 1m 16s)

---------------  T H R E A D  ---------------

Current thread (0x000002015d310490):  JavaThread "C2 CompilerThread2" daemon [_thread_in_native, id=19848, stack(0x0000007065700000,0x0000007065800000)]


Current CompileTask:
C2:  76034 15642       4       org.jetbrains.kotlin.ir.util.TypeTranslator::translateType (623 bytes)

Stack: [0x0000007065700000,0x0000007065800000]
Native frames: (J=compiled Java code, j=interpreted, Vv=VM code, C=native code)
V  [jvm.dll+0x6993aa]
V  [jvm.dll+0x7f46dd]
V  [jvm.dll+0x7f5fee]
V  [jvm.dll+0x7f66a3]
V  [jvm.dll+0x25cf1f]
V  [jvm.dll+0xb8c2f]
V  [jvm.dll+0xb8fa5]
V  [jvm.dll+0x386091]
V  [jvm.dll+0x34fe71]
V  [jvm.dll+0x34f30a]
V  [jvm.dll+0x230101]
V  [jvm.dll+0x22f4d1]
V  [jvm.dll+0x1ba01c]
V  [jvm.dll+0x23ee0a]
V  [jvm.dll+0x23d0f5]
V  [jvm.dll+0x7a6dd1]
V  [jvm.dll+0x7a120a]
V  [jvm.dll+0x698255]
C  [ucrtbase.dll+0x29363]
C  [KERNEL32.DLL+0x1257d]
C  [ntdll.dll+0x5aa68]


---------------  P R O C E S S  ---------------

Threads class SMR info:
_java_thread_list=0x000002015acc7d60, length=14, elements={
0x00000201365e9680, 0x00000201557b5d90, 0x00000201557b6900, 0x00000201557d0780,
0x00000201557d1030, 0x00000201557d18e0, 0x00000201557d2190, 0x00000201557d8280,
0x00000201557e1190, 0x00000201557e5aa0, 0x0000020159c9b4a0, 0x0000020159cc4dd0,
0x000002015d30b390, 0x000002015d310490
}

Java Threads: ( => current thread )
  0x00000201365e9680 JavaThread "main" [_thread_blocked, id=44616, stack(0x0000007065900000,0x0000007065a00000)]
  0x00000201557b5d90 JavaThread "Reference Handler" daemon [_thread_blocked, id=46872, stack(0x0000007066000000,0x0000007066100000)]
  0x00000201557b6900 JavaThread "Finalizer" daemon [_thread_blocked, id=33876, stack(0x0000007066100000,0x0000007066200000)]
  0x00000201557d0780 JavaThread "Signal Dispatcher" daemon [_thread_blocked, id=44068, stack(0x0000007066200000,0x0000007066300000)]
  0x00000201557d1030 JavaThread "Attach Listener" daemon [_thread_blocked, id=27244, stack(0x0000007066300000,0x0000007066400000)]
  0x00000201557d18e0 JavaThread "Service Thread" daemon [_thread_blocked, id=20376, stack(0x0000007066400000,0x0000007066500000)]
  0x00000201557d2190 JavaThread "Monitor Deflation Thread" daemon [_thread_blocked, id=42744, stack(0x0000007066500000,0x0000007066600000)]
  0x00000201557d8280 JavaThread "C2 CompilerThread0" daemon [_thread_in_native, id=26608, stack(0x0000007066600000,0x0000007066700000)]
  0x00000201557e1190 JavaThread "C1 CompilerThread0" daemon [_thread_blocked, id=31828, stack(0x0000007066700000,0x0000007066800000)]
  0x00000201557e5aa0 JavaThread "Sweeper thread" daemon [_thread_blocked, id=35000, stack(0x0000007066800000,0x0000007066900000)]
  0x0000020159c9b4a0 JavaThread "Notification Thread" daemon [_thread_blocked, id=7236, stack(0x0000007066900000,0x0000007066a00000)]
  0x0000020159cc4dd0 JavaThread "Common-Cleaner" daemon [_thread_blocked, id=36284, stack(0x0000007066b00000,0x0000007066c00000)]
  0x000002015d30b390 JavaThread "C2 CompilerThread1" daemon [_thread_blocked, id=15532, stack(0x0000007065600000,0x0000007065700000)]
=>0x000002015d310490 JavaThread "C2 CompilerThread2" daemon [_thread_in_native, id=19848, stack(0x0000007065700000,0x0000007065800000)]

Other Threads:
  0x0000020136659a40 VMThread "VM Thread" [stack: 0x0000007065f00000,0x0000007066000000] [id=11724]
  0x0000020159cbf990 WatcherThread "VM Periodic Task Thread" [stack: 0x0000007066a00000,0x0000007066b00000] [id=35276]
  0x0000020136639b00 WorkerThread "GC Thread#0" [stack: 0x0000007065a00000,0x0000007065b00000] [id=24672]
  0x000002015a12a210 WorkerThread "GC Thread#1" [stack: 0x0000007066c00000,0x0000007066d00000] [id=45868]
  0x000002015a1e77a0 WorkerThread "GC Thread#2" [stack: 0x0000007066d00000,0x0000007066e00000] [id=32244]
  0x000002015a1e7a40 WorkerThread "GC Thread#3" [stack: 0x0000007066e00000,0x0000007066f00000] [id=35492]
  0x000002015a1fb280 WorkerThread "GC Thread#4" [stack: 0x0000007066f00000,0x0000007067000000] [id=31188]
  0x000002015a1fb520 WorkerThread "GC Thread#5" [stack: 0x0000007067000000,0x0000007067100000] [id=34368]
  0x000002015a512e00 WorkerThread "GC Thread#6" [stack: 0x0000007067100000,0x0000007067200000] [id=36840]
  0x000002015a5a5a80 WorkerThread "GC Thread#7" [stack: 0x0000007067200000,0x0000007067300000] [id=27840]
  0x000002015a51a8f0 WorkerThread "GC Thread#8" [stack: 0x0000007067300000,0x0000007067400000] [id=8464]
  0x000002015a52c700 WorkerThread "GC Thread#9" [stack: 0x0000007067400000,0x0000007067500000] [id=44008]
  0x0000020136646ca0 ConcurrentGCThread "G1 Main Marker" [stack: 0x0000007065b00000,0x0000007065c00000] [id=44292]
  0x00000201366475a0 WorkerThread "G1 Conc#0" [stack: 0x0000007065c00000,0x0000007065d00000] [id=11384]
  0x000002015a7242d0 WorkerThread "G1 Conc#1" [stack: 0x0000007067500000,0x0000007067600000] [id=39092]
  0x000002015a724810 WorkerThread "G1 Conc#2" [stack: 0x0000007067600000,0x0000007067700000] [id=43480]
  0x0000020136697cf0 ConcurrentGCThread "G1 Refine#0" [stack: 0x0000007065d00000,0x0000007065e00000] [id=31848]
  0x000002015ab085d0 ConcurrentGCThread "G1 Refine#1" [stack: 0x0000007067700000,0x0000007067800000] [id=15252]
  0x000002015ab074f0 ConcurrentGCThread "G1 Refine#2" [stack: 0x0000007067800000,0x0000007067900000] [id=35124]
  0x0000020136698520 ConcurrentGCThread "G1 Service" [stack: 0x0000007065e00000,0x0000007065f00000] [id=46200]

Threads with active compile tasks:
C2 CompilerThread0    76102 15263       4       org.jetbrains.kotlin.load.java.typeEnhancement.SignatureEnhancement::enhanceSignature (1278 bytes)
C2 CompilerThread1    76102 15803       4       org.jetbrains.kotlin.ir.symbols.impl.IrSymbolBase::getDescriptor (20 bytes)
C2 CompilerThread2    76102 15642       4       org.jetbrains.kotlin.ir.util.TypeTranslator::translateType (623 bytes)

VM state: at safepoint (normal execution)

VM Mutex/Monitor currently owned by a thread:  ([mutex/lock_event])
[0x00000201365e30c0] Threads_lock - owner thread: 0x0000020136659a40
[0x00000201365e3270] Heap_lock - owner thread: 0x00000201365e9680

Heap address: 0x00000000a2200000, size: 1502 MB, Compressed Oops mode: 32-bit

CDS archive(s) mapped at: [0x0000000800000000-0x0000000800ba0000-0x0000000800ba0000), size 12189696, SharedBaseAddress: 0x0000000800000000, ArchiveRelocationMode: 0.
Compressed class space mapped at: 0x0000000800c00000-0x0000000840c00000, reserved size: 1073741824
Narrow klass base: 0x0000000800000000, Narrow klass shift: 0, Narrow klass range: 0x100000000

GC Precious Log:
 CardTable entry size: 512
 Card Set container configuration: InlinePtr #cards 5 size 8 Array Of Cards #cards 12 size 40 Howl #buckets 4 coarsen threshold 1843 Howl Bitmap #cards 512 size 80 coarsen threshold 460 Card regions per heap region 1 cards per card region 2048
 CPUs: 12 total, 12 available
 Memory: 6005M
 Large Page Support: Disabled
 NUMA Support: Disabled
 Compressed Oops: Enabled (32-bit)
 Heap Region Size: 1M
 Heap Min Capacity: 8M
 Heap Initial Capacity: 94M
 Heap Max Capacity: 1502M
 Pre-touch: Disabled
 Parallel Workers: 10
 Concurrent Workers: 3
 Concurrent Refinement Workers: 10
 Periodic GC: Disabled

Heap:
 garbage-first heap   total 283648K, used 111801K [0x00000000a2200000, 0x0000000100000000)
  region size 1024K, 17 young (17408K), 1 survivors (1024K)
 Metaspace       used 67708K, committed 68544K, reserved 1114112K
  class space    used 7518K, committed 7936K, reserved 1048576K

Heap Regions: E=young(eden), S=young(survivor), O=old, HS=humongous(starts), HC=humongous(continues), CS=collection set, F=free, OA=open archive, CA=closed archive, TAMS=top-at-mark-start (previous, next)
|   0|0x00000000a2200000, 0x00000000a2300000, 0x00000000a2300000|100%|HS|  |TAMS 0x00000000a2300000, 0x00000000a2200000| Complete 
|   1|0x00000000a2300000, 0x00000000a2400000, 0x00000000a2400000|100%|HC|  |TAMS 0x00000000a2400000, 0x00000000a2300000| Complete 
|   2|0x00000000a2400000, 0x00000000a2500000, 0x00000000a2500000|100%|HC|  |TAMS 0x00000000a2500000, 0x00000000a2400000| Complete 
|   3|0x00000000a2500000, 0x00000000a2600000, 0x00000000a2600000|100%| O|  |TAMS 0x00000000a2600000, 0x00000000a2500000| Untracked 
|   4|0x00000000a2600000, 0x00000000a2700000, 0x00000000a2700000|100%| O|  |TAMS 0x00000000a2700000, 0x00000000a2600000| Untracked 
|   5|0x00000000a2700000, 0x00000000a27e4000, 0x00000000a2800000| 89%| O|  |TAMS 0x00000000a27e4000, 0x00000000a2700000| Untracked 
|   6|0x00000000a2800000, 0x00000000a2900000, 0x00000000a2900000|100%|HS|  |TAMS 0x00000000a2900000, 0x00000000a2800000| Complete 
|   7|0x00000000a2900000, 0x00000000a2a00000, 0x00000000a2a00000|100%|HC|  |TAMS 0x00000000a2a00000, 0x00000000a2900000| Complete 
|   8|0x00000000a2a00000, 0x00000000a2b00000, 0x00000000a2b00000|100%|HC|  |TAMS 0x00000000a2b00000, 0x00000000a2a00000| Complete 
|   9|0x00000000a2b00000, 0x00000000a2c00000, 0x00000000a2c00000|100%| O|  |TAMS 0x00000000a2c00000, 0x00000000a2b00000| Untracked 
|  10|0x00000000a2c00000, 0x00000000a2d00000, 0x00000000a2d00000|100%| O|  |TAMS 0x00000000a2d00000, 0x00000000a2c00000| Untracked 
|  11|0x00000000a2d00000, 0x00000000a2e00000, 0x00000000a2e00000|100%| O|  |TAMS 0x00000000a2e00000, 0x00000000a2d00000| Untracked 
|  12|0x00000000a2e00000, 0x00000000a2f00000, 0x00000000a2f00000|100%| O|  |TAMS 0x00000000a2f00000, 0x00000000a2e00000| Untracked 
|  13|0x00000000a2f00000, 0x00000000a3000000, 0x00000000a3000000|100%| O|  |TAMS 0x00000000a3000000, 0x00000000a2f00000| Untracked 
|  14|0x00000000a3000000, 0x00000000a3100000, 0x00000000a3100000|100%| O|  |TAMS 0x00000000a3100000, 0x00000000a3000000| Untracked 
|  15|0x00000000a3100000, 0x00000000a3200000, 0x00000000a3200000|100%| O|  |TAMS 0x00000000a3200000, 0x00000000a3100000| Untracked 
|  16|0x00000000a3200000, 0x00000000a3300000, 0x00000000a3300000|100%| O|  |TAMS 0x00000000a3300000, 0x00000000a3200000| Untracked 
|  17|0x00000000a3300000, 0x00000000a3400000, 0x00000000a3400000|100%| O|  |TAMS 0x00000000a3400000, 0x00000000a3300000| Untracked 
|  18|0x00000000a3400000, 0x00000000a3500000, 0x00000000a3500000|100%| O|  |TAMS 0x00000000a3500000, 0x00000000a3400000| Untracked 
|  19|0x00000000a3500000, 0x00000000a3600000, 0x00000000a3600000|100%| O|  |TAMS 0x00000000a3500000, 0x00000000a3500000| Untracked 
|  20|0x00000000a3600000, 0x00000000a3700000, 0x00000000a3700000|100%|HS|  |TAMS 0x00000000a3700000, 0x00000000a3600000| Complete 
|  21|0x00000000a3700000, 0x00000000a3800000, 0x00000000a3800000|100%|HC|  |TAMS 0x00000000a3800000, 0x00000000a3700000| Complete 
|  22|0x00000000a3800000, 0x00000000a3900000, 0x00000000a3900000|100%| O|  |TAMS 0x00000000a3900000, 0x00000000a3800000| Untracked 
|  23|0x00000000a3900000, 0x00000000a3a00000, 0x00000000a3a00000|100%| O|  |TAMS 0x00000000a3a00000, 0x00000000a3900000| Untracked 
|  24|0x00000000a3a00000, 0x00000000a3b00000, 0x00000000a3b00000|100%| O|  |TAMS 0x00000000a3b00000, 0x00000000a3a00000| Untracked 
|  25|0x00000000a3b00000, 0x00000000a3c00000, 0x00000000a3c00000|100%| O|  |TAMS 0x00000000a3c00000, 0x00000000a3b00000| Untracked 
|  26|0x00000000a3c00000, 0x00000000a3d00000, 0x00000000a3d00000|100%| O|  |TAMS 0x00000000a3d00000, 0x00000000a3c00000| Untracked 
|  27|0x00000000a3d00000, 0x00000000a3e00000, 0x00000000a3e00000|100%| O|  |TAMS 0x00000000a3e00000, 0x00000000a3d00000| Untracked 
|  28|0x00000000a3e00000, 0x00000000a3f00000, 0x00000000a3f00000|100%| O|  |TAMS 0x00000000a3f00000, 0x00000000a3e00000| Untracked 
|  29|0x00000000a3f00000, 0x00000000a4000000, 0x00000000a4000000|100%| O|  |TAMS 0x00000000a4000000, 0x00000000a3f00000| Untracked 
|  30|0x00000000a4000000, 0x00000000a4100000, 0x00000000a4100000|100%| O|  |TAMS 0x00000000a4100000, 0x00000000a4000000| Untracked 
|  31|0x00000000a4100000, 0x00000000a4200000, 0x00000000a4200000|100%| O|  |TAMS 0x00000000a4200000, 0x00000000a4100000| Untracked 
|  32|0x00000000a4200000, 0x00000000a4300000, 0x00000000a4300000|100%| O|  |TAMS 0x00000000a4300000, 0x00000000a4200000| Untracked 
|  33|0x00000000a4300000, 0x00000000a4400000, 0x00000000a4400000|100%| O|  |TAMS 0x00000000a4400000, 0x00000000a4300000| Untracked 
|  34|0x00000000a4400000, 0x00000000a4500000, 0x00000000a4500000|100%| O|  |TAMS 0x00000000a4500000, 0x00000000a4400000| Untracked 
|  35|0x00000000a4500000, 0x00000000a4600000, 0x00000000a4600000|100%| O|  |TAMS 0x00000000a4600000, 0x00000000a4500000| Untracked 
|  36|0x00000000a4600000, 0x00000000a4700000, 0x00000000a4700000|100%| O|  |TAMS 0x00000000a4700000, 0x00000000a4600000| Untracked 
|  37|0x00000000a4700000, 0x00000000a4800000, 0x00000000a4800000|100%| O|  |TAMS 0x00000000a4800000, 0x00000000a4700000| Untracked 
|  38|0x00000000a4800000, 0x00000000a4900000, 0x00000000a4900000|100%| O|  |TAMS 0x00000000a4900000, 0x00000000a4800000| Untracked 
|  39|0x00000000a4900000, 0x00000000a4a00000, 0x00000000a4a00000|100%| O|  |TAMS 0x00000000a4a00000, 0x00000000a4900000| Untracked 
|  40|0x00000000a4a00000, 0x00000000a4b00000, 0x00000000a4b00000|100%| O|  |TAMS 0x00000000a4b00000, 0x00000000a4a00000| Untracked 
|  41|0x00000000a4b00000, 0x00000000a4c00000, 0x00000000a4c00000|100%| O|  |TAMS 0x00000000a4c00000, 0x00000000a4b00000| Untracked 
|  42|0x00000000a4c00000, 0x00000000a4d00000, 0x00000000a4d00000|100%| O|  |TAMS 0x00000000a4d00000, 0x00000000a4c00000| Untracked 
|  43|0x00000000a4d00000, 0x00000000a4e00000, 0x00000000a4e00000|100%| O|  |TAMS 0x00000000a4e00000, 0x00000000a4d00000| Untracked 
|  44|0x00000000a4e00000, 0x00000000a4f00000, 0x00000000a4f00000|100%| O|  |TAMS 0x00000000a4f00000, 0x00000000a4e00000| Untracked 
|  45|0x00000000a4f00000, 0x00000000a5000000, 0x00000000a5000000|100%| O|  |TAMS 0x00000000a5000000, 0x00000000a4f00000| Untracked 
|  46|0x00000000a5000000, 0x00000000a5100000, 0x00000000a5100000|100%| O|  |TAMS 0x00000000a5100000, 0x00000000a5000000| Untracked 
|  47|0x00000000a5100000, 0x00000000a5200000, 0x00000000a5200000|100%| O|  |TAMS 0x00000000a5200000, 0x00000000a5100000| Untracked 
|  48|0x00000000a5200000, 0x00000000a5300000, 0x00000000a5300000|100%| O|  |TAMS 0x00000000a5300000, 0x00000000a5200000| Untracked 
|  49|0x00000000a5300000, 0x00000000a5400000, 0x00000000a5400000|100%| O|  |TAMS 0x00000000a5400000, 0x00000000a5300000| Untracked 
|  50|0x00000000a5400000, 0x00000000a5500000, 0x00000000a5500000|100%| O|  |TAMS 0x00000000a5500000, 0x00000000a5400000| Untracked 
|  51|0x00000000a5500000, 0x00000000a5600000, 0x00000000a5600000|100%| O|  |TAMS 0x00000000a5600000, 0x00000000a5500000| Untracked 
|  52|0x00000000a5600000, 0x00000000a5700000, 0x00000000a5700000|100%| O|  |TAMS 0x00000000a5600000, 0x00000000a5600000| Untracked 
|  53|0x00000000a5700000, 0x00000000a5800000, 0x00000000a5800000|100%| O|  |TAMS 0x00000000a5800000, 0x00000000a5700000| Untracked 
|  54|0x00000000a5800000, 0x00000000a5900000, 0x00000000a5900000|100%| O|  |TAMS 0x00000000a5900000, 0x00000000a5800000| Untracked 
|  55|0x00000000a5900000, 0x00000000a5a00000, 0x00000000a5a00000|100%| O|  |TAMS 0x00000000a5a00000, 0x00000000a5900000| Untracked 
|  56|0x00000000a5a00000, 0x00000000a5b00000, 0x00000000a5b00000|100%| O|  |TAMS 0x00000000a5b00000, 0x00000000a5a00000| Untracked 
|  57|0x00000000a5b00000, 0x00000000a5c00000, 0x00000000a5c00000|100%| O|  |TAMS 0x00000000a5c00000, 0x00000000a5b00000| Untracked 
|  58|0x00000000a5c00000, 0x00000000a5d00000, 0x00000000a5d00000|100%| O|  |TAMS 0x00000000a5d00000, 0x00000000a5c00000| Untracked 
|  59|0x00000000a5d00000, 0x00000000a5e00000, 0x00000000a5e00000|100%| O|  |TAMS 0x00000000a5e00000, 0x00000000a5d00000| Untracked 
|  60|0x00000000a5e00000, 0x00000000a5f00000, 0x00000000a5f00000|100%| O|  |TAMS 0x00000000a5f00000, 0x00000000a5e00000| Untracked 
|  61|0x00000000a5f00000, 0x00000000a6000000, 0x00000000a6000000|100%| O|  |TAMS 0x00000000a6000000, 0x00000000a5f00000| Untracked 
|  62|0x00000000a6000000, 0x00000000a6100000, 0x00000000a6100000|100%| O|  |TAMS 0x00000000a60f9200, 0x00000000a6000000| Untracked 
|  63|0x00000000a6100000, 0x00000000a6200000, 0x00000000a6200000|100%| O|  |TAMS 0x00000000a6100000, 0x00000000a6100000| Untracked 
|  64|0x00000000a6200000, 0x00000000a6300000, 0x00000000a6300000|100%|HS|  |TAMS 0x00000000a6200000, 0x00000000a6200000| Complete 
|  65|0x00000000a6300000, 0x00000000a6400000, 0x00000000a6400000|100%|HC|  |TAMS 0x00000000a6300000, 0x00000000a6300000| Complete 
|  66|0x00000000a6400000, 0x00000000a6500000, 0x00000000a6500000|100%| O|  |TAMS 0x00000000a6400000, 0x00000000a6400000| Untracked 
|  67|0x00000000a6500000, 0x00000000a6600000, 0x00000000a6600000|100%| O|  |TAMS 0x00000000a6500000, 0x00000000a6500000| Untracked 
|  68|0x00000000a6600000, 0x00000000a6700000, 0x00000000a6700000|100%| O|  |TAMS 0x00000000a6600000, 0x00000000a6600000| Untracked 
|  69|0x00000000a6700000, 0x00000000a6800000, 0x00000000a6800000|100%| O|  |TAMS 0x00000000a6700000, 0x00000000a6700000| Untracked 
|  70|0x00000000a6800000, 0x00000000a6900000, 0x00000000a6900000|100%| O|  |TAMS 0x00000000a6800000, 0x00000000a6800000| Untracked 
|  71|0x00000000a6900000, 0x00000000a6a00000, 0x00000000a6a00000|100%| O|  |TAMS 0x00000000a6900000, 0x00000000a6900000| Untracked 
|  72|0x00000000a6a00000, 0x00000000a6b00000, 0x00000000a6b00000|100%| O|  |TAMS 0x00000000a6a00000, 0x00000000a6a00000| Untracked 
|  73|0x00000000a6b00000, 0x00000000a6c00000, 0x00000000a6c00000|100%| O|  |TAMS 0x00000000a6b00000, 0x00000000a6b00000| Untracked 
|  74|0x00000000a6c00000, 0x00000000a6d00000, 0x00000000a6d00000|100%| O|  |TAMS 0x00000000a6c00000, 0x00000000a6c00000| Untracked 
|  75|0x00000000a6d00000, 0x00000000a6e00000, 0x00000000a6e00000|100%| O|  |TAMS 0x00000000a6d00000, 0x00000000a6d00000| Untracked 
|  76|0x00000000a6e00000, 0x00000000a6f00000, 0x00000000a6f00000|100%| O|  |TAMS 0x00000000a6e00000, 0x00000000a6e00000| Untracked 
|  77|0x00000000a6f00000, 0x00000000a7000000, 0x00000000a7000000|100%| O|  |TAMS 0x00000000a6f00000, 0x00000000a6f00000| Untracked 
|  78|0x00000000a7000000, 0x00000000a7100000, 0x00000000a7100000|100%| O|  |TAMS 0x00000000a7000000, 0x00000000a7000000| Untracked 
|  79|0x00000000a7100000, 0x00000000a7200000, 0x00000000a7200000|100%| O|  |TAMS 0x00000000a7100000, 0x00000000a7100000| Untracked 
|  80|0x00000000a7200000, 0x00000000a7300000, 0x00000000a7300000|100%| O|  |TAMS 0x00000000a7200000, 0x00000000a7200000| Untracked 
|  81|0x00000000a7300000, 0x00000000a7400000, 0x00000000a7400000|100%| O|  |TAMS 0x00000000a7300000, 0x00000000a7300000| Untracked 
|  82|0x00000000a7400000, 0x00000000a7500000, 0x00000000a7500000|100%| O|  |TAMS 0x00000000a7400000, 0x00000000a7400000| Untracked 
|  83|0x00000000a7500000, 0x00000000a7600000, 0x00000000a7600000|100%| O|  |TAMS 0x00000000a7500000, 0x00000000a7500000| Untracked 
|  84|0x00000000a7600000, 0x00000000a7700000, 0x00000000a7700000|100%| O|  |TAMS 0x00000000a7600000, 0x00000000a7600000| Untracked 
|  85|0x00000000a7700000, 0x00000000a7800000, 0x00000000a7800000|100%| O|  |TAMS 0x00000000a7700000, 0x00000000a7700000| Untracked 
|  86|0x00000000a7800000, 0x00000000a7900000, 0x00000000a7900000|100%| O|  |TAMS 0x00000000a7800000, 0x00000000a7800000| Untracked 
|  87|0x00000000a7900000, 0x00000000a7a00000, 0x00000000a7a00000|100%| O|  |TAMS 0x00000000a7900000, 0x00000000a7900000| Untracked 
|  88|0x00000000a7a00000, 0x00000000a7b00000, 0x00000000a7b00000|100%| O|  |TAMS 0x00000000a7a00000, 0x00000000a7a00000| Untracked 
|  89|0x00000000a7b00000, 0x00000000a7c00000, 0x00000000a7c00000|100%| O|  |TAMS 0x00000000a7b00000, 0x00000000a7b00000| Untracked 
|  90|0x00000000a7c00000, 0x00000000a7cb55b0, 0x00000000a7d00000| 70%| O|  |TAMS 0x00000000a7c00000, 0x00000000a7c00000| Untracked 
|  91|0x00000000a7d00000, 0x00000000a7d00000, 0x00000000a7e00000|  0%| F|  |TAMS 0x00000000a7d00000, 0x00000000a7d00000| Untracked 
|  92|0x00000000a7e00000, 0x00000000a7e00000, 0x00000000a7f00000|  0%| F|  |TAMS 0x00000000a7e00000, 0x00000000a7e00000| Untracked 
|  93|0x00000000a7f00000, 0x00000000a7f00000, 0x00000000a8000000|  0%| F|  |TAMS 0x00000000a7f00000, 0x00000000a7f00000| Untracked 
|  94|0x00000000a8000000, 0x00000000a8000000, 0x00000000a8100000|  0%| F|  |TAMS 0x00000000a8000000, 0x00000000a8000000| Untracked 
|  95|0x00000000a8100000, 0x00000000a8100000, 0x00000000a8200000|  0%| F|  |TAMS 0x00000000a8100000, 0x00000000a8100000| Untracked 
|  96|0x00000000a8200000, 0x00000000a8200000, 0x00000000a8300000|  0%| F|  |TAMS 0x00000000a8200000, 0x00000000a8200000| Untracked 
|  97|0x00000000a8300000, 0x00000000a8300000, 0x00000000a8400000|  0%| F|  |TAMS 0x00000000a8300000, 0x00000000a8300000| Untracked 
|  98|0x00000000a8400000, 0x00000000a8400000, 0x00000000a8500000|  0%| F|  |TAMS 0x00000000a8400000, 0x00000000a8400000| Untracked 
|  99|0x00000000a8500000, 0x00000000a8500000, 0x00000000a8600000|  0%| F|  |TAMS 0x00000000a8500000, 0x00000000a8500000| Untracked 
| 100|0x00000000a8600000, 0x00000000a8600000, 0x00000000a8700000|  0%| F|  |TAMS 0x00000000a8600000, 0x00000000a8600000| Untracked 
| 101|0x00000000a8700000, 0x00000000a8700000, 0x00000000a8800000|  0%| F|  |TAMS 0x00000000a8700000, 0x00000000a8700000| Untracked 
| 102|0x00000000a8800000, 0x00000000a8800000, 0x00000000a8900000|  0%| F|  |TAMS 0x00000000a8800000, 0x00000000a8800000| Untracked 
| 103|0x00000000a8900000, 0x00000000a8900000, 0x00000000a8a00000|  0%| F|  |TAMS 0x00000000a8900000, 0x00000000a8900000| Untracked 
| 104|0x00000000a8a00000, 0x00000000a8a00000, 0x00000000a8b00000|  0%| F|  |TAMS 0x00000000a8a00000, 0x00000000a8a00000| Untracked 
| 105|0x00000000a8b00000, 0x00000000a8b00000, 0x00000000a8c00000|  0%| F|  |TAMS 0x00000000a8b00000, 0x00000000a8b00000| Untracked 
| 106|0x00000000a8c00000, 0x00000000a8c00000, 0x00000000a8d00000|  0%| F|  |TAMS 0x00000000a8c00000, 0x00000000a8c00000| Untracked 
| 107|0x00000000a8d00000, 0x00000000a8d00000, 0x00000000a8e00000|  0%| F|  |TAMS 0x00000000a8d00000, 0x00000000a8d00000| Untracked 
| 108|0x00000000a8e00000, 0x00000000a8e00000, 0x00000000a8f00000|  0%| F|  |TAMS 0x00000000a8e00000, 0x00000000a8e00000| Untracked 
| 109|0x00000000a8f00000, 0x00000000a8f00000, 0x00000000a9000000|  0%| F|  |TAMS 0x00000000a8f00000, 0x00000000a8f00000| Untracked 
| 110|0x00000000a9000000, 0x00000000a9000000, 0x00000000a9100000|  0%| F|  |TAMS 0x00000000a9000000, 0x00000000a9000000| Untracked 
| 111|0x00000000a9100000, 0x00000000a9100000, 0x00000000a9200000|  0%| F|  |TAMS 0x00000000a9100000, 0x00000000a9100000| Untracked 
| 112|0x00000000a9200000, 0x00000000a9200000, 0x00000000a9300000|  0%| F|  |TAMS 0x00000000a9200000, 0x00000000a9200000| Untracked 
| 113|0x00000000a9300000, 0x00000000a9300000, 0x00000000a9400000|  0%| F|  |TAMS 0x00000000a9300000, 0x00000000a9300000| Untracked 
| 114|0x00000000a9400000, 0x00000000a9400000, 0x00000000a9500000|  0%| F|  |TAMS 0x00000000a9400000, 0x00000000a9400000| Untracked 
| 115|0x00000000a9500000, 0x00000000a9500000, 0x00000000a9600000|  0%| F|  |TAMS 0x00000000a9500000, 0x00000000a9500000| Untracked 
| 116|0x00000000a9600000, 0x00000000a9600000, 0x00000000a9700000|  0%| F|  |TAMS 0x00000000a9600000, 0x00000000a9600000| Untracked 
| 117|0x00000000a9700000, 0x00000000a9700000, 0x00000000a9800000|  0%| F|  |TAMS 0x00000000a9700000, 0x00000000a9700000| Untracked 
| 118|0x00000000a9800000, 0x00000000a9800000, 0x00000000a9900000|  0%| F|  |TAMS 0x00000000a9800000, 0x00000000a9800000| Untracked 
| 119|0x00000000a9900000, 0x00000000a9900000, 0x00000000a9a00000|  0%| F|  |TAMS 0x00000000a9900000, 0x00000000a9900000| Untracked 
| 120|0x00000000a9a00000, 0x00000000a9a00000, 0x00000000a9b00000|  0%| F|  |TAMS 0x00000000a9a00000, 0x00000000a9a00000| Untracked 
| 121|0x00000000a9b00000, 0x00000000a9b00000, 0x00000000a9c00000|  0%| F|  |TAMS 0x00000000a9b00000, 0x00000000a9b00000| Untracked 
| 122|0x00000000a9c00000, 0x00000000a9c00000, 0x00000000a9d00000|  0%| F|  |TAMS 0x00000000a9c00000, 0x00000000a9c00000| Untracked 
| 123|0x00000000a9d00000, 0x00000000a9d00000, 0x00000000a9e00000|  0%| F|  |TAMS 0x00000000a9d00000, 0x00000000a9d00000| Untracked 
| 124|0x00000000a9e00000, 0x00000000a9e00000, 0x00000000a9f00000|  0%| F|  |TAMS 0x00000000a9e00000, 0x00000000a9e00000| Untracked 
| 125|0x00000000a9f00000, 0x00000000a9f00000, 0x00000000aa000000|  0%| F|  |TAMS 0x00000000a9f00000, 0x00000000a9f00000| Untracked 
| 126|0x00000000aa000000, 0x00000000aa000000, 0x00000000aa100000|  0%| F|  |TAMS 0x00000000aa000000, 0x00000000aa000000| Untracked 
| 127|0x00000000aa100000, 0x00000000aa100000, 0x00000000aa200000|  0%| F|  |TAMS 0x00000000aa100000, 0x00000000aa100000| Untracked 
| 128|0x00000000aa200000, 0x00000000aa200000, 0x00000000aa300000|  0%| F|  |TAMS 0x00000000aa200000, 0x00000000aa200000| Untracked 
| 129|0x00000000aa300000, 0x00000000aa300000, 0x00000000aa400000|  0%| F|  |TAMS 0x00000000aa300000, 0x00000000aa300000| Untracked 
| 130|0x00000000aa400000, 0x00000000aa400000, 0x00000000aa500000|  0%| F|  |TAMS 0x00000000aa400000, 0x00000000aa400000| Untracked 
| 131|0x00000000aa500000, 0x00000000aa500000, 0x00000000aa600000|  0%| F|  |TAMS 0x00000000aa500000, 0x00000000aa500000| Untracked 
| 132|0x00000000aa600000, 0x00000000aa600000, 0x00000000aa700000|  0%| F|  |TAMS 0x00000000aa600000, 0x00000000aa600000| Untracked 
| 133|0x00000000aa700000, 0x00000000aa700000, 0x00000000aa800000|  0%| F|  |TAMS 0x00000000aa700000, 0x00000000aa700000| Untracked 
| 134|0x00000000aa800000, 0x00000000aa800000, 0x00000000aa900000|  0%| F|  |TAMS 0x00000000aa800000, 0x00000000aa800000| Untracked 
| 135|0x00000000aa900000, 0x00000000aa900000, 0x00000000aaa00000|  0%| F|  |TAMS 0x00000000aa900000, 0x00000000aa900000| Untracked 
| 136|0x00000000aaa00000, 0x00000000aaa00000, 0x00000000aab00000|  0%| F|  |TAMS 0x00000000aaa00000, 0x00000000aaa00000| Untracked 
| 137|0x00000000aab00000, 0x00000000aab00000, 0x00000000aac00000|  0%| F|  |TAMS 0x00000000aab00000, 0x00000000aab00000| Untracked 
| 138|0x00000000aac00000, 0x00000000aac00000, 0x00000000aad00000|  0%| F|  |TAMS 0x00000000aac00000, 0x00000000aac00000| Untracked 
| 139|0x00000000aad00000, 0x00000000aad00000, 0x00000000aae00000|  0%| F|  |TAMS 0x00000000aad00000, 0x00000000aad00000| Untracked 
| 140|0x00000000aae00000, 0x00000000aae00000, 0x00000000aaf00000|  0%| F|  |TAMS 0x00000000aae00000, 0x00000000aae00000| Untracked 
| 141|0x00000000aaf00000, 0x00000000aaf00000, 0x00000000ab000000|  0%| F|  |TAMS 0x00000000aaf00000, 0x00000000aaf00000| Untracked 
| 142|0x00000000ab000000, 0x00000000ab000000, 0x00000000ab100000|  0%| F|  |TAMS 0x00000000ab000000, 0x00000000ab000000| Untracked 
| 143|0x00000000ab100000, 0x00000000ab100000, 0x00000000ab200000|  0%| F|  |TAMS 0x00000000ab100000, 0x00000000ab100000| Untracked 
| 144|0x00000000ab200000, 0x00000000ab200000, 0x00000000ab300000|  0%| F|  |TAMS 0x00000000ab200000, 0x00000000ab200000| Untracked 
| 145|0x00000000ab300000, 0x00000000ab300000, 0x00000000ab400000|  0%| F|  |TAMS 0x00000000ab300000, 0x00000000ab300000| Untracked 
| 146|0x00000000ab400000, 0x00000000ab400000, 0x00000000ab500000|  0%| F|  |TAMS 0x00000000ab400000, 0x00000000ab400000| Untracked 
| 147|0x00000000ab500000, 0x00000000ab500000, 0x00000000ab600000|  0%| F|  |TAMS 0x00000000ab500000, 0x00000000ab500000| Untracked 
| 148|0x00000000ab600000, 0x00000000ab600000, 0x00000000ab700000|  0%| F|  |TAMS 0x00000000ab600000, 0x00000000ab600000| Untracked 
| 149|0x00000000ab700000, 0x00000000ab700000, 0x00000000ab800000|  0%| F|  |TAMS 0x00000000ab700000, 0x00000000ab700000| Untracked 
| 150|0x00000000ab800000, 0x00000000ab800000, 0x00000000ab900000|  0%| F|  |TAMS 0x00000000ab800000, 0x00000000ab800000| Untracked 
| 151|0x00000000ab900000, 0x00000000ab900000, 0x00000000aba00000|  0%| F|  |TAMS 0x00000000ab900000, 0x00000000ab900000| Untracked 
| 152|0x00000000aba00000, 0x00000000aba00000, 0x00000000abb00000|  0%| F|  |TAMS 0x00000000aba00000, 0x00000000aba00000| Untracked 
| 153|0x00000000abb00000, 0x00000000abb00000, 0x00000000abc00000|  0%| F|  |TAMS 0x00000000abb00000, 0x00000000abb00000| Untracked 
| 154|0x00000000abc00000, 0x00000000abc00000, 0x00000000abd00000|  0%| F|  |TAMS 0x00000000abc00000, 0x00000000abc00000| Untracked 
| 155|0x00000000abd00000, 0x00000000abd00000, 0x00000000abe00000|  0%| F|  |TAMS 0x00000000abd00000, 0x00000000abd00000| Untracked 
| 156|0x00000000abe00000, 0x00000000abe00000, 0x00000000abf00000|  0%| F|  |TAMS 0x00000000abe00000, 0x00000000abe00000| Untracked 
| 157|0x00000000abf00000, 0x00000000abf00000, 0x00000000ac000000|  0%| F|  |TAMS 0x00000000abf00000, 0x00000000abf00000| Untracked 
| 158|0x00000000ac000000, 0x00000000ac000000, 0x00000000ac100000|  0%| F|  |TAMS 0x00000000ac000000, 0x00000000ac000000| Untracked 
| 159|0x00000000ac100000, 0x00000000ac100000, 0x00000000ac200000|  0%| F|  |TAMS 0x00000000ac100000, 0x00000000ac100000| Untracked 
| 160|0x00000000ac200000, 0x00000000ac200000, 0x00000000ac300000|  0%| F|  |TAMS 0x00000000ac200000, 0x00000000ac200000| Untracked 
| 161|0x00000000ac300000, 0x00000000ac300000, 0x00000000ac400000|  0%| F|  |TAMS 0x00000000ac300000, 0x00000000ac300000| Untracked 
| 162|0x00000000ac400000, 0x00000000ac400000, 0x00000000ac500000|  0%| F|  |TAMS 0x00000000ac400000, 0x00000000ac400000| Untracked 
| 163|0x00000000ac500000, 0x00000000ac500000, 0x00000000ac600000|  0%| F|  |TAMS 0x00000000ac500000, 0x00000000ac500000| Untracked 
| 164|0x00000000ac600000, 0x00000000ac600000, 0x00000000ac700000|  0%| F|  |TAMS 0x00000000ac600000, 0x00000000ac600000| Untracked 
| 165|0x00000000ac700000, 0x00000000ac700000, 0x00000000ac800000|  0%| F|  |TAMS 0x00000000ac700000, 0x00000000ac700000| Untracked 
| 166|0x00000000ac800000, 0x00000000ac800000, 0x00000000ac900000|  0%| F|  |TAMS 0x00000000ac800000, 0x00000000ac800000| Untracked 
| 167|0x00000000ac900000, 0x00000000ac900000, 0x00000000aca00000|  0%| F|  |TAMS 0x00000000ac900000, 0x00000000ac900000| Untracked 
| 168|0x00000000aca00000, 0x00000000aca00000, 0x00000000acb00000|  0%| F|  |TAMS 0x00000000aca00000, 0x00000000aca00000| Untracked 
| 169|0x00000000acb00000, 0x00000000acb00000, 0x00000000acc00000|  0%| F|  |TAMS 0x00000000acb00000, 0x00000000acb00000| Untracked 
| 170|0x00000000acc00000, 0x00000000acc00000, 0x00000000acd00000|  0%| F|  |TAMS 0x00000000acc00000, 0x00000000acc00000| Untracked 
| 171|0x00000000acd00000, 0x00000000acd00000, 0x00000000ace00000|  0%| F|  |TAMS 0x00000000acd00000, 0x00000000acd00000| Untracked 
| 172|0x00000000ace00000, 0x00000000ace00000, 0x00000000acf00000|  0%| F|  |TAMS 0x00000000ace00000, 0x00000000ace00000| Untracked 
| 173|0x00000000acf00000, 0x00000000acf00000, 0x00000000ad000000|  0%| F|  |TAMS 0x00000000acf00000, 0x00000000acf00000| Untracked 
| 174|0x00000000ad000000, 0x00000000ad000000, 0x00000000ad100000|  0%| F|  |TAMS 0x00000000ad000000, 0x00000000ad000000| Untracked 
| 175|0x00000000ad100000, 0x00000000ad100000, 0x00000000ad200000|  0%| F|  |TAMS 0x00000000ad100000, 0x00000000ad100000| Untracked 
| 176|0x00000000ad200000, 0x00000000ad200000, 0x00000000ad300000|  0%| F|  |TAMS 0x00000000ad200000, 0x00000000ad200000| Untracked 
| 177|0x00000000ad300000, 0x00000000ad300000, 0x00000000ad400000|  0%| F|  |TAMS 0x00000000ad300000, 0x00000000ad300000| Untracked 
| 178|0x00000000ad400000, 0x00000000ad400000, 0x00000000ad500000|  0%| F|  |TAMS 0x00000000ad400000, 0x00000000ad400000| Untracked 
| 179|0x00000000ad500000, 0x00000000ad500000, 0x00000000ad600000|  0%| F|  |TAMS 0x00000000ad500000, 0x00000000ad500000| Untracked 
| 180|0x00000000ad600000, 0x00000000ad600000, 0x00000000ad700000|  0%| F|  |TAMS 0x00000000ad600000, 0x00000000ad600000| Untracked 
| 181|0x00000000ad700000, 0x00000000ad700000, 0x00000000ad800000|  0%| F|  |TAMS 0x00000000ad700000, 0x00000000ad700000| Untracked 
| 182|0x00000000ad800000, 0x00000000ad800000, 0x00000000ad900000|  0%| F|  |TAMS 0x00000000ad800000, 0x00000000ad800000| Untracked 
| 183|0x00000000ad900000, 0x00000000ad900000, 0x00000000ada00000|  0%| F|  |TAMS 0x00000000ad900000, 0x00000000ad900000| Untracked 
| 184|0x00000000ada00000, 0x00000000ada00000, 0x00000000adb00000|  0%| F|  |TAMS 0x00000000ada00000, 0x00000000ada00000| Untracked 
| 185|0x00000000adb00000, 0x00000000adb00000, 0x00000000adc00000|  0%| F|  |TAMS 0x00000000adb00000, 0x00000000adb00000| Untracked 
| 186|0x00000000adc00000, 0x00000000adc00000, 0x00000000add00000|  0%| F|  |TAMS 0x00000000adc00000, 0x00000000adc00000| Untracked 
| 187|0x00000000add00000, 0x00000000add00000, 0x00000000ade00000|  0%| F|  |TAMS 0x00000000add00000, 0x00000000add00000| Untracked 
| 188|0x00000000ade00000, 0x00000000ade00000, 0x00000000adf00000|  0%| F|  |TAMS 0x00000000ade00000, 0x00000000ade00000| Untracked 
| 189|0x00000000adf00000, 0x00000000adf00000, 0x00000000ae000000|  0%| F|  |TAMS 0x00000000adf00000, 0x00000000adf00000| Untracked 
| 190|0x00000000ae000000, 0x00000000ae000000, 0x00000000ae100000|  0%| F|  |TAMS 0x00000000ae000000, 0x00000000ae000000| Untracked 
| 191|0x00000000ae100000, 0x00000000ae100000, 0x00000000ae200000|  0%| F|  |TAMS 0x00000000ae100000, 0x00000000ae100000| Untracked 
| 192|0x00000000ae200000, 0x00000000ae200000, 0x00000000ae300000|  0%| F|  |TAMS 0x00000000ae200000, 0x00000000ae200000| Untracked 
| 193|0x00000000ae300000, 0x00000000ae300000, 0x00000000ae400000|  0%| F|  |TAMS 0x00000000ae300000, 0x00000000ae300000| Untracked 
| 194|0x00000000ae400000, 0x00000000ae400000, 0x00000000ae500000|  0%| F|  |TAMS 0x00000000ae400000, 0x00000000ae400000| Untracked 
| 195|0x00000000ae500000, 0x00000000ae500000, 0x00000000ae600000|  0%| F|  |TAMS 0x00000000ae500000, 0x00000000ae500000| Untracked 
| 196|0x00000000ae600000, 0x00000000ae600000, 0x00000000ae700000|  0%| F|  |TAMS 0x00000000ae600000, 0x00000000ae600000| Untracked 
| 197|0x00000000ae700000, 0x00000000ae700000, 0x00000000ae800000|  0%| F|  |TAMS 0x00000000ae700000, 0x00000000ae700000| Untracked 
| 198|0x00000000ae800000, 0x00000000ae800000, 0x00000000ae900000|  0%| F|  |TAMS 0x00000000ae800000, 0x00000000ae800000| Untracked 
| 199|0x00000000ae900000, 0x00000000ae900000, 0x00000000aea00000|  0%| F|  |TAMS 0x00000000ae900000, 0x00000000ae900000| Untracked 
| 200|0x00000000aea00000, 0x00000000aea00000, 0x00000000aeb00000|  0%| F|  |TAMS 0x00000000aea00000, 0x00000000aea00000| Untracked 
| 201|0x00000000aeb00000, 0x00000000aeb00000, 0x00000000aec00000|  0%| F|  |TAMS 0x00000000aeb00000, 0x00000000aeb00000| Untracked 
| 202|0x00000000aec00000, 0x00000000aec00000, 0x00000000aed00000|  0%| F|  |TAMS 0x00000000aec00000, 0x00000000aec00000| Untracked 
| 203|0x00000000aed00000, 0x00000000aed00000, 0x00000000aee00000|  0%| F|  |TAMS 0x00000000aed00000, 0x00000000aed00000| Untracked 
| 204|0x00000000aee00000, 0x00000000aee00000, 0x00000000aef00000|  0%| F|  |TAMS 0x00000000aee00000, 0x00000000aee00000| Untracked 
| 205|0x00000000aef00000, 0x00000000aef00000, 0x00000000af000000|  0%| F|  |TAMS 0x00000000aef00000, 0x00000000aef00000| Untracked 
| 206|0x00000000af000000, 0x00000000af000000, 0x00000000af100000|  0%| F|  |TAMS 0x00000000af000000, 0x00000000af000000| Untracked 
| 207|0x00000000af100000, 0x00000000af100000, 0x00000000af200000|  0%| F|  |TAMS 0x00000000af100000, 0x00000000af100000| Untracked 
| 208|0x00000000af200000, 0x00000000af200000, 0x00000000af300000|  0%| F|  |TAMS 0x00000000af200000, 0x00000000af200000| Untracked 
| 209|0x00000000af300000, 0x00000000af300000, 0x00000000af400000|  0%| F|  |TAMS 0x00000000af300000, 0x00000000af300000| Untracked 
| 210|0x00000000af400000, 0x00000000af400000, 0x00000000af500000|  0%| F|  |TAMS 0x00000000af400000, 0x00000000af400000| Untracked 
| 211|0x00000000af500000, 0x00000000af500000, 0x00000000af600000|  0%| F|  |TAMS 0x00000000af500000, 0x00000000af500000| Untracked 
| 212|0x00000000af600000, 0x00000000af600000, 0x00000000af700000|  0%| F|  |TAMS 0x00000000af600000, 0x00000000af600000| Untracked 
| 213|0x00000000af700000, 0x00000000af700000, 0x00000000af800000|  0%| F|  |TAMS 0x00000000af700000, 0x00000000af700000| Untracked 
| 214|0x00000000af800000, 0x00000000af800000, 0x00000000af900000|  0%| F|  |TAMS 0x00000000af800000, 0x00000000af800000| Untracked 
| 215|0x00000000af900000, 0x00000000af900000, 0x00000000afa00000|  0%| F|  |TAMS 0x00000000af900000, 0x00000000af900000| Untracked 
| 216|0x00000000afa00000, 0x00000000afa00000, 0x00000000afb00000|  0%| F|  |TAMS 0x00000000afa00000, 0x00000000afa00000| Untracked 
| 217|0x00000000afb00000, 0x00000000afb00000, 0x00000000afc00000|  0%| F|  |TAMS 0x00000000afb00000, 0x00000000afb00000| Untracked 
| 218|0x00000000afc00000, 0x00000000afc00000, 0x00000000afd00000|  0%| F|  |TAMS 0x00000000afc00000, 0x00000000afc00000| Untracked 
| 219|0x00000000afd00000, 0x00000000afd00000, 0x00000000afe00000|  0%| F|  |TAMS 0x00000000afd00000, 0x00000000afd00000| Untracked 
| 220|0x00000000afe00000, 0x00000000afe00000, 0x00000000aff00000|  0%| F|  |TAMS 0x00000000afe00000, 0x00000000afe00000| Untracked 
| 221|0x00000000aff00000, 0x00000000aff00000, 0x00000000b0000000|  0%| F|  |TAMS 0x00000000aff00000, 0x00000000aff00000| Untracked 
| 222|0x00000000b0000000, 0x00000000b0000000, 0x00000000b0100000|  0%| F|  |TAMS 0x00000000b0000000, 0x00000000b0000000| Untracked 
| 223|0x00000000b0100000, 0x00000000b0100000, 0x00000000b0200000|  0%| F|  |TAMS 0x00000000b0100000, 0x00000000b0100000| Untracked 
| 224|0x00000000b0200000, 0x00000000b0200000, 0x00000000b0300000|  0%| F|  |TAMS 0x00000000b0200000, 0x00000000b0200000| Untracked 
| 225|0x00000000b0300000, 0x00000000b0300000, 0x00000000b0400000|  0%| F|  |TAMS 0x00000000b0300000, 0x00000000b0300000| Untracked 
| 226|0x00000000b0400000, 0x00000000b0400000, 0x00000000b0500000|  0%| F|  |TAMS 0x00000000b0400000, 0x00000000b0400000| Untracked 
| 227|0x00000000b0500000, 0x00000000b0500000, 0x00000000b0600000|  0%| F|  |TAMS 0x00000000b0500000, 0x00000000b0500000| Untracked 
| 228|0x00000000b0600000, 0x00000000b0600000, 0x00000000b0700000|  0%| F|  |TAMS 0x00000000b0600000, 0x00000000b0600000| Untracked 
| 229|0x00000000b0700000, 0x00000000b0700000, 0x00000000b0800000|  0%| F|  |TAMS 0x00000000b0700000, 0x00000000b0700000| Untracked 
| 230|0x00000000b0800000, 0x00000000b0800000, 0x00000000b0900000|  0%| F|  |TAMS 0x00000000b0800000, 0x00000000b0800000| Untracked 
| 231|0x00000000b0900000, 0x00000000b0900000, 0x00000000b0a00000|  0%| F|  |TAMS 0x00000000b0900000, 0x00000000b0900000| Untracked 
| 232|0x00000000b0a00000, 0x00000000b0a00000, 0x00000000b0b00000|  0%| F|  |TAMS 0x00000000b0a00000, 0x00000000b0a00000| Untracked 
| 233|0x00000000b0b00000, 0x00000000b0b00000, 0x00000000b0c00000|  0%| F|  |TAMS 0x00000000b0b00000, 0x00000000b0b00000| Untracked 
| 234|0x00000000b0c00000, 0x00000000b0c00000, 0x00000000b0d00000|  0%| F|  |TAMS 0x00000000b0c00000, 0x00000000b0c00000| Untracked 
| 235|0x00000000b0d00000, 0x00000000b0d00000, 0x00000000b0e00000|  0%| F|  |TAMS 0x00000000b0d00000, 0x00000000b0d00000| Untracked 
| 236|0x00000000b0e00000, 0x00000000b0e00000, 0x00000000b0f00000|  0%| F|  |TAMS 0x00000000b0e00000, 0x00000000b0e00000| Untracked 
| 237|0x00000000b0f00000, 0x00000000b0f00000, 0x00000000b1000000|  0%| F|  |TAMS 0x00000000b0f00000, 0x00000000b0f00000| Untracked 
| 238|0x00000000b1000000, 0x00000000b1000000, 0x00000000b1100000|  0%| F|  |TAMS 0x00000000b1000000, 0x00000000b1000000| Untracked 
| 239|0x00000000b1100000, 0x00000000b1100000, 0x00000000b1200000|  0%| F|  |TAMS 0x00000000b1100000, 0x00000000b1100000| Untracked 
| 240|0x00000000b1200000, 0x00000000b1200000, 0x00000000b1300000|  0%| F|  |TAMS 0x00000000b1200000, 0x00000000b1200000| Untracked 
| 241|0x00000000b1300000, 0x00000000b1300000, 0x00000000b1400000|  0%| F|  |TAMS 0x00000000b1300000, 0x00000000b1300000| Untracked 
| 242|0x00000000b1400000, 0x00000000b1400000, 0x00000000b1500000|  0%| F|  |TAMS 0x00000000b1400000, 0x00000000b1400000| Untracked 
| 243|0x00000000b1500000, 0x00000000b1500000, 0x00000000b1600000|  0%| F|  |TAMS 0x00000000b1500000, 0x00000000b1500000| Untracked 
| 244|0x00000000b1600000, 0x00000000b1600000, 0x00000000b1700000|  0%| F|  |TAMS 0x00000000b1600000, 0x00000000b1600000| Untracked 
| 245|0x00000000b1700000, 0x00000000b1700000, 0x00000000b1800000|  0%| F|  |TAMS 0x00000000b1700000, 0x00000000b1700000| Untracked 
| 246|0x00000000b1800000, 0x00000000b1800000, 0x00000000b1900000|  0%| F|  |TAMS 0x00000000b1800000, 0x00000000b1800000| Untracked 
| 247|0x00000000b1900000, 0x00000000b1900000, 0x00000000b1a00000|  0%| F|  |TAMS 0x00000000b1900000, 0x00000000b1900000| Untracked 
| 248|0x00000000b1a00000, 0x00000000b1a00000, 0x00000000b1b00000|  0%| F|  |TAMS 0x00000000b1a00000, 0x00000000b1a00000| Untracked 
| 249|0x00000000b1b00000, 0x00000000b1b00000, 0x00000000b1c00000|  0%| F|  |TAMS 0x00000000b1b00000, 0x00000000b1b00000| Untracked 
| 250|0x00000000b1c00000, 0x00000000b1c00000, 0x00000000b1d00000|  0%| F|  |TAMS 0x00000000b1c00000, 0x00000000b1c00000| Untracked 
| 251|0x00000000b1d00000, 0x00000000b1d00000, 0x00000000b1e00000|  0%| F|  |TAMS 0x00000000b1d00000, 0x00000000b1d00000| Untracked 
| 252|0x00000000b1e00000, 0x00000000b1e00000, 0x00000000b1f00000|  0%| F|  |TAMS 0x00000000b1e00000, 0x00000000b1e00000| Untracked 
| 253|0x00000000b1f00000, 0x00000000b1f00000, 0x00000000b2000000|  0%| F|  |TAMS 0x00000000b1f00000, 0x00000000b1f00000| Untracked 
| 254|0x00000000b2000000, 0x00000000b2000000, 0x00000000b2100000|  0%| F|  |TAMS 0x00000000b2000000, 0x00000000b2000000| Untracked 
| 255|0x00000000b2100000, 0x00000000b2100000, 0x00000000b2200000|  0%| F|  |TAMS 0x00000000b2100000, 0x00000000b2100000| Untracked 
| 256|0x00000000b2200000, 0x00000000b2283280, 0x00000000b2300000| 51%| S|CS|TAMS 0x00000000b2200000, 0x00000000b2200000| Complete 
| 257|0x00000000b2300000, 0x00000000b2400000, 0x00000000b2400000|100%| S|CS|TAMS 0x00000000b2300000, 0x00000000b2300000| Complete 
| 258|0x00000000b2400000, 0x00000000b2500000, 0x00000000b2500000|100%| S|CS|TAMS 0x00000000b2400000, 0x00000000b2400000| Complete 
| 259|0x00000000b2500000, 0x00000000b2500000, 0x00000000b2600000|  0%| F|  |TAMS 0x00000000b2500000, 0x00000000b2500000| Untracked 
| 260|0x00000000b2600000, 0x00000000b2600000, 0x00000000b2700000|  0%| F|  |TAMS 0x00000000b2600000, 0x00000000b2600000| Untracked 
| 261|0x00000000b2700000, 0x00000000b2700000, 0x00000000b2800000|  0%| F|  |TAMS 0x00000000b2700000, 0x00000000b2700000| Untracked 
| 262|0x00000000b2800000, 0x00000000b2800000, 0x00000000b2900000|  0%| F|  |TAMS 0x00000000b2800000, 0x00000000b2800000| Untracked 
| 263|0x00000000b2900000, 0x00000000b2900000, 0x00000000b2a00000|  0%| F|  |TAMS 0x00000000b2900000, 0x00000000b2900000| Untracked 
| 264|0x00000000b2a00000, 0x00000000b2a00000, 0x00000000b2b00000|  0%| F|  |TAMS 0x00000000b2a00000, 0x00000000b2a00000| Untracked 
| 265|0x00000000b2b00000, 0x00000000b2b00000, 0x00000000b2c00000|  0%| F|  |TAMS 0x00000000b2b00000, 0x00000000b2b00000| Untracked 
| 266|0x00000000b2c00000, 0x00000000b2c00000, 0x00000000b2d00000|  0%| F|  |TAMS 0x00000000b2c00000, 0x00000000b2c00000| Untracked 
| 267|0x00000000b2d00000, 0x00000000b2d00000, 0x00000000b2e00000|  0%| F|  |TAMS 0x00000000b2d00000, 0x00000000b2d00000| Untracked 
| 268|0x00000000b2e00000, 0x00000000b2e00000, 0x00000000b2f00000|  0%| F|  |TAMS 0x00000000b2e00000, 0x00000000b2e00000| Untracked 
| 269|0x00000000b2f00000, 0x00000000b2f00000, 0x00000000b3000000|  0%| F|  |TAMS 0x00000000b2f00000, 0x00000000b2f00000| Untracked 
| 270|0x00000000b3000000, 0x00000000b3000000, 0x00000000b3100000|  0%| F|  |TAMS 0x00000000b3000000, 0x00000000b3000000| Untracked 
| 271|0x00000000b3100000, 0x00000000b3100000, 0x00000000b3200000|  0%| F|  |TAMS 0x00000000b3100000, 0x00000000b3100000| Untracked 
| 272|0x00000000b3200000, 0x00000000b3200000, 0x00000000b3300000|  0%| F|  |TAMS 0x00000000b3200000, 0x00000000b3200000| Untracked 
|1498|0x00000000ffc00000, 0x00000000ffd00000, 0x00000000ffd00000|100%| O|  |TAMS 0x00000000ffd00000, 0x00000000ffc00000| Untracked 
|1499|0x00000000ffd00000, 0x00000000ffd00000, 0x00000000ffe00000|  0%| F|  |TAMS 0x00000000ffd00000, 0x00000000ffd00000| Untracked 
|1500|0x00000000ffe00000, 0x00000000ffe52110, 0x00000000fff00000| 32%| E|  |TAMS 0x00000000ffe00000, 0x00000000ffe00000| Complete 
|1501|0x00000000fff00000, 0x0000000100000000, 0x0000000100000000|100%| O|  |TAMS 0x0000000100000000, 0x00000000fff00000| Untracked 

Card table byte_map: [0x000002014f670000,0x000002014f960000] _byte_map_base: 0x000002014f15f000

Marking Bits (Prev, Next): (CMBitMap*) 0x000002013663a050, (CMBitMap*) 0x000002013663a010
 Prev Bits: [0x00000201513d0000, 0x0000020152b48000)
 Next Bits: [0x000002014fc50000, 0x00000201513c8000)

Polling page: 0x000002013f6c0000

Metaspace:

Usage:
  Non-class:     58.78 MB used.
      Class:      7.34 MB used.
       Both:     66.12 MB used.

Virtual space:
  Non-class space:       64.00 MB reserved,      59.19 MB ( 92%) committed,  1 nodes.
      Class space:        1.00 GB reserved,       7.75 MB ( <1%) committed,  1 nodes.
             Both:        1.06 GB reserved,      66.94 MB (  6%) committed. 

Chunk freelists:
   Non-Class:  32.00 KB
       Class:  80.00 KB
        Both:  112.00 KB

MaxMetaspaceSize: unlimited
CompressedClassSpaceSize: 1.00 GB
Initial GC threshold: 21.00 MB
Current GC threshold: 88.06 MB
CDS: on
MetaspaceReclaimPolicy: balanced
 - commit_granule_bytes: 65536.
 - commit_granule_words: 8192.
 - virtual_space_node_default_size: 8388608.
 - enlarge_chunks_in_place: 1.
 - new_chunks_are_fully_committed: 0.
 - uncommit_free_chunks: 1.
 - use_allocation_guard: 0.


Internal statistics:

num_allocs_failed_limit: 6.
num_arena_births: 1354.
num_arena_deaths: 0.
num_vsnodes_births: 2.
num_vsnodes_deaths: 0.
num_space_committed: 1069.
num_space_uncommitted: 0.
num_chunks_returned_to_freelist: 6.
num_chunks_taken_from_freelist: 4091.
num_chunk_merges: 6.
num_chunk_splits: 2981.
num_chunks_enlarged: 2228.
num_inconsistent_stats: 0.

CodeHeap 'non-profiled nmethods': size=120000Kb used=6589Kb max_used=6589Kb free=113410Kb
 bounds [0x00000201471b0000, 0x0000020147820000, 0x000002014e6e0000]
CodeHeap 'profiled nmethods': size=120000Kb used=35811Kb max_used=36043Kb free=84188Kb
 bounds [0x000002013fc80000, 0x0000020141fc0000, 0x00000201471b0000]
CodeHeap 'non-nmethods': size=5760Kb used=1391Kb max_used=1458Kb free=4368Kb
 bounds [0x000002013f6e0000, 0x000002013f950000, 0x000002013fc80000]
 total_blobs=13404 nmethods=12699 adapters=614
 compilation: enabled
              stopped_count=0, restarted_count=0
 full_count=0

Compilation events (20 events):
Event: 76.008 Thread 0x00000201557e1190 nmethod 15739 0x0000020140cb5890 code [0x0000020140cb5ac0, 0x0000020140cb60e8]
Event: 76.008 Thread 0x00000201557e1190 15740       3       org.jetbrains.kotlin.renderer.DescriptorRendererImpl::renderTypeParameter (317 bytes)
Event: 76.009 Thread 0x000002015d30b390 nmethod 15723 0x0000020147803610 code [0x0000020147803780, 0x0000020147803838]
Event: 76.009 Thread 0x000002015d30b390 15647       4       org.jetbrains.kotlin.ir.util.TypeTranslator::translateTypeAnnotations (229 bytes)
Event: 76.011 Thread 0x00000201557e1190 nmethod 15740 0x00000201416fe990 code [0x00000201416ff020, 0x0000020141702468]
Event: 76.011 Thread 0x00000201557e1190 15741       3       org.jetbrains.kotlin.ir.util.SymbolTable$ScopedSymbolTable$Scope::getByIdSignature (34 bytes)
Event: 76.011 Thread 0x00000201557e1190 nmethod 15741 0x0000020140ef7510 code [0x0000020140ef7700, 0x0000020140ef7dc8]
Event: 76.011 Thread 0x00000201557e1190 15742       3       org.jetbrains.kotlin.backend.common.serialization.mangle.descriptor.DescriptorExportCheckerVisitor::visitTypeParameterDescriptor (10 bytes)
Event: 76.011 Thread 0x00000201557e1190 nmethod 15742 0x0000020140cb5190 code [0x0000020140cb5340, 0x0000020140cb55e8]
Event: 76.011 Thread 0x00000201557e1190 15748       3       org.jetbrains.kotlin.renderer.ClassifierNamePolicy$SHORT::renderClassifier (94 bytes)
Event: 76.013 Thread 0x00000201557e1190 nmethod 15748 0x0000020140ef4b10 code [0x0000020140ef4f00, 0x0000020140ef6c48]
Event: 76.013 Thread 0x00000201557e1190 15744       3       org.jetbrains.kotlin.descriptors.PossiblyInnerType::<init> (32 bytes)
Event: 76.013 Thread 0x00000201557e1190 nmethod 15744 0x0000020140ef3890 code [0x0000020140ef3b20, 0x0000020140ef4718]
Event: 76.013 Thread 0x00000201557e1190 15745       3       org.jetbrains.kotlin.renderer.DescriptorRendererImpl::renderClassifierName (44 bytes)
Event: 76.014 Thread 0x00000201557e1190 nmethod 15745 0x0000020140ef2590 code [0x0000020140ef2820, 0x0000020140ef34c8]
Event: 76.014 Thread 0x00000201557e1190 15746       3       org.jetbrains.kotlin.renderer.DescriptorRendererImpl::getClassifierNamePolicy (8 bytes)
Event: 76.014 Thread 0x00000201557e1190 nmethod 15746 0x0000020140ef1e90 code [0x0000020140ef2040, 0x0000020140ef23a8]
Event: 76.014 Thread 0x00000201557e1190 15747       3       org.jetbrains.kotlin.renderer.DescriptorRendererOptionsImpl::getClassifierNamePolicy (19 bytes)
Event: 76.014 Thread 0x00000201557e1190 nmethod 15747 0x0000020141c23990 code [0x0000020141c23b40, 0x0000020141c23e48]
Event: 76.014 Thread 0x00000201557e1190 15749       3       org.jetbrains.kotlin.descriptors.TypeParameterUtilsKt::buildPossiblyInnerType (217 bytes)

GC Heap History (20 events):
Event: 39.790 GC heap before
{Heap before GC invocations=19 (full 0):
 garbage-first heap   total 112640K, used 66566K [0x00000000a2200000, 0x0000000100000000)
  region size 1024K, 5 young (5120K), 4 survivors (4096K)
 Metaspace       used 52760K, committed 53568K, reserved 1114112K
  class space    used 6304K, committed 6720K, reserved 1048576K
}
Event: 39.801 GC heap after
{Heap after GC invocations=20 (full 0):
 garbage-first heap   total 112640K, used 66252K [0x00000000a2200000, 0x0000000100000000)
  region size 1024K, 1 young (1024K), 1 survivors (1024K)
 Metaspace       used 52760K, committed 53568K, reserved 1114112K
  class space    used 6304K, committed 6720K, reserved 1048576K
}
Event: 40.166 GC heap before
{Heap before GC invocations=20 (full 0):
 garbage-first heap   total 112640K, used 89804K [0x00000000a2200000, 0x0000000100000000)
  region size 1024K, 24 young (24576K), 1 survivors (1024K)
 Metaspace       used 53215K, committed 54016K, reserved 1114112K
  class space    used 6339K, committed 6784K, reserved 1048576K
}
Event: 40.171 GC heap after
{Heap after GC invocations=21 (full 0):
 garbage-first heap   total 112640K, used 67157K [0x00000000a2200000, 0x0000000100000000)
  region size 1024K, 2 young (2048K), 2 survivors (2048K)
 Metaspace       used 53215K, committed 54016K, reserved 1114112K
  class space    used 6339K, committed 6784K, reserved 1048576K
}
Event: 40.288 GC heap before
{Heap before GC invocations=22 (full 0):
 garbage-first heap   total 132096K, used 90709K [0x00000000a2200000, 0x0000000100000000)
  region size 1024K, 25 young (25600K), 2 survivors (2048K)
 Metaspace       used 53256K, committed 54080K, reserved 1114112K
  class space    used 6341K, committed 6784K, reserved 1048576K
}
Event: 40.294 GC heap after
{Heap after GC invocations=23 (full 0):
 garbage-first heap   total 132096K, used 67444K [0x00000000a2200000, 0x0000000100000000)
  region size 1024K, 2 young (2048K), 2 survivors (2048K)
 Metaspace       used 53256K, committed 54080K, reserved 1114112K
  class space    used 6341K, committed 6784K, reserved 1048576K
}
Event: 40.319 GC heap before
{Heap before GC invocations=23 (full 0):
 garbage-first heap   total 132096K, used 71540K [0x00000000a2200000, 0x0000000100000000)
  region size 1024K, 6 young (6144K), 2 survivors (2048K)
 Metaspace       used 53293K, committed 54144K, reserved 1114112K
  class space    used 6342K, committed 6784K, reserved 1048576K
}
Event: 40.332 GC heap after
{Heap after GC invocations=24 (full 0):
 garbage-first heap   total 283648K, used 67255K [0x00000000a2200000, 0x0000000100000000)
  region size 1024K, 1 young (1024K), 1 survivors (1024K)
 Metaspace       used 53293K, committed 54144K, reserved 1114112K
  class space    used 6342K, committed 6784K, reserved 1048576K
}
Event: 56.671 GC heap before
{Heap before GC invocations=24 (full 0):
 garbage-first heap   total 283648K, used 209591K [0x00000000a2200000, 0x0000000100000000)
  region size 1024K, 138 young (141312K), 1 survivors (1024K)
 Metaspace       used 60454K, committed 61312K, reserved 1114112K
  class space    used 6943K, committed 7360K, reserved 1048576K
}
Event: 56.775 GC heap after
{Heap after GC invocations=25 (full 0):
 garbage-first heap   total 283648K, used 82640K [0x00000000a2200000, 0x0000000100000000)
  region size 1024K, 14 young (14336K), 14 survivors (14336K)
 Metaspace       used 60454K, committed 61312K, reserved 1114112K
  class space    used 6943K, committed 7360K, reserved 1048576K
}
Event: 69.901 GC heap before
{Heap before GC invocations=25 (full 0):
 garbage-first heap   total 283648K, used 200400K [0x00000000a2200000, 0x0000000100000000)
  region size 1024K, 129 young (132096K), 14 survivors (14336K)
 Metaspace       used 61808K, committed 62656K, reserved 1114112K
  class space    used 6997K, committed 7424K, reserved 1048576K
}
Event: 73.508 GC heap after
{Heap after GC invocations=26 (full 0):
 garbage-first heap   total 283648K, used 90992K [0x00000000a2200000, 0x0000000100000000)
  region size 1024K, 9 young (9216K), 9 survivors (9216K)
 Metaspace       used 61808K, committed 62656K, reserved 1114112K
  class space    used 6997K, committed 7424K, reserved 1048576K
}
Event: 74.600 GC heap before
{Heap before GC invocations=26 (full 0):
 garbage-first heap   total 283648K, used 95088K [0x00000000a2200000, 0x0000000100000000)
  region size 1024K, 13 young (13312K), 9 survivors (9216K)
 Metaspace       used 61963K, committed 62784K, reserved 1114112K
  class space    used 7003K, committed 7424K, reserved 1048576K
}
Event: 74.611 GC heap after
{Heap after GC invocations=27 (full 0):
 garbage-first heap   total 283648K, used 92613K [0x00000000a2200000, 0x0000000100000000)
  region size 1024K, 2 young (2048K), 2 survivors (2048K)
 Metaspace       used 61963K, committed 62784K, reserved 1114112K
  class space    used 7003K, committed 7424K, reserved 1048576K
}
Event: 75.060 GC heap before
{Heap before GC invocations=27 (full 0):
 garbage-first heap   total 283648K, used 103877K [0x00000000a2200000, 0x0000000100000000)
  region size 1024K, 13 young (13312K), 2 survivors (2048K)
 Metaspace       used 63057K, committed 63872K, reserved 1114112K
  class space    used 7114K, committed 7552K, reserved 1048576K
}
Event: 75.061 GC heap after
{Heap after GC invocations=28 (full 0):
 garbage-first heap   total 283648K, used 91887K [0x00000000a2200000, 0x0000000100000000)
  region size 1024K, 1 young (1024K), 1 survivors (1024K)
 Metaspace       used 63057K, committed 63872K, reserved 1114112K
  class space    used 7114K, committed 7552K, reserved 1048576K
}
Event: 75.480 GC heap before
{Heap before GC invocations=28 (full 0):
 garbage-first heap   total 283648K, used 106223K [0x00000000a2200000, 0x0000000100000000)
  region size 1024K, 16 young (16384K), 1 survivors (1024K)
 Metaspace       used 66387K, committed 67264K, reserved 1114112K
  class space    used 7437K, committed 7872K, reserved 1048576K
}
Event: 75.482 GC heap after
{Heap after GC invocations=29 (full 0):
 garbage-first heap   total 283648K, used 92657K [0x00000000a2200000, 0x0000000100000000)
  region size 1024K, 2 young (2048K), 2 survivors (2048K)
 Metaspace       used 66387K, committed 67264K, reserved 1114112K
  class space    used 7437K, committed 7872K, reserved 1048576K
}
Event: 75.815 GC heap before
{Heap before GC invocations=29 (full 0):
 garbage-first heap   total 283648K, used 114161K [0x00000000a2200000, 0x0000000100000000)
  region size 1024K, 23 young (23552K), 2 survivors (2048K)
 Metaspace       used 67340K, committed 68224K, reserved 1114112K
  class space    used 7484K, committed 7936K, reserved 1048576K
}
Event: 75.824 GC heap after
{Heap after GC invocations=30 (full 0):
 garbage-first heap   total 283648K, used 95417K [0x00000000a2200000, 0x0000000100000000)
  region size 1024K, 3 young (3072K), 3 survivors (3072K)
 Metaspace       used 67340K, committed 68224K, reserved 1114112K
  class space    used 7484K, committed 7936K, reserved 1048576K
}

Deoptimization events (20 events):
Event: 75.907 Thread 0x00000201365e9680 Uncommon trap: trap_request=0xffffffde fr.pc=0x00000201477e38d4 relative=0x00000000000000b4
Event: 75.907 Thread 0x00000201365e9680 Uncommon trap: reason=class_check action=maybe_recompile pc=0x00000201477e38d4 method=org.jetbrains.kotlin.types.FlexibleTypesKt.upperIfFlexible(Lorg/jetbrains/kotlin/types/KotlinType;)Lorg/jetbrains/kotlin/types/SimpleType; @ 23 c2
Event: 75.907 Thread 0x00000201365e9680 DEOPT PACKING pc=0x00000201477e38d4 sp=0x00000070659fdb00
Event: 75.907 Thread 0x00000201365e9680 DEOPT UNPACKING pc=0x000002013f7323a3 sp=0x00000070659fda80 mode 2
Event: 75.907 Thread 0x00000201365e9680 Uncommon trap: trap_request=0xffffffde fr.pc=0x00000201477ecd30 relative=0x0000000000000170
Event: 75.907 Thread 0x00000201365e9680 Uncommon trap: reason=class_check action=maybe_recompile pc=0x00000201477ecd30 method=org.jetbrains.kotlin.types.FlexibleTypesKt.isNullabilityFlexible(Lorg/jetbrains/kotlin/types/KotlinType;)Z @ 19 c2
Event: 75.907 Thread 0x00000201365e9680 DEOPT PACKING pc=0x00000201477ecd30 sp=0x00000070659fda10
Event: 75.908 Thread 0x00000201365e9680 DEOPT UNPACKING pc=0x000002013f7323a3 sp=0x00000070659fd998 mode 2
Event: 75.977 Thread 0x00000201365e9680 Uncommon trap: trap_request=0xffffffec fr.pc=0x00000201477e6c30 relative=0x0000000000000110
Event: 75.977 Thread 0x00000201365e9680 Uncommon trap: reason=null_assert_or_unreached0 action=make_not_entrant pc=0x00000201477e6c30 method=org.jetbrains.kotlin.ir.types.impl.IrSimpleTypeImplKt.buildSimpleType(Lorg/jetbrains/kotlin/ir/types/impl/IrSimpleTypeBuilder;)Lorg/jetbrains/kotlin/ir/ty
Event: 75.977 Thread 0x00000201365e9680 DEOPT PACKING pc=0x00000201477e6c30 sp=0x00000070659fdd90
Event: 75.977 Thread 0x00000201365e9680 DEOPT UNPACKING pc=0x000002013f7323a3 sp=0x00000070659fdd10 mode 2
Event: 75.985 Thread 0x00000201365e9680 Uncommon trap: trap_request=0xffffffde fr.pc=0x0000020147625970 relative=0x0000000000000590
Event: 75.985 Thread 0x00000201365e9680 Uncommon trap: reason=class_check action=maybe_recompile pc=0x0000020147625970 method=org.jetbrains.kotlin.types.ClassifierBasedTypeConstructor.equals(Ljava/lang/Object;)Z @ 30 c2
Event: 75.985 Thread 0x00000201365e9680 DEOPT PACKING pc=0x0000020147625970 sp=0x00000070659fbdb0
Event: 75.985 Thread 0x00000201365e9680 DEOPT UNPACKING pc=0x000002013f7323a3 sp=0x00000070659fbd50 mode 2
Event: 75.987 Thread 0x00000201365e9680 Uncommon trap: trap_request=0xffffffde fr.pc=0x0000020147625970 relative=0x0000000000000590
Event: 75.987 Thread 0x00000201365e9680 Uncommon trap: reason=class_check action=maybe_recompile pc=0x0000020147625970 method=org.jetbrains.kotlin.types.ClassifierBasedTypeConstructor.equals(Ljava/lang/Object;)Z @ 30 c2
Event: 75.987 Thread 0x00000201365e9680 DEOPT PACKING pc=0x0000020147625970 sp=0x00000070659fbdb0
Event: 75.987 Thread 0x00000201365e9680 DEOPT UNPACKING pc=0x000002013f7323a3 sp=0x00000070659fbd50 mode 2

Classes loaded (20 events):
Event: 21.555 Loading class java/util/stream/SortedOps$AbstractRefSortingSink done
Event: 21.555 Loading class java/util/stream/SortedOps$RefSortingSink done
Event: 22.126 Loading class java/util/HashMap$EntrySpliterator
Event: 22.132 Loading class java/util/HashMap$EntrySpliterator done
Event: 49.055 Loading class jdk/internal/math/FloatingDecimal$ASCIIToBinaryBuffer
Event: 49.066 Loading class jdk/internal/math/FloatingDecimal$ASCIIToBinaryBuffer done
Event: 55.511 Loading class java/util/concurrent/locks/AbstractQueuedSynchronizer$Node
Event: 55.514 Loading class java/util/concurrent/locks/AbstractQueuedSynchronizer$Node done
Event: 60.268 Loading class java/lang/Short$ShortCache
Event: 61.414 Loading class java/lang/Short$ShortCache done
Event: 74.877 Loading class java/text/MessageFormat
Event: 74.891 Loading class java/text/MessageFormat done
Event: 74.911 Loading class jdk/internal/reflect/MethodHandleBooleanFieldAccessorImpl
Event: 74.913 Loading class jdk/internal/reflect/MethodHandleBooleanFieldAccessorImpl done
Event: 74.949 Loading class java/text/ChoiceFormat
Event: 74.951 Loading class java/text/ChoiceFormat done
Event: 74.964 Loading class java/lang/invoke/DirectMethodHandle$1
Event: 74.965 Loading class java/lang/invoke/DirectMethodHandle$1 done
Event: 75.001 Loading class java/text/MessageFormat$Field
Event: 75.002 Loading class java/text/MessageFormat$Field done

Classes unloaded (0 events):
No events

Classes redefined (0 events):
No events

Internal exceptions (20 events):
Event: 41.990 Thread 0x00000201365e9680 Exception <a 'java/lang/NoSuchMethodError'{0x00000000b160b8f0}: 'int java.lang.invoke.DirectMethodHandle$Holder.invokeStaticInit(java.lang.Object, int)'> (0x00000000b160b8f0) 
thrown [s\open\src\hotspot\share\interpreter\linkResolver.cpp, line 759]
Event: 42.050 Thread 0x00000201365e9680 Exception <a 'java/lang/NoSuchMethodError'{0x00000000b16f5dd8}: 'java.lang.Object java.lang.invoke.DirectMethodHandle$Holder.invokeInterface(java.lang.Object, java.lang.Object, java.lang.Object)'> (0x00000000b16f5dd8) 
thrown [s\open\src\hotspot\share\interpreter\linkResolver.cpp, line 759]
Event: 42.050 Thread 0x00000201365e9680 Exception <a 'java/lang/IncompatibleClassChangeError'{0x00000000b16f9740}: Found class java.lang.Object, but interface was expected> (0x00000000b16f9740) 
thrown [s\open\src\hotspot\share\interpreter\linkResolver.cpp, line 826]
Event: 49.162 Thread 0x00000201365e9680 Implicit null exception at 0x00000201471cac52 to 0x00000201471cb148
Event: 49.192 Thread 0x00000201365e9680 Implicit null exception at 0x00000201471cd3d2 to 0x00000201471cd8bc
Event: 53.783 Thread 0x00000201365e9680 Implicit null exception at 0x0000020147549b9e to 0x0000020147549e48
Event: 54.186 Thread 0x00000201365e9680 Implicit null exception at 0x000002014742d49b to 0x000002014742dbba
Event: 54.758 Thread 0x00000201365e9680 Implicit null exception at 0x000002014761c560 to 0x000002014761c810
Event: 54.760 Thread 0x00000201365e9680 Implicit null exception at 0x00000201472609db to 0x0000020147260c7c
Event: 54.934 Thread 0x00000201365e9680 Exception <a 'java/lang/NoSuchMethodError'{0x00000000ad8664a8}: 'void java.lang.invoke.DirectMethodHandle$Holder.invokeStatic(java.lang.Object, java.lang.Object, java.lang.Object)'> (0x00000000ad8664a8) 
thrown [s\open\src\hotspot\share\interpreter\linkResolver.cpp, line 759]
Event: 55.786 Thread 0x00000201365e9680 Implicit null exception at 0x000002014762f1bc to 0x000002014762f24a
Event: 55.786 Thread 0x00000201365e9680 Implicit null exception at 0x000002014762f6bf to 0x000002014762f75e
Event: 66.989 Thread 0x00000201365e9680 Implicit null exception at 0x0000020147240671 to 0x0000020147240860
Event: 74.819 Thread 0x00000201365e9680 Implicit null exception at 0x0000020147724d33 to 0x0000020147724e94
Event: 74.913 Thread 0x00000201365e9680 Exception <a 'java/lang/NoSuchMethodError'{0x00000000b2df20a0}: 'int java.lang.invoke.Invokers$Holder.invokeExact_MT(java.lang.Object, java.lang.Object, java.lang.Object)'> (0x00000000b2df20a0) 
thrown [s\open\src\hotspot\share\interpreter\linkResolver.cpp, line 759]
Event: 74.915 Thread 0x00000201365e9680 Exception <a 'java/lang/NoSuchMethodError'{0x00000000b2df6b68}: 'void java.lang.invoke.Invokers$Holder.invokeExact_MT(java.lang.Object, java.lang.Object, java.lang.Object, java.lang.Object)'> (0x00000000b2df6b68) 
thrown [s\open\src\hotspot\share\interpreter\linkResolver.cpp, line 759]
Event: 74.943 Thread 0x00000201365e9680 Exception <a 'java/lang/NoSuchMethodError'{0x00000000b2b072f0}: 'java.lang.Object java.lang.invoke.DirectMethodHandle$Holder.invokeStaticInit(java.lang.Object, java.lang.Object, java.lang.Object, java.lang.Object)'> (0x00000000b2b072f0) 
thrown [s\open\src\hotspot\share\interpreter\linkResolver.cpp, line 759]
Event: 75.242 Thread 0x00000201365e9680 Implicit null exception at 0x0000020147474693 to 0x00000201474747dc
Event: 75.288 Thread 0x00000201365e9680 Exception <a 'java/lang/NoSuchMethodError'{0x00000000b2c3c800}: 'int java.lang.invoke.DirectMethodHandle$Holder.invokeStaticInit(java.lang.Object, java.lang.Object, java.lang.Object, java.lang.Object)'> (0x00000000b2c3c800) 
thrown [s\open\src\hotspot\share\interpreter\linkResolver.cpp, line 759]
Event: 75.804 Thread 0x00000201365e9680 Implicit null exception at 0x0000020147218670 to 0x000002014721889c

VM Operations (20 events):
Event: 75.240 Executing VM operation: HandshakeAllThreads
Event: 75.240 Executing VM operation: HandshakeAllThreads done
Event: 75.346 Executing VM operation: HandshakeAllThreads
Event: 75.346 Executing VM operation: HandshakeAllThreads done
Event: 75.460 Executing VM operation: ICBufferFull
Event: 75.460 Executing VM operation: ICBufferFull done
Event: 75.466 Executing VM operation: HandshakeAllThreads
Event: 75.466 Executing VM operation: HandshakeAllThreads done
Event: 75.480 Executing VM operation: G1CollectForAllocation
Event: 75.482 Executing VM operation: G1CollectForAllocation done
Event: 75.651 Executing VM operation: ICBufferFull
Event: 75.651 Executing VM operation: ICBufferFull done
Event: 75.755 Executing VM operation: ICBufferFull
Event: 75.755 Executing VM operation: ICBufferFull done
Event: 75.815 Executing VM operation: G1CollectForAllocation
Event: 75.824 Executing VM operation: G1CollectForAllocation done
Event: 75.835 Executing VM operation: HandshakeAllThreads
Event: 75.835 Executing VM operation: HandshakeAllThreads done
Event: 75.915 Executing VM operation: ICBufferFull
Event: 75.915 Executing VM operation: ICBufferFull done

Events (20 events):
Event: 75.366 Thread 0x00000201557e5aa0 flushing nmethod 0x0000020141c11d90
Event: 75.366 Thread 0x00000201557e5aa0 flushing nmethod 0x0000020141c12490
Event: 75.366 Thread 0x00000201557e5aa0 flushing nmethod 0x0000020141c12990
Event: 75.366 Thread 0x00000201557e5aa0 flushing nmethod 0x0000020141c12e90
Event: 75.366 Thread 0x00000201557e5aa0 flushing nmethod 0x0000020141c19a10
Event: 75.366 Thread 0x00000201557e5aa0 flushing nmethod 0x0000020141c23690
Event: 75.366 Thread 0x00000201557e5aa0 flushing nmethod 0x0000020141c27710
Event: 75.367 Thread 0x00000201557e5aa0 flushing nmethod 0x0000020141cac390
Event: 75.367 Thread 0x00000201557e5aa0 flushing nmethod 0x0000020141dbef10
Event: 75.367 Thread 0x00000201557e5aa0 flushing nmethod 0x0000020141dc1310
Event: 75.367 Thread 0x00000201557e5aa0 flushing nmethod 0x0000020141de2f10
Event: 75.367 Thread 0x000002015d30fa70 Thread exited: 0x000002015d30fa70
Event: 75.367 Thread 0x00000201557e5aa0 flushing nmethod 0x0000020141e1f890
Event: 75.368 Thread 0x00000201557e5aa0 flushing nmethod 0x0000020141eb4910
Event: 75.368 Thread 0x00000201557e5aa0 flushing nmethod 0x0000020141eb8a10
Event: 75.368 Thread 0x00000201557e5aa0 flushing nmethod 0x0000020141edec90
Event: 75.368 Thread 0x00000201557e5aa0 flushing nmethod 0x0000020141efc810
Event: 75.368 Thread 0x00000201557e5aa0 flushing nmethod 0x0000020141f76810
Event: 75.472 Thread 0x000002015d30b390 Thread added: 0x000002015d30b390
Event: 75.596 Thread 0x000002015d310490 Thread added: 0x000002015d310490


Dynamic libraries:
0x00007ff671eb0000 - 0x00007ff671ebe000 	C:\Program Files\Java\jdk-18.0.2.1\bin\java.exe
0x00007ffe2be70000 - 0x00007ffe2c084000 	C:\WINDOWS\SYSTEM32\ntdll.dll
0x00007ffe2a750000 - 0x00007ffe2a814000 	C:\WINDOWS\System32\KERNEL32.DLL
0x00007ffe294f0000 - 0x00007ffe29894000 	C:\WINDOWS\System32\KERNELBASE.dll
0x00007ffe299c0000 - 0x00007ffe29ad1000 	C:\WINDOWS\System32\ucrtbase.dll
0x00007ffe0f560000 - 0x00007ffe0f577000 	C:\Program Files\Java\jdk-18.0.2.1\bin\jli.dll
0x00007ffe0f580000 - 0x00007ffe0f59a000 	C:\Program Files\Java\jdk-18.0.2.1\bin\VCRUNTIME140.dll
0x00007ffe2a8e0000 - 0x00007ffe2aa8e000 	C:\WINDOWS\System32\USER32.dll
0x00007ffe294c0000 - 0x00007ffe294e6000 	C:\WINDOWS\System32\win32u.dll
0x00007ffe2b2e0000 - 0x00007ffe2b309000 	C:\WINDOWS\System32\GDI32.dll
0x00007ffe0bb80000 - 0x00007ffe0be13000 	C:\WINDOWS\WinSxS\amd64_microsoft.windows.common-controls_6595b64144ccf1df_6.0.22621.2215_none_270d72677387dfc3\COMCTL32.dll
0x00007ffe298a0000 - 0x00007ffe299b8000 	C:\WINDOWS\System32\gdi32full.dll
0x00007ffe29b60000 - 0x00007ffe29bfa000 	C:\WINDOWS\System32\msvcp_win.dll
0x00007ffe2a830000 - 0x00007ffe2a8d7000 	C:\WINDOWS\System32\msvcrt.dll
0x00007ffe2a430000 - 0x00007ffe2a461000 	C:\WINDOWS\System32\IMM32.DLL
0x00007ffe1bf20000 - 0x00007ffe1bf2c000 	C:\Program Files\Java\jdk-18.0.2.1\bin\vcruntime140_1.dll
0x00007ffe0f4d0000 - 0x00007ffe0f55d000 	C:\Program Files\Java\jdk-18.0.2.1\bin\msvcp140.dll
0x00007ffd69170000 - 0x00007ffd69d81000 	C:\Program Files\Java\jdk-18.0.2.1\bin\server\jvm.dll
0x00007ffe2a690000 - 0x00007ffe2a740000 	C:\WINDOWS\System32\ADVAPI32.dll
0x00007ffe2b0e0000 - 0x00007ffe2b186000 	C:\WINDOWS\System32\sechost.dll
0x00007ffe2a470000 - 0x00007ffe2a587000 	C:\WINDOWS\System32\RPCRT4.dll
0x00007ffe2a740000 - 0x00007ffe2a748000 	C:\WINDOWS\System32\PSAPI.DLL
0x00007ffe13530000 - 0x00007ffe13539000 	C:\WINDOWS\SYSTEM32\WSOCK32.dll
0x00007ffe221b0000 - 0x00007ffe221e4000 	C:\WINDOWS\SYSTEM32\WINMM.dll
0x00007ffe22b50000 - 0x00007ffe22b5a000 	C:\WINDOWS\SYSTEM32\VERSION.dll
0x00007ffe2b6a0000 - 0x00007ffe2b711000 	C:\WINDOWS\System32\WS2_32.dll
0x00007ffe28270000 - 0x00007ffe28288000 	C:\WINDOWS\SYSTEM32\kernel.appcore.dll
0x00007ffe0f4c0000 - 0x00007ffe0f4ca000 	C:\Program Files\Java\jdk-18.0.2.1\bin\jimage.dll
0x00007ffe26cc0000 - 0x00007ffe26eee000 	C:\WINDOWS\SYSTEM32\DBGHELP.DLL
0x00007ffe2b310000 - 0x00007ffe2b69a000 	C:\WINDOWS\System32\combase.dll
0x00007ffe2bd50000 - 0x00007ffe2be27000 	C:\WINDOWS\System32\OLEAUT32.dll
0x00007ffe19350000 - 0x00007ffe19382000 	C:\WINDOWS\SYSTEM32\dbgcore.DLL
0x00007ffe29ae0000 - 0x00007ffe29b5a000 	C:\WINDOWS\System32\bcryptPrimitives.dll
0x00007ffdeaa40000 - 0x00007ffdeaa65000 	C:\Program Files\Java\jdk-18.0.2.1\bin\java.dll
0x00007ffddeee0000 - 0x00007ffddefb6000 	C:\Program Files\Java\jdk-18.0.2.1\bin\jsvml.dll
0x00007ffe29c00000 - 0x00007ffe2a423000 	C:\WINDOWS\System32\SHELL32.dll
0x00007ffe271b0000 - 0x00007ffe27a9a000 	C:\WINDOWS\SYSTEM32\windows.storage.dll
0x00007ffe27070000 - 0x00007ffe271ae000 	C:\WINDOWS\SYSTEM32\wintypes.dll
0x00007ffe2b990000 - 0x00007ffe2ba83000 	C:\WINDOWS\System32\SHCORE.dll
0x00007ffe2ab20000 - 0x00007ffe2ab7e000 	C:\WINDOWS\System32\shlwapi.dll
0x00007ffe29150000 - 0x00007ffe29176000 	C:\WINDOWS\SYSTEM32\profapi.dll
0x00007ffe0b2b0000 - 0x00007ffe0b2c3000 	C:\Program Files\Java\jdk-18.0.2.1\bin\net.dll
0x00007ffe22070000 - 0x00007ffe221a7000 	C:\WINDOWS\SYSTEM32\WINHTTP.dll
0x00007ffe286f0000 - 0x00007ffe28759000 	C:\WINDOWS\system32\mswsock.dll
0x00007ffdea980000 - 0x00007ffdea996000 	C:\Program Files\Java\jdk-18.0.2.1\bin\nio.dll
0x00007ffde75b0000 - 0x00007ffde75c8000 	C:\Program Files\Java\jdk-18.0.2.1\bin\zip.dll
0x00007ffe0f4b0000 - 0x00007ffe0f4c0000 	C:\Program Files\Java\jdk-18.0.2.1\bin\verify.dll

dbghelp: loaded successfully - version: 4.0.5 - missing functions: none
symbol engine: initialized successfully - sym options: 0x614 - pdb path: .;C:\Program Files\Java\jdk-18.0.2.1\bin;C:\WINDOWS\SYSTEM32;C:\WINDOWS\WinSxS\amd64_microsoft.windows.common-controls_6595b64144ccf1df_6.0.22621.2215_none_270d72677387dfc3;C:\Program Files\Java\jdk-18.0.2.1\bin\server

VM Arguments:
java_command: org.jetbrains.kotlin.cli.jvm.K2JVMCompiler @C:\Users\Lucas\OneDrive\Ambiente de Trabalho\Lucas Dev\Lucas Mobile\Projetos Portfolio\CLI Projetos\Fittin\node_modules\react-native-screens\android\build\20231024_14592302951280054749.compiler.options
java_class_path (initial): C:\Users\Lucas\.gradle\caches\modules-2\files-2.1\org.jetbrains.kotlin\kotlin-compiler-embeddable\1.6.21\97bdd5a752ce73b58ef16c17bc7f0ea2faff7a2e\kotlin-compiler-embeddable-1.6.21.jar;C:\Users\Lucas\.gradle\caches\modules-2\files-2.1\org.jetbrains.kotlin\kotlin-reflect\1.6.21\5dc3574d9b7bebfcb4ec6b10ada4aaa9e140bd0b\kotlin-reflect-1.6.21.jar;C:\Users\Lucas\.gradle\caches\modules-2\files-2.1\org.jetbrains.kotlin\kotlin-stdlib\1.6.21\11ef67f1900634fd951bad28c53ec957fabbe5b8\kotlin-stdlib-1.6.21.jar;C:\Users\Lucas\.gradle\caches\modules-2\files-2.1\org.jetbrains.kotlin\kotlin-script-runtime\1.6.21\99c6675100da5d6d5b1c5a1032f27f28008d101b\kotlin-script-runtime-1.6.21.jar;C:\Users\Lucas\.gradle\caches\modules-2\files-2.1\org.jetbrains.kotlin\kotlin-daemon-embeddable\1.6.21\46b78cf392e1c4f10854c3cadba44abb7b82250f\kotlin-daemon-embeddable-1.6.21.jar;C:\Users\Lucas\.gradle\caches\modules-2\files-2.1\org.jetbrains.intellij.deps\trove4j\1.0.20200330\3afb14d5f9ceb459d724e907a21145e8ff394f02\trove4j-1.0.20200330.jar;C:\Users\Lucas\.gradle\caches\modules-2\files-2.1\net.java.dev.jna\jna\5.6.0\330f2244e9030119ab3030fc3fededc86713d9cc\jna-5.6.0.jar;C:\Users\Lucas\.gradle\caches\modules-2\files-2.1\org.jetbrains.kotlin\kotlin-stdlib-common\1.6.21\5e5b55c26dbc80372a920aef60eb774b714559b8\kotlin-stdlib-common-1.6.21.jar;C:\Users\Lucas\.gradle\caches\modules-2\files-2.1\org.jetbrains\annotations\13.0\919f0dfe192fb4e063e7dacadee7f8bb9a2672a9\annotations-13.0.jar
Launcher Type: SUN_STANDARD

[Global flags]
     intx CICompilerCount                          = 4                                         {product} {ergonomic}
     uint ConcGCThreads                            = 3                                         {product} {ergonomic}
     uint G1ConcRefinementThreads                  = 10                                        {product} {ergonomic}
   size_t G1HeapRegionSize                         = 1048576                                   {product} {ergonomic}
    uintx GCDrainStackTargetSize                   = 64                                        {product} {ergonomic}
   size_t InitialHeapSize                          = 98566144                                  {product} {ergonomic}
   size_t MarkStackSize                            = 4194304                                   {product} {ergonomic}
   size_t MaxHeapSize                              = 1574961152                                {product} {ergonomic}
   size_t MaxNewSize                               = 944766976                                 {product} {ergonomic}
   size_t MinHeapDeltaBytes                        = 1048576                                   {product} {ergonomic}
   size_t MinHeapSize                              = 8388608                                   {product} {ergonomic}
    uintx NonNMethodCodeHeapSize                   = 5839372                                {pd product} {ergonomic}
    uintx NonProfiledCodeHeapSize                  = 122909434                              {pd product} {ergonomic}
    uintx ProfiledCodeHeapSize                     = 122909434                              {pd product} {ergonomic}
    uintx ReservedCodeCacheSize                    = 251658240                              {pd product} {ergonomic}
     bool SegmentedCodeCache                       = true                                      {product} {ergonomic}
   size_t SoftMaxHeapSize                          = 1574961152                             {manageable} {ergonomic}
     bool UseCompressedClassPointers               = true                           {product lp64_product} {ergonomic}
     bool UseCompressedOops                        = true                           {product lp64_product} {ergonomic}
     bool UseG1GC                                  = true                                      {product} {ergonomic}
     bool UseLargePagesIndividualAllocation        = false                                  {pd product} {ergonomic}

Logging:
Log output configuration:
 #0: stdout all=warning uptime,level,tags foldmultilines=false
 #1: stderr all=off uptime,level,tags foldmultilines=false

Environment Variables:
JAVA_HOME=C:\Program Files\Java\jdk-18.0.2.1\
CLASSPATH=C:\Users\Lucas\OneDrive\Ambiente de Trabalho\Lucas Dev\Lucas Mobile\Projetos Portfolio\CLI Projetos\Fittin\android\\gradle\wrapper\gradle-wrapper.jar
PATH=C:\Users\Lucas\OneDrive\Ambiente de Trabalho\Lucas Dev\Lucas Mobile\Projetos Portfolio\CLI Projetos\Fittin\android\node_modules\.bin;C:\Users\Lucas\OneDrive\Ambiente de Trabalho\Lucas Dev\Lucas Mobile\Projetos Portfolio\CLI Projetos\Fittin\node_modules\.bin;C:\Users\Lucas\OneDrive\Ambiente de Trabalho\Lucas Dev\Lucas Mobile\Projetos Portfolio\CLI Projetos\node_modules\.bin;C:\Users\Lucas\OneDrive\Ambiente de Trabalho\Lucas Dev\Lucas Mobile\Projetos Portfolio\node_modules\.bin;C:\Users\Lucas\OneDrive\Ambiente de Trabalho\Lucas Dev\Lucas Mobile\node_modules\.bin;C:\Users\Lucas\OneDrive\Ambiente de Trabalho\Lucas Dev\node_modules\.bin;C:\Users\Lucas\OneDrive\Ambiente de Trabalho\node_modules\.bin;C:\Users\Lucas\OneDrive\node_modules\.bin;C:\Users\Lucas\node_modules\.bin;C:\Users\node_modules\.bin;C:\node_modules\.bin;C:\Program Files\nodejs;C:\Users\Lucas\AppData\Local\Temp\yarn--1698196167544-0.28172146370013484;C:\Users\Lucas\OneDrive\Ambiente de Trabalho\Lucas Dev\Lucas Mobile\Projetos Portfolio\CLI Projetos\Fittin\node_modules\.bin;C:\Users\Lucas\AppData\Local\Yarn\Data\link\node_modules\.bin;C:\Program Files\libexec\lib\node_modules\npm\bin\node-gyp-bin;C:\Program Files\lib\node_modules\npm\bin\node-gyp-bin;C:\Program Files\nodejs\node_modules\npm\bin\node-gyp-bin;C:\Python311\Scripts\;C:\Python311\;C:\Program Files\Eclipse Adoptium\jdk-11.0.17.8-hotspot\bin;C:\Python27\;C:\Python27\Scripts;C:\WINDOWS\system32;C:\WINDOWS;C:\WINDOWS\System32\Wbem;C:\WINDOWS\System32\WindowsPowerShell\v1.0\;C:\WINDOWS\System32\OpenSSH\;C:\ProgramData\chocolatey\bin;C:\Program Files\Git\cmd;C:\Program Files (x86)\Yarn\bin\;C:\Program Files\MongoDB\Server\6.0\bin;C:\mongosh-1.6.1\bin;C:\Program Files\SafeNet\Authentication\SAC\x64;C:\Program Files\SafeNet\Authentication\SAC\x32;C:\Program Files\nodejs\;C:\Users\Lucas\watchman\watchman-v2023.01.09.00-windows\bin;C:\Python27\;C:\Python27\Scripts;C:\Python311\Scripts\;C:\Python311\;C:\WINDOWS\system32;C:\WINDOWS;C:\WINDOWS\System32\Wbem;C:\WINDOWS\System32\WindowsPowerShell\v1.0\;C:\WINDOWS\System32\OpenSSH\;C:\Program Files\nodejs\;C:\ProgramData\chocolatey\bin;C:\Program Files\Git\cmd;C:\Program Files (x86)\Yarn\bin\;C:\Users\Lucas\AppData\Local\Microsoft\WindowsApps;C:\Users\Lucas\AppData\Local\Programs\Microsoft VS Code\bin;C:\Users\Lucas\AppData\Local\GitHubDesktop\bin;C:\Users\Lucas\AppData\Local\Yarn\bin;C:\Program Files\Java\jdk-18.0.2.1\bin\\;C:\Program Files\OpenSSL-Win64\bin;C:\Users\Lucas\AppData\Roaming\npm
USERNAME=SYSTEM
OS=Windows_NT
PROCESSOR_IDENTIFIER=AMD64 Family 23 Model 104 Stepping 1, AuthenticAMD



---------------  S Y S T E M  ---------------

OS:
 Windows 11 , 64 bit Build 22621 (10.0.22621.2215)
OS uptime: 21 days 14:59 hours

CPU: total 12 (initial active 12) (12 cores per cpu, 2 threads per core) family 23 model 104 stepping 1 microcode 0x0, cx8, cmov, fxsr, ht, mmx, 3dnowpref, sse, sse2, sse3, ssse3, sse4a, sse4.1, sse4.2, popcnt, lzcnt, tsc, tscinvbit, avx, avx2, aes, clmul, bmi1, bmi2, adx, sha, fma, vzeroupper, clflush, clflushopt

Memory: 4k page, system-wide physical 6005M (868M free)
TotalPageFile size 24437M (AvailPageFile size 8M)
current process WorkingSet (physical memory assigned to process): 360M, peak: 365M
current process commit charge ("private bytes"): 538M, peak: 546M

vm_info: OpenJDK 64-Bit Server VM (18.0.2.1+1-1) for windows-amd64 JRE (18.0.2.1+1-1), built on Aug 16 2022 01:44:29 by "mach5one" with MS VC++ 16.8 / 16.9 (VS2019)

END.
