#
# There is insufficient memory for the Java Runtime Environment to continue.
# Native memory allocation (mmap) failed to map 65536 bytes for Failed to commit metaspace.
# Possible reasons:
#   The system is out of physical RAM or swap space
#   The process is running with CompressedOops enabled, and the Java Heap may be blocking the growth of the native heap
# Possible solutions:
#   Reduce memory load on the system
#   Increase physical memory or swap space
#   Check if swap backing store is full
#   Decrease Java heap size (-Xmx/-Xms)
#   Decrease number of Java threads
#   Decrease Java thread stack sizes (-Xss)
#   Set larger code cache with -XX:ReservedCodeCacheSize=
#   JVM is running with Unscaled Compressed Oops mode in which the Java heap is
#     placed in the first 4GB address space. The Java Heap base address is the
#     maximum limit for the native heap growth. Please use -XX:HeapBaseMinAddress
#     to set the Java Heap base and to place the Java Heap above 4GB virtual address.
# This output file may be truncated or incomplete.
#
#  Out of Memory Error (virtualSpaceNode.cpp:110), pid=32636, tid=40240
#
# JRE version: OpenJDK Runtime Environment (18.0.2.1+1) (build 18.0.2.1+1-1)
# Java VM: OpenJDK 64-Bit Server VM (18.0.2.1+1-1, mixed mode, sharing, tiered, compressed oops, compressed class ptrs, g1 gc, windows-amd64)
# No core dump will be written. Minidumps are not enabled by default on client versions of Windows
#

---------------  S U M M A R Y ------------

Command Line: -Xmx64m -Xms64m -Dorg.gradle.appname=gradlew org.gradle.wrapper.GradleWrapperMain app:installDebug -PreactNativeDevServerPort=8081

Host: AMD Ryzen 5 5500U with Radeon Graphics         , 12 cores, 5G,  Windows 11 , 64 bit Build 22621 (10.0.22621.2215)
Time: Tue Oct 24 22:18:44 2023 Hora oficial do Brasil elapsed time: 175.391029 seconds (0d 0h 2m 55s)

---------------  T H R E A D  ---------------

Current thread (0x000001ebddb19f20):  JavaThread "C1 CompilerThread0" daemon [_thread_in_vm, id=40240, stack(0x000000160a900000,0x000000160aa00000)]


Current CompileTask:
C1: 175391 1716       3       sun.nio.cs.UTF_8$Encoder::encodeLoop (28 bytes)

Stack: [0x000000160a900000,0x000000160aa00000]
Native frames: (J=compiled Java code, j=interpreted, Vv=VM code, C=native code)
V  [jvm.dll+0x6993aa]
V  [jvm.dll+0x7f46dd]
V  [jvm.dll+0x7f5fee]
V  [jvm.dll+0x7f66a3]
V  [jvm.dll+0x25cf1f]
V  [jvm.dll+0x7f03eb]
V  [jvm.dll+0x63f526]
V  [jvm.dll+0x63f58a]
V  [jvm.dll+0x641e0e]
V  [jvm.dll+0x641cce]
V  [jvm.dll+0x63feee]
V  [jvm.dll+0x65184a]
V  [jvm.dll+0x64a73a]
V  [jvm.dll+0x1e4aa0]
V  [jvm.dll+0x1e4c86]
V  [jvm.dll+0x1487de]
V  [jvm.dll+0x148b26]
V  [jvm.dll+0x147f9a]
V  [jvm.dll+0x149c81]
V  [jvm.dll+0x23ee0a]
V  [jvm.dll+0x23d0f5]
V  [jvm.dll+0x7a6dd1]
V  [jvm.dll+0x7a120a]
V  [jvm.dll+0x698255]
C  [ucrtbase.dll+0x29363]
C  [KERNEL32.DLL+0x1257d]
C  [ntdll.dll+0x5aa68]


---------------  P R O C E S S  ---------------

Threads class SMR info:
_java_thread_list=0x000001ebfc397310, length=15, elements={
0x000001ebdda68540, 0x000001ebddafb770, 0x000001ebddafc3d0, 0x000001ebddb122b0,
0x000001ebddb12c50, 0x000001ebddb135f0, 0x000001ebddb13f90, 0x000001ebf76b5f60,
0x000001ebddb19f20, 0x000001ebf76d1530, 0x000001ebfb97cc90, 0x000001ebfb9883d0,
0x000001ebfbc68450, 0x000001ebfc408be0, 0x000001ebfc3f0510
}

Java Threads: ( => current thread )
  0x000001ebdda68540 JavaThread "main" [_thread_in_native, id=37376, stack(0x0000001609b00000,0x0000001609c00000)]
  0x000001ebddafb770 JavaThread "Reference Handler" daemon [_thread_blocked, id=15320, stack(0x000000160a200000,0x000000160a300000)]
  0x000001ebddafc3d0 JavaThread "Finalizer" daemon [_thread_blocked, id=45704, stack(0x000000160a300000,0x000000160a400000)]
  0x000001ebddb122b0 JavaThread "Signal Dispatcher" daemon [_thread_blocked, id=12380, stack(0x000000160a400000,0x000000160a500000)]
  0x000001ebddb12c50 JavaThread "Attach Listener" daemon [_thread_blocked, id=28640, stack(0x000000160a500000,0x000000160a600000)]
  0x000001ebddb135f0 JavaThread "Service Thread" daemon [_thread_blocked, id=43524, stack(0x000000160a600000,0x000000160a700000)]
  0x000001ebddb13f90 JavaThread "Monitor Deflation Thread" daemon [_thread_blocked, id=43300, stack(0x000000160a700000,0x000000160a800000)]
  0x000001ebf76b5f60 JavaThread "C2 CompilerThread0" daemon [_thread_blocked, id=28644, stack(0x000000160a800000,0x000000160a900000)]
=>0x000001ebddb19f20 JavaThread "C1 CompilerThread0" daemon [_thread_in_vm, id=40240, stack(0x000000160a900000,0x000000160aa00000)]
  0x000001ebf76d1530 JavaThread "Sweeper thread" daemon [_thread_blocked, id=39912, stack(0x000000160aa00000,0x000000160ab00000)]
  0x000001ebfb97cc90 JavaThread "Notification Thread" daemon [_thread_blocked, id=44532, stack(0x000000160ab00000,0x000000160ac00000)]
  0x000001ebfb9883d0 JavaThread "Common-Cleaner" daemon [_thread_blocked, id=38320, stack(0x000000160ad00000,0x000000160ae00000)]
  0x000001ebfbc68450 JavaThread "pool-1-thread-1" [_thread_blocked, id=39260, stack(0x000000160b300000,0x000000160b400000)]
  0x000001ebfc408be0 JavaThread "DisconnectableInputStream source reader" daemon [_thread_in_native, id=38952, stack(0x000000160b500000,0x000000160b600000)]
  0x000001ebfc3f0510 JavaThread "Forward input" [_thread_blocked, id=37160, stack(0x000000160b600000,0x000000160b700000)]

Other Threads:
  0x000001ebdda9c7b0 VMThread "VM Thread" [stack: 0x000000160a100000,0x000000160a200000] [id=30348]
  0x000001ebfb981170 WatcherThread "VM Periodic Task Thread" [stack: 0x000000160ac00000,0x000000160ad00000] [id=27284]
  0x000001ebdda8dda0 WorkerThread "GC Thread#0" [stack: 0x0000001609c00000,0x0000001609d00000] [id=40392]
  0x000001ebfc253d30 WorkerThread "GC Thread#1" [stack: 0x000000160ae00000,0x000000160af00000] [id=40972]
  0x000001ebfc2b29e0 WorkerThread "GC Thread#2" [stack: 0x000000160af00000,0x000000160b000000] [id=45188]
  0x000001ebfc2b2c80 WorkerThread "GC Thread#3" [stack: 0x000000160b000000,0x000000160b100000] [id=20908]
  0x000001ebfc2b2f20 WorkerThread "GC Thread#4" [stack: 0x000000160b100000,0x000000160b200000] [id=32316]
  0x000001ebfc2b39d0 WorkerThread "GC Thread#5" [stack: 0x000000160b200000,0x000000160b300000] [id=32468]
  0x000001ebdda8f4d0 ConcurrentGCThread "G1 Main Marker" [stack: 0x0000001609d00000,0x0000001609e00000] [id=37900]
  0x000001ebdda8fec0 WorkerThread "G1 Conc#0" [stack: 0x0000001609e00000,0x0000001609f00000] [id=7572]
  0x000001ebddad9140 ConcurrentGCThread "G1 Refine#0" [stack: 0x0000001609f00000,0x000000160a000000] [id=33524]
  0x000001ebddad9a50 ConcurrentGCThread "G1 Service" [stack: 0x000000160a000000,0x000000160a100000] [id=39964]

Threads with active compile tasks:
C1 CompilerThread0   175479 1716       3       sun.nio.cs.UTF_8$Encoder::encodeLoop (28 bytes)

VM state: not at safepoint (normal execution)

VM Mutex/Monitor currently owned by a thread:  ([mutex/lock_event])
[0x000001ebdb8de850] Metaspace_lock - owner thread: 0x000001ebddb19f20
[0x000001ebdda5a240] MethodData_lock - owner thread: 0x000001ebddb19f20

Heap address: 0x00000000fc000000, size: 64 MB, Compressed Oops mode: 32-bit

CDS archive(s) mapped at: [0x0000000800000000-0x0000000800ba0000-0x0000000800ba0000), size 12189696, SharedBaseAddress: 0x0000000800000000, ArchiveRelocationMode: 0.
Compressed class space mapped at: 0x0000000800c00000-0x0000000840c00000, reserved size: 1073741824
Narrow klass base: 0x0000000800000000, Narrow klass shift: 0, Narrow klass range: 0x100000000

GC Precious Log:
 CardTable entry size: 512
 Card Set container configuration: InlinePtr #cards 5 size 8 Array Of Cards #cards 12 size 40 Howl #buckets 4 coarsen threshold 1843 Howl Bitmap #cards 512 size 80 coarsen threshold 460 Card regions per heap region 1 cards per card region 2048
 CPUs: 12 total, 12 available
 Memory: 6005M
 Large Page Support: Disabled
 NUMA Support: Disabled
 Compressed Oops: Enabled (32-bit)
 Heap Region Size: 1M
 Heap Min Capacity: 64M
 Heap Initial Capacity: 64M
 Heap Max Capacity: 64M
 Pre-touch: Disabled
 Parallel Workers: 10
 Concurrent Workers: 3
 Concurrent Refinement Workers: 10
 Periodic GC: Disabled

Heap:
 garbage-first heap   total 65536K, used 24440K [0x00000000fc000000, 0x0000000100000000)
  region size 1024K, 19 young (19456K), 3 survivors (3072K)
 Metaspace       used 8634K, committed 8896K, reserved 1114112K
  class space    used 1125K, committed 1280K, reserved 1048576K

Heap Regions: E=young(eden), S=young(survivor), O=old, HS=humongous(starts), HC=humongous(continues), CS=collection set, F=free, OA=open archive, CA=closed archive, TAMS=top-at-mark-start (previous, next)
|   0|0x00000000fc000000, 0x00000000fc000000, 0x00000000fc100000|  0%| F|  |TAMS 0x00000000fc000000, 0x00000000fc000000| Untracked 
|   1|0x00000000fc100000, 0x00000000fc100000, 0x00000000fc200000|  0%| F|  |TAMS 0x00000000fc100000, 0x00000000fc100000| Untracked 
|   2|0x00000000fc200000, 0x00000000fc200000, 0x00000000fc300000|  0%| F|  |TAMS 0x00000000fc200000, 0x00000000fc200000| Untracked 
|   3|0x00000000fc300000, 0x00000000fc400000, 0x00000000fc400000|100%|HS|  |TAMS 0x00000000fc300000, 0x00000000fc300000| Complete 
|   4|0x00000000fc400000, 0x00000000fc500000, 0x00000000fc500000|100%|HC|  |TAMS 0x00000000fc400000, 0x00000000fc400000| Complete 
|   5|0x00000000fc500000, 0x00000000fc600000, 0x00000000fc600000|100%|HC|  |TAMS 0x00000000fc500000, 0x00000000fc500000| Complete 
|   6|0x00000000fc600000, 0x00000000fc700000, 0x00000000fc700000|100%| O|  |TAMS 0x00000000fc600000, 0x00000000fc600000| Untracked 
|   7|0x00000000fc700000, 0x00000000fc800000, 0x00000000fc800000|100%| O|  |TAMS 0x00000000fc700000, 0x00000000fc700000| Untracked 
|   8|0x00000000fc800000, 0x00000000fc8de200, 0x00000000fc900000| 86%| O|  |TAMS 0x00000000fc800000, 0x00000000fc800000| Untracked 
|   9|0x00000000fc900000, 0x00000000fc900000, 0x00000000fca00000|  0%| F|  |TAMS 0x00000000fc900000, 0x00000000fc900000| Untracked 
|  10|0x00000000fca00000, 0x00000000fca00000, 0x00000000fcb00000|  0%| F|  |TAMS 0x00000000fca00000, 0x00000000fca00000| Untracked 
|  11|0x00000000fcb00000, 0x00000000fcb00000, 0x00000000fcc00000|  0%| F|  |TAMS 0x00000000fcb00000, 0x00000000fcb00000| Untracked 
|  12|0x00000000fcc00000, 0x00000000fcc00000, 0x00000000fcd00000|  0%| F|  |TAMS 0x00000000fcc00000, 0x00000000fcc00000| Untracked 
|  13|0x00000000fcd00000, 0x00000000fcd00000, 0x00000000fce00000|  0%| F|  |TAMS 0x00000000fcd00000, 0x00000000fcd00000| Untracked 
|  14|0x00000000fce00000, 0x00000000fce00000, 0x00000000fcf00000|  0%| F|  |TAMS 0x00000000fce00000, 0x00000000fce00000| Untracked 
|  15|0x00000000fcf00000, 0x00000000fcf00000, 0x00000000fd000000|  0%| F|  |TAMS 0x00000000fcf00000, 0x00000000fcf00000| Untracked 
|  16|0x00000000fd000000, 0x00000000fd000000, 0x00000000fd100000|  0%| F|  |TAMS 0x00000000fd000000, 0x00000000fd000000| Untracked 
|  17|0x00000000fd100000, 0x00000000fd100000, 0x00000000fd200000|  0%| F|  |TAMS 0x00000000fd100000, 0x00000000fd100000| Untracked 
|  18|0x00000000fd200000, 0x00000000fd200000, 0x00000000fd300000|  0%| F|  |TAMS 0x00000000fd200000, 0x00000000fd200000| Untracked 
|  19|0x00000000fd300000, 0x00000000fd300000, 0x00000000fd400000|  0%| F|  |TAMS 0x00000000fd300000, 0x00000000fd300000| Untracked 
|  20|0x00000000fd400000, 0x00000000fd400000, 0x00000000fd500000|  0%| F|  |TAMS 0x00000000fd400000, 0x00000000fd400000| Untracked 
|  21|0x00000000fd500000, 0x00000000fd500000, 0x00000000fd600000|  0%| F|  |TAMS 0x00000000fd500000, 0x00000000fd500000| Untracked 
|  22|0x00000000fd600000, 0x00000000fd600000, 0x00000000fd700000|  0%| F|  |TAMS 0x00000000fd600000, 0x00000000fd600000| Untracked 
|  23|0x00000000fd700000, 0x00000000fd700000, 0x00000000fd800000|  0%| F|  |TAMS 0x00000000fd700000, 0x00000000fd700000| Untracked 
|  24|0x00000000fd800000, 0x00000000fd800000, 0x00000000fd900000|  0%| F|  |TAMS 0x00000000fd800000, 0x00000000fd800000| Untracked 
|  25|0x00000000fd900000, 0x00000000fd900000, 0x00000000fda00000|  0%| F|  |TAMS 0x00000000fd900000, 0x00000000fd900000| Untracked 
|  26|0x00000000fda00000, 0x00000000fda00000, 0x00000000fdb00000|  0%| F|  |TAMS 0x00000000fda00000, 0x00000000fda00000| Untracked 
|  27|0x00000000fdb00000, 0x00000000fdb00000, 0x00000000fdc00000|  0%| F|  |TAMS 0x00000000fdb00000, 0x00000000fdb00000| Untracked 
|  28|0x00000000fdc00000, 0x00000000fdc00000, 0x00000000fdd00000|  0%| F|  |TAMS 0x00000000fdc00000, 0x00000000fdc00000| Untracked 
|  29|0x00000000fdd00000, 0x00000000fdd00000, 0x00000000fde00000|  0%| F|  |TAMS 0x00000000fdd00000, 0x00000000fdd00000| Untracked 
|  30|0x00000000fde00000, 0x00000000fde00000, 0x00000000fdf00000|  0%| F|  |TAMS 0x00000000fde00000, 0x00000000fde00000| Untracked 
|  31|0x00000000fdf00000, 0x00000000fdf00000, 0x00000000fe000000|  0%| F|  |TAMS 0x00000000fdf00000, 0x00000000fdf00000| Untracked 
|  32|0x00000000fe000000, 0x00000000fe000000, 0x00000000fe100000|  0%| F|  |TAMS 0x00000000fe000000, 0x00000000fe000000| Untracked 
|  33|0x00000000fe100000, 0x00000000fe100000, 0x00000000fe200000|  0%| F|  |TAMS 0x00000000fe100000, 0x00000000fe100000| Untracked 
|  34|0x00000000fe200000, 0x00000000fe200000, 0x00000000fe300000|  0%| F|  |TAMS 0x00000000fe200000, 0x00000000fe200000| Untracked 
|  35|0x00000000fe300000, 0x00000000fe300000, 0x00000000fe400000|  0%| F|  |TAMS 0x00000000fe300000, 0x00000000fe300000| Untracked 
|  36|0x00000000fe400000, 0x00000000fe400000, 0x00000000fe500000|  0%| F|  |TAMS 0x00000000fe400000, 0x00000000fe400000| Untracked 
|  37|0x00000000fe500000, 0x00000000fe500000, 0x00000000fe600000|  0%| F|  |TAMS 0x00000000fe500000, 0x00000000fe500000| Untracked 
|  38|0x00000000fe600000, 0x00000000fe700000, 0x00000000fe700000|100%| S|CS|TAMS 0x00000000fe600000, 0x00000000fe600000| Complete 
|  39|0x00000000fe700000, 0x00000000fe800000, 0x00000000fe800000|100%| S|CS|TAMS 0x00000000fe700000, 0x00000000fe700000| Complete 
|  40|0x00000000fe800000, 0x00000000fe900000, 0x00000000fe900000|100%| S|CS|TAMS 0x00000000fe800000, 0x00000000fe800000| Complete 
|  41|0x00000000fe900000, 0x00000000fe900000, 0x00000000fea00000|  0%| F|  |TAMS 0x00000000fe900000, 0x00000000fe900000| Untracked 
|  42|0x00000000fea00000, 0x00000000fea00000, 0x00000000feb00000|  0%| F|  |TAMS 0x00000000fea00000, 0x00000000fea00000| Untracked 
|  43|0x00000000feb00000, 0x00000000feb00000, 0x00000000fec00000|  0%| F|  |TAMS 0x00000000feb00000, 0x00000000feb00000| Untracked 
|  44|0x00000000fec00000, 0x00000000fec00000, 0x00000000fed00000|  0%| F|  |TAMS 0x00000000fec00000, 0x00000000fec00000| Untracked 
|  45|0x00000000fed00000, 0x00000000fed00000, 0x00000000fee00000|  0%| F|  |TAMS 0x00000000fed00000, 0x00000000fed00000| Untracked 
|  46|0x00000000fee00000, 0x00000000fee00000, 0x00000000fef00000|  0%| F|  |TAMS 0x00000000fee00000, 0x00000000fee00000| Untracked 
|  47|0x00000000fef00000, 0x00000000fef00000, 0x00000000ff000000|  0%| F|  |TAMS 0x00000000fef00000, 0x00000000fef00000| Untracked 
|  48|0x00000000ff000000, 0x00000000ff0ec0e0, 0x00000000ff100000| 92%| E|  |TAMS 0x00000000ff000000, 0x00000000ff000000| Complete 
|  49|0x00000000ff100000, 0x00000000ff200000, 0x00000000ff200000|100%| E|CS|TAMS 0x00000000ff100000, 0x00000000ff100000| Complete 
|  50|0x00000000ff200000, 0x00000000ff300000, 0x00000000ff300000|100%| E|CS|TAMS 0x00000000ff200000, 0x00000000ff200000| Complete 
|  51|0x00000000ff300000, 0x00000000ff400000, 0x00000000ff400000|100%| E|CS|TAMS 0x00000000ff300000, 0x00000000ff300000| Complete 
|  52|0x00000000ff400000, 0x00000000ff500000, 0x00000000ff500000|100%| E|CS|TAMS 0x00000000ff400000, 0x00000000ff400000| Complete 
|  53|0x00000000ff500000, 0x00000000ff600000, 0x00000000ff600000|100%| E|CS|TAMS 0x00000000ff500000, 0x00000000ff500000| Complete 
|  54|0x00000000ff600000, 0x00000000ff700000, 0x00000000ff700000|100%| E|CS|TAMS 0x00000000ff600000, 0x00000000ff600000| Complete 
|  55|0x00000000ff700000, 0x00000000ff800000, 0x00000000ff800000|100%| E|CS|TAMS 0x00000000ff700000, 0x00000000ff700000| Complete 
|  56|0x00000000ff800000, 0x00000000ff900000, 0x00000000ff900000|100%| E|CS|TAMS 0x00000000ff800000, 0x00000000ff800000| Complete 
|  57|0x00000000ff900000, 0x00000000ffa00000, 0x00000000ffa00000|100%| E|CS|TAMS 0x00000000ff900000, 0x00000000ff900000| Complete 
|  58|0x00000000ffa00000, 0x00000000ffb00000, 0x00000000ffb00000|100%| E|CS|TAMS 0x00000000ffa00000, 0x00000000ffa00000| Complete 
|  59|0x00000000ffb00000, 0x00000000ffc00000, 0x00000000ffc00000|100%| E|CS|TAMS 0x00000000ffb00000, 0x00000000ffb00000| Complete 
|  60|0x00000000ffc00000, 0x00000000ffd00000, 0x00000000ffd00000|100%| E|CS|TAMS 0x00000000ffc00000, 0x00000000ffc00000| Complete 
|  61|0x00000000ffd00000, 0x00000000ffe00000, 0x00000000ffe00000|100%| E|CS|TAMS 0x00000000ffd00000, 0x00000000ffd00000| Complete 
|  62|0x00000000ffe00000, 0x00000000fff00000, 0x00000000fff00000|100%| E|CS|TAMS 0x00000000ffe00000, 0x00000000ffe00000| Complete 
|  63|0x00000000fff00000, 0x0000000100000000, 0x0000000100000000|100%| E|CS|TAMS 0x00000000fff00000, 0x00000000fff00000| Complete 

Card table byte_map: [0x000001ebdd980000,0x000001ebdd9a0000] _byte_map_base: 0x000001ebdd1a0000

Marking Bits (Prev, Next): (CMBitMap*) 0x000001ebdda8e3a0, (CMBitMap*) 0x000001ebdda8e3e0
 Prev Bits: [0x000001ebf48e0000, 0x000001ebf49e0000)
 Next Bits: [0x000001ebf49e0000, 0x000001ebf4ae0000)

Polling page: 0x000001ebdba30000

Metaspace:

Usage:
  Non-class:      7.33 MB used.
      Class:      1.10 MB used.
       Both:      8.43 MB used.

Virtual space:
  Non-class space:       64.00 MB reserved,       7.44 MB ( 12%) committed,  1 nodes.
      Class space:        1.00 GB reserved,       1.25 MB ( <1%) committed,  1 nodes.
             Both:        1.06 GB reserved,       8.69 MB ( <1%) committed. 

Chunk freelists:
   Non-Class:  80.00 KB
       Class:  2.67 MB
        Both:  2.75 MB

MaxMetaspaceSize: unlimited
CompressedClassSpaceSize: 1.00 GB
Initial GC threshold: 21.00 MB
Current GC threshold: 21.00 MB
CDS: on
MetaspaceReclaimPolicy: balanced
 - commit_granule_bytes: 65536.
 - commit_granule_words: 8192.
 - virtual_space_node_default_size: 8388608.
 - enlarge_chunks_in_place: 1.
 - new_chunks_are_fully_committed: 0.
 - uncommit_free_chunks: 1.
 - use_allocation_guard: 0.


Internal statistics:

num_allocs_failed_limit: 0.
num_arena_births: 214.
num_arena_deaths: 0.
num_vsnodes_births: 2.
num_vsnodes_deaths: 0.
num_space_committed: 139.
num_space_uncommitted: 0.
num_chunks_returned_to_freelist: 0.
num_chunks_taken_from_freelist: 455.
num_chunk_merges: 0.
num_chunk_splits: 296.
num_chunks_enlarged: 220.
num_inconsistent_stats: 0.

CodeHeap 'non-profiled nmethods': size=120000Kb used=526Kb max_used=526Kb free=119473Kb
 bounds [0x000001ebece60000, 0x000001ebed0d0000, 0x000001ebf4390000]
CodeHeap 'profiled nmethods': size=120000Kb used=3349Kb max_used=3349Kb free=116650Kb
 bounds [0x000001ebe5930000, 0x000001ebe5c80000, 0x000001ebece60000]
CodeHeap 'non-nmethods': size=5760Kb used=1180Kb max_used=1200Kb free=4579Kb
 bounds [0x000001ebe5390000, 0x000001ebe5600000, 0x000001ebe5930000]
 total_blobs=2178 nmethods=1711 adapters=380
 compilation: enabled
              stopped_count=0, restarted_count=0
 full_count=0

Compilation events (20 events):
Event: 158.364 Thread 0x000001ebddb19f20 nmethod 1705 0x000001ebe5c71d90 code [0x000001ebe5c72000, 0x000001ebe5c729c8]
Event: 160.558 Thread 0x000001ebf76b5f60 1706       4       java.util.ArrayList::iterator (9 bytes)
Event: 160.559 Thread 0x000001ebf76b5f60 nmethod 1706 0x000001ebecee2190 code [0x000001ebecee2320, 0x000001ebecee2418]
Event: 165.361 Thread 0x000001ebddb19f20 1707       3       java.nio.ByteBuffer::position (6 bytes)
Event: 166.324 Thread 0x000001ebddb19f20 nmethod 1707 0x000001ebe5c72d90 code [0x000001ebe5c72f40, 0x000001ebe5c73108]
Event: 167.054 Thread 0x000001ebf76b5f60 1708       4       java.util.HashMap$HashIterator::hasNext (13 bytes)
Event: 167.330 Thread 0x000001ebf76b5f60 nmethod 1708 0x000001ebecee2510 code [0x000001ebecee2680, 0x000001ebecee2718]
Event: 167.416 Thread 0x000001ebddb19f20 1709       3       sun.nio.cs.StreamEncoder::writeBytes (139 bytes)
Event: 168.097 Thread 0x000001ebddb19f20 nmethod 1709 0x000001ebe5c73190 code [0x000001ebe5c73400, 0x000001ebe5c73df8]
Event: 174.367 Thread 0x000001ebddb19f20 1711       3       sun.nio.cs.UTF_8::updatePositions (23 bytes)
Event: 174.367 Thread 0x000001ebddb19f20 nmethod 1711 0x000001ebe5c74190 code [0x000001ebe5c74360, 0x000001ebe5c74798]
Event: 175.202 Thread 0x000001ebf76b5f60 1712       4       org.gradle.internal.logging.text.AbstractLineChoppingStyledTextOutput$1::execute (9 bytes)
Event: 175.209 Thread 0x000001ebddb19f20 1713       3       java.nio.CharBuffer::hasArray (20 bytes)
Event: 175.210 Thread 0x000001ebddb19f20 nmethod 1713 0x000001ebe5c74910 code [0x000001ebe5c74aa0, 0x000001ebe5c74c58]
Event: 175.210 Thread 0x000001ebddb19f20 1714       3       java.nio.ByteBuffer::hasArray (20 bytes)
Event: 175.210 Thread 0x000001ebddb19f20 nmethod 1714 0x000001ebe5c74d10 code [0x000001ebe5c74ea0, 0x000001ebe5c75058]
Event: 175.210 Thread 0x000001ebddb19f20 1715       3       java.nio.CharBuffer::array (35 bytes)
Event: 175.210 Thread 0x000001ebddb19f20 nmethod 1715 0x000001ebe5c75110 code [0x000001ebe5c752e0, 0x000001ebe5c755b8]
Event: 175.263 Thread 0x000001ebf76b5f60 nmethod 1712 0x000001ebecee2810 code [0x000001ebecee2a20, 0x000001ebecee31a0]
Event: 175.368 Thread 0x000001ebddb19f20 1716       3       sun.nio.cs.UTF_8$Encoder::encodeLoop (28 bytes)

GC Heap History (2 events):
Event: 2.110 GC heap before
{Heap before GC invocations=0 (full 0):
 garbage-first heap   total 65536K, used 28672K [0x00000000fc000000, 0x0000000100000000)
  region size 1024K, 23 young (23552K), 0 survivors (0K)
 Metaspace       used 4070K, committed 4288K, reserved 1114112K
  class space    used 512K, committed 576K, reserved 1048576K
}
Event: 2.124 GC heap after
{Heap after GC invocations=1 (full 0):
 garbage-first heap   total 65536K, used 9080K [0x00000000fc000000, 0x0000000100000000)
  region size 1024K, 3 young (3072K), 3 survivors (3072K)
 Metaspace       used 4070K, committed 4288K, reserved 1114112K
  class space    used 512K, committed 576K, reserved 1048576K
}

Deoptimization events (20 events):
Event: 3.838 Thread 0x000001ebdda68540 Uncommon trap: trap_request=0xffffffc6 fr.pc=0x000001ebeceb4d1c relative=0x00000000000002dc
Event: 3.838 Thread 0x000001ebdda68540 Uncommon trap: reason=bimorphic_or_optimized_type_check action=maybe_recompile pc=0x000001ebeceb4d1c method=java.util.concurrent.ConcurrentHashMap.get(Ljava/lang/Object;)Ljava/lang/Object; @ 149 c2
Event: 3.838 Thread 0x000001ebdda68540 DEOPT PACKING pc=0x000001ebeceb4d1c sp=0x0000001609bfcf20
Event: 3.838 Thread 0x000001ebdda68540 DEOPT UNPACKING pc=0x000001ebe53e23a3 sp=0x0000001609bfce90 mode 2
Event: 3.898 Thread 0x000001ebdda68540 Uncommon trap: trap_request=0xffffff45 fr.pc=0x000001ebecea5be8 relative=0x0000000000001608
Event: 3.898 Thread 0x000001ebdda68540 Uncommon trap: reason=unstable_if action=reinterpret pc=0x000001ebecea5be8 method=java.io.WinNTFileSystem.normalize(Ljava/lang/String;)Ljava/lang/String; @ 128 c2
Event: 3.898 Thread 0x000001ebdda68540 DEOPT PACKING pc=0x000001ebecea5be8 sp=0x0000001609bfcf00
Event: 3.898 Thread 0x000001ebdda68540 DEOPT UNPACKING pc=0x000001ebe53e23a3 sp=0x0000001609bfced8 mode 2
Event: 4.268 Thread 0x000001ebdda68540 Uncommon trap: trap_request=0xffffff45 fr.pc=0x000001ebece99260 relative=0x0000000000000540
Event: 4.268 Thread 0x000001ebdda68540 Uncommon trap: reason=unstable_if action=reinterpret pc=0x000001ebece99260 method=java.lang.AbstractStringBuilder.append(Ljava/lang/String;)Ljava/lang/AbstractStringBuilder; @ 1 c2
Event: 4.268 Thread 0x000001ebdda68540 DEOPT PACKING pc=0x000001ebece99260 sp=0x0000001609bfdc80
Event: 4.268 Thread 0x000001ebdda68540 DEOPT UNPACKING pc=0x000001ebe53e23a3 sp=0x0000001609bfdc00 mode 2
Event: 4.268 Thread 0x000001ebdda68540 Uncommon trap: trap_request=0xffffff45 fr.pc=0x000001ebecea0354 relative=0x0000000000000534
Event: 4.268 Thread 0x000001ebdda68540 Uncommon trap: reason=unstable_if action=reinterpret pc=0x000001ebecea0354 method=java.lang.AbstractStringBuilder.append(Ljava/lang/String;)Ljava/lang/AbstractStringBuilder; @ 1 c2
Event: 4.268 Thread 0x000001ebdda68540 DEOPT PACKING pc=0x000001ebecea0354 sp=0x0000001609bfdc10
Event: 4.268 Thread 0x000001ebdda68540 DEOPT UNPACKING pc=0x000001ebe53e23a3 sp=0x0000001609bfdbf8 mode 2
Event: 143.393 Thread 0x000001ebfbc68450 Uncommon trap: trap_request=0xffffff45 fr.pc=0x000001ebecee0768 relative=0x0000000000000068
Event: 143.393 Thread 0x000001ebfbc68450 Uncommon trap: reason=unstable_if action=reinterpret pc=0x000001ebecee0768 method=org.gradle.internal.logging.text.AbstractLineChoppingStyledTextOutput$StateContext.hasChar()Z @ 16 c2
Event: 143.393 Thread 0x000001ebfbc68450 DEOPT PACKING pc=0x000001ebecee0768 sp=0x000000160b3feaa0
Event: 143.393 Thread 0x000001ebfbc68450 DEOPT UNPACKING pc=0x000001ebe53e23a3 sp=0x000000160b3fea38 mode 2

Classes loaded (20 events):
Event: 143.315 Loading class jdk/internal/logger/LazyLoggers
Event: 143.317 Loading class jdk/internal/logger/LazyLoggers done
Event: 143.318 Loading class jdk/internal/logger/LazyLoggers$1
Event: 143.319 Loading class jdk/internal/logger/LazyLoggers$1 done
Event: 143.319 Loading class jdk/internal/logger/LazyLoggers$LazyLoggerFactories
Event: 143.320 Loading class jdk/internal/logger/LazyLoggers$LazyLoggerFactories done
Event: 143.327 Loading class jdk/internal/logger/LoggerFinderLoader
Event: 143.329 Loading class jdk/internal/logger/LoggerFinderLoader done
Event: 143.343 Loading class sun/util/logging/internal/LoggingProviderImpl$JULWrapper
Event: 143.345 Loading class sun/util/logging/PlatformLogger$ConfigurableBridge$LoggerConfiguration
Event: 143.345 Loading class sun/util/logging/PlatformLogger$ConfigurableBridge$LoggerConfiguration done
Event: 143.345 Loading class sun/util/logging/internal/LoggingProviderImpl$JULWrapper done
Event: 143.347 Loading class java/io/ObjectInputFilter$Config$BuiltinFilterFactory
Event: 143.348 Loading class java/io/ObjectInputFilter$Config$BuiltinFilterFactory done
Event: 143.348 Loading class jdk/internal/access/JavaObjectInputFilterAccess
Event: 143.348 Loading class jdk/internal/access/JavaObjectInputFilterAccess done
Event: 143.350 Loading class java/lang/System$Logger$Level
Event: 143.350 Loading class java/lang/System$Logger$Level done
Event: 143.351 Loading class java/io/Bits
Event: 143.352 Loading class java/io/Bits done

Classes unloaded (0 events):
No events

Classes redefined (0 events):
No events

Internal exceptions (20 events):
Event: 0.502 Thread 0x000001ebdda68540 Exception <a 'java/lang/NoSuchMethodError'{0x00000000ffc907c0}: 'int java.lang.invoke.DirectMethodHandle$Holder.invokeStaticInit(java.lang.Object, java.lang.Object)'> (0x00000000ffc907c0) 
thrown [s\open\src\hotspot\share\interpreter\linkResolver.cpp, line 759]
Event: 1.956 Thread 0x000001ebdda68540 Exception <a 'java/lang/NoClassDefFoundError'{0x00000000febbb998}: org/slf4j/impl/StaticMarkerBinder> (0x00000000febbb998) 
thrown [s\open\src\hotspot\share\classfile\systemDictionary.cpp, line 244]
Event: 1.991 Thread 0x000001ebdda68540 Exception <a 'java/lang/NoSuchMethodError'{0x00000000fea498a8}: 'java.lang.Object java.lang.invoke.DirectMethodHandle$Holder.invokeVirtual(java.lang.Object, java.lang.Object, java.lang.Object, java.lang.Object, java.lang.Object, java.lang.Object, java.lang.Object)'> (0x00000000fea498a8) 
thrown [s\open\src\hotspot\share\interpreter\linkResolver.cpp, line 759]
Event: 1.996 Thread 0x000001ebdda68540 Exception <a 'java/lang/NoSuchMethodError'{0x00000000fea5da38}: 'java.lang.Object java.lang.invoke.DirectMethodHandle$Holder.invokeStatic(java.lang.Object, java.lang.Object, int)'> (0x00000000fea5da38) 
thrown [s\open\src\hotspot\share\interpreter\linkResolver.cpp, line 759]
Event: 1.998 Thread 0x000001ebdda68540 Exception <a 'java/lang/NoSuchMethodError'{0x00000000fea69750}: 'void java.lang.invoke.DelegatingMethodHandle$Holder.delegate(java.lang.Object, java.lang.Object, int, java.lang.Object)'> (0x00000000fea69750) 
thrown [s\open\src\hotspot\share\interpreter\linkResolver.cpp, line 759]
Event: 1.999 Thread 0x000001ebdda68540 Exception <a 'java/lang/NoSuchMethodError'{0x00000000fea6d8a0}: 'int java.lang.invoke.DirectMethodHandle$Holder.invokeSpecial(java.lang.Object, java.lang.Object, java.lang.Object)'> (0x00000000fea6d8a0) 
thrown [s\open\src\hotspot\share\interpreter\linkResolver.cpp, line 759]
Event: 2.051 Thread 0x000001ebdda68540 Exception <a 'java/lang/NoSuchMethodError'{0x00000000fe90d3b0}: 'java.lang.Object java.lang.invoke.DirectMethodHandle$Holder.invokeVirtual(java.lang.Object, java.lang.Object, java.lang.Object)'> (0x00000000fe90d3b0) 
thrown [s\open\src\hotspot\share\interpreter\linkResolver.cpp, line 759]
Event: 2.238 Thread 0x000001ebdda68540 Exception <a 'java/lang/NoSuchMethodError'{0x00000000ffd22488}: 'java.lang.Object java.lang.invoke.DirectMethodHandle$Holder.invokeVirtual(java.lang.Object, java.lang.Object, java.lang.Object, java.lang.Object)'> (0x00000000ffd22488) 
thrown [s\open\src\hotspot\share\interpreter\linkResolver.cpp, line 759]
Event: 2.282 Thread 0x000001ebdda68540 Exception <a 'java/lang/NoSuchMethodError'{0x00000000ffdbcd00}: 'java.lang.Object java.lang.invoke.DirectMethodHandle$Holder.invokeVirtual(java.lang.Object, java.lang.Object, java.lang.Object, java.lang.Object, java.lang.Object, java.lang.Object)'> (0x00000000ffdbcd00) 
thrown [s\open\src\hotspot\share\interpreter\linkResolver.cpp, line 759]
Event: 2.900 Thread 0x000001ebdda68540 Exception <a 'java/lang/NoSuchMethodError'{0x00000000ffcc6868}: 'java.lang.Object java.lang.invoke.DirectMethodHandle$Holder.invokeInterface(java.lang.Object, java.lang.Object, java.lang.Object)'> (0x00000000ffcc6868) 
thrown [s\open\src\hotspot\share\interpreter\linkResolver.cpp, line 759]
Event: 3.574 Thread 0x000001ebdda68540 Exception <a 'java/lang/NoSuchMethodError'{0x00000000ffa9e3e8}: 'java.lang.Object java.lang.invoke.DirectMethodHandle$Holder.invokeStaticInit(java.lang.Object)'> (0x00000000ffa9e3e8) 
thrown [s\open\src\hotspot\share\interpreter\linkResolver.cpp, line 759]
Event: 3.684 Thread 0x000001ebdda68540 Exception <a 'java/lang/NoSuchMethodError'{0x00000000ff9d6910}: 'java.lang.Object java.lang.invoke.DirectMethodHandle$Holder.invokeVirtual(java.lang.Object, java.lang.Object, java.lang.Object, java.lang.Object, java.lang.Object)'> (0x00000000ff9d6910) 
thrown [s\open\src\hotspot\share\interpreter\linkResolver.cpp, line 759]
Event: 3.688 Thread 0x000001ebdda68540 Exception <a 'java/lang/NoSuchMethodError'{0x00000000ff9eae80}: 'java.lang.Object java.lang.invoke.Invokers$Holder.invokeExact_MT(java.lang.Object, java.lang.Object, java.lang.Object, java.lang.Object, java.lang.Object, java.lang.Object)'> (0x00000000ff9eae80) 
thrown [s\open\src\hotspot\share\interpreter\linkResolver.cpp, line 759]
Event: 3.771 Thread 0x000001ebdda68540 Exception <a 'java/lang/NoSuchMethodError'{0x00000000ff77a8a0}: 'java.lang.Object java.lang.invoke.DirectMethodHandle$Holder.invokeVirtual(java.lang.Object, java.lang.Object, java.lang.Object, java.lang.Object, java.lang.Object, java.lang.Object, java.lang.Object, java.lang.Object)'> (0x00000000ff77a8a0) 
thrown [s\open\src\hotspot\share\interpreter\linkResolver.cpp, line 759]
Event: 3.771 Thread 0x000001ebdda68540 Exception <a 'java/lang/NoSuchMethodError'{0x00000000ff77fd90}: 'java.lang.Object java.lang.invoke.DirectMethodHandle$Holder.invokeSpecial(java.lang.Object, java.lang.Object, java.lang.Object, java.lang.Object, java.lang.Object, java.lang.Object, java.lang.Object, java.lang.Object, java.lang.Object)'> (0x00000000ff77fd90) 
thrown [s\open\src\hotspot\share\interpreter\linkResolver.cpp, line 759]
Event: 3.819 Thread 0x000001ebdda68540 Exception <a 'java/lang/NoSuchMethodError'{0x00000000ff6b0198}: 'java.lang.Object java.lang.invoke.DirectMethodHandle$Holder.invokeStaticInit(java.lang.Object, int, int, int, int)'> (0x00000000ff6b0198) 
thrown [s\open\src\hotspot\share\interpreter\linkResolver.cpp, line 759]
Event: 4.115 Thread 0x000001ebdda68540 Exception <a 'java/lang/NoSuchMethodError'{0x00000000ff572320}: 'java.lang.Object java.lang.invoke.DirectMethodHandle$Holder.invokeStaticInit(java.lang.Object, java.lang.Object, int, int, int, int)'> (0x00000000ff572320) 
thrown [s\open\src\hotspot\share\interpreter\linkResolver.cpp, line 759]
Event: 4.268 Thread 0x000001ebdda68540 Implicit null exception at 0x000001ebece98d52 to 0x000001ebece99248
Event: 4.268 Thread 0x000001ebdda68540 Implicit null exception at 0x000001ebece9fe52 to 0x000001ebecea033c
Event: 4.272 Thread 0x000001ebdda68540 Exception <a 'java/lang/NoSuchMethodError'{0x00000000ff44a9c8}: 'void java.lang.invoke.DirectMethodHandle$Holder.invokeInterface(java.lang.Object, java.lang.Object, java.lang.Object)'> (0x00000000ff44a9c8) 
thrown [s\open\src\hotspot\share\interpreter\linkResolver.cpp, line 759]

VM Operations (20 events):
Event: 99.172 Executing VM operation: Cleanup
Event: 99.174 Executing VM operation: Cleanup done
Event: 100.306 Executing VM operation: Cleanup
Event: 100.307 Executing VM operation: Cleanup done
Event: 125.575 Executing VM operation: Cleanup
Event: 125.809 Executing VM operation: Cleanup done
Event: 127.833 Executing VM operation: Cleanup
Event: 128.053 Executing VM operation: Cleanup done
Event: 131.087 Executing VM operation: Cleanup
Event: 131.087 Executing VM operation: Cleanup done
Event: 144.225 Executing VM operation: Cleanup
Event: 144.225 Executing VM operation: Cleanup done
Event: 157.345 Executing VM operation: Cleanup
Event: 157.345 Executing VM operation: Cleanup done
Event: 161.384 Executing VM operation: Cleanup
Event: 161.385 Executing VM operation: Cleanup done
Event: 167.458 Executing VM operation: Cleanup
Event: 167.613 Executing VM operation: Cleanup done
Event: 169.639 Executing VM operation: Cleanup
Event: 169.693 Executing VM operation: Cleanup done

Events (20 events):
Event: 0.080 Thread 0x000001ebddb12c50 Thread added: 0x000001ebddb12c50
Event: 0.080 Thread 0x000001ebddb135f0 Thread added: 0x000001ebddb135f0
Event: 0.080 Thread 0x000001ebddb13f90 Thread added: 0x000001ebddb13f90
Event: 0.080 Thread 0x000001ebf76b5f60 Thread added: 0x000001ebf76b5f60
Event: 0.081 Thread 0x000001ebddb19f20 Thread added: 0x000001ebddb19f20
Event: 0.081 Thread 0x000001ebf76d1530 Thread added: 0x000001ebf76d1530
Event: 0.106 Thread 0x000001ebfb97cc90 Thread added: 0x000001ebfb97cc90
Event: 0.112 Thread 0x000001ebfb9883d0 Thread added: 0x000001ebfb9883d0
Event: 0.121 Loaded shared library C:\Program Files\Java\jdk-18.0.2.1\bin\net.dll
Event: 0.126 Loaded shared library C:\Program Files\Java\jdk-18.0.2.1\bin\nio.dll
Event: 0.137 Loaded shared library C:\Program Files\Java\jdk-18.0.2.1\bin\zip.dll
Event: 1.084 Loaded shared library C:\Program Files\Java\jdk-18.0.2.1\bin\jimage.dll
Event: 1.283 Loaded shared library C:\Program Files\Java\jdk-18.0.2.1\bin\verify.dll
Event: 2.035 Loaded shared library C:\Users\Lucas\.gradle\native\e1d6ef7f7dcc3fd88c89a11ec53ec762bb8ba0a96d01ffa2cd45eb1d1d8dd5c5\windows-amd64\native-platform.dll
Event: 2.088 Loaded shared library C:\Users\Lucas\.gradle\native\jansi\1.18\windows64\jansi.dll
Event: 2.152 Thread 0x000001ebfbc68450 Thread added: 0x000001ebfbc68450
Event: 3.578 Loaded shared library C:\Program Files\Java\jdk-18.0.2.1\bin\management.dll
Event: 3.590 Loaded shared library C:\Program Files\Java\jdk-18.0.2.1\bin\management_ext.dll
Event: 4.652 Thread 0x000001ebfc408be0 Thread added: 0x000001ebfc408be0
Event: 4.657 Thread 0x000001ebfc3f0510 Thread added: 0x000001ebfc3f0510


Dynamic libraries:
0x00007ff671eb0000 - 0x00007ff671ebe000 	C:\Program Files\Java\jdk-18.0.2.1\bin\java.exe
0x00007ffe2be70000 - 0x00007ffe2c084000 	C:\WINDOWS\SYSTEM32\ntdll.dll
0x00007ffe2a750000 - 0x00007ffe2a814000 	C:\WINDOWS\System32\KERNEL32.DLL
0x00007ffe294f0000 - 0x00007ffe29894000 	C:\WINDOWS\System32\KERNELBASE.dll
0x00007ffe299c0000 - 0x00007ffe29ad1000 	C:\WINDOWS\System32\ucrtbase.dll
0x00007ffe0f580000 - 0x00007ffe0f59a000 	C:\Program Files\Java\jdk-18.0.2.1\bin\VCRUNTIME140.dll
0x00007ffe0f560000 - 0x00007ffe0f577000 	C:\Program Files\Java\jdk-18.0.2.1\bin\jli.dll
0x00007ffe2a8e0000 - 0x00007ffe2aa8e000 	C:\WINDOWS\System32\USER32.dll
0x00007ffe294c0000 - 0x00007ffe294e6000 	C:\WINDOWS\System32\win32u.dll
0x00007ffe0bb80000 - 0x00007ffe0be13000 	C:\WINDOWS\WinSxS\amd64_microsoft.windows.common-controls_6595b64144ccf1df_6.0.22621.2215_none_270d72677387dfc3\COMCTL32.dll
0x00007ffe2b2e0000 - 0x00007ffe2b309000 	C:\WINDOWS\System32\GDI32.dll
0x00007ffe2a830000 - 0x00007ffe2a8d7000 	C:\WINDOWS\System32\msvcrt.dll
0x00007ffe298a0000 - 0x00007ffe299b8000 	C:\WINDOWS\System32\gdi32full.dll
0x00007ffe29b60000 - 0x00007ffe29bfa000 	C:\WINDOWS\System32\msvcp_win.dll
0x00007ffe2a430000 - 0x00007ffe2a461000 	C:\WINDOWS\System32\IMM32.DLL
0x00007ffe1bf20000 - 0x00007ffe1bf2c000 	C:\Program Files\Java\jdk-18.0.2.1\bin\vcruntime140_1.dll
0x00007ffe0f4d0000 - 0x00007ffe0f55d000 	C:\Program Files\Java\jdk-18.0.2.1\bin\msvcp140.dll
0x00007ffd69170000 - 0x00007ffd69d81000 	C:\Program Files\Java\jdk-18.0.2.1\bin\server\jvm.dll
0x00007ffe2a690000 - 0x00007ffe2a740000 	C:\WINDOWS\System32\ADVAPI32.dll
0x00007ffe2b0e0000 - 0x00007ffe2b186000 	C:\WINDOWS\System32\sechost.dll
0x00007ffe2a470000 - 0x00007ffe2a587000 	C:\WINDOWS\System32\RPCRT4.dll
0x00007ffe2a740000 - 0x00007ffe2a748000 	C:\WINDOWS\System32\PSAPI.DLL
0x00007ffe13530000 - 0x00007ffe13539000 	C:\WINDOWS\SYSTEM32\WSOCK32.dll
0x00007ffe221b0000 - 0x00007ffe221e4000 	C:\WINDOWS\SYSTEM32\WINMM.dll
0x00007ffe2b6a0000 - 0x00007ffe2b711000 	C:\WINDOWS\System32\WS2_32.dll
0x00007ffe22b50000 - 0x00007ffe22b5a000 	C:\WINDOWS\SYSTEM32\VERSION.dll
0x00007ffe28270000 - 0x00007ffe28288000 	C:\WINDOWS\SYSTEM32\kernel.appcore.dll
0x00007ffe0f4c0000 - 0x00007ffe0f4ca000 	C:\Program Files\Java\jdk-18.0.2.1\bin\jimage.dll
0x00007ffe26cc0000 - 0x00007ffe26eee000 	C:\WINDOWS\SYSTEM32\DBGHELP.DLL
0x00007ffe2b310000 - 0x00007ffe2b69a000 	C:\WINDOWS\System32\combase.dll
0x00007ffe2bd50000 - 0x00007ffe2be27000 	C:\WINDOWS\System32\OLEAUT32.dll
0x00007ffe19350000 - 0x00007ffe19382000 	C:\WINDOWS\SYSTEM32\dbgcore.DLL
0x00007ffe29ae0000 - 0x00007ffe29b5a000 	C:\WINDOWS\System32\bcryptPrimitives.dll
0x00007ffdeaa40000 - 0x00007ffdeaa65000 	C:\Program Files\Java\jdk-18.0.2.1\bin\java.dll
0x00007ffddeee0000 - 0x00007ffddefb6000 	C:\Program Files\Java\jdk-18.0.2.1\bin\jsvml.dll
0x00007ffe29c00000 - 0x00007ffe2a423000 	C:\WINDOWS\System32\SHELL32.dll
0x00007ffe271b0000 - 0x00007ffe27a9a000 	C:\WINDOWS\SYSTEM32\windows.storage.dll
0x00007ffe27070000 - 0x00007ffe271ae000 	C:\WINDOWS\SYSTEM32\wintypes.dll
0x00007ffe2b990000 - 0x00007ffe2ba83000 	C:\WINDOWS\System32\SHCORE.dll
0x00007ffe2ab20000 - 0x00007ffe2ab7e000 	C:\WINDOWS\System32\shlwapi.dll
0x00007ffe29150000 - 0x00007ffe29176000 	C:\WINDOWS\SYSTEM32\profapi.dll
0x00007ffe0b2b0000 - 0x00007ffe0b2c3000 	C:\Program Files\Java\jdk-18.0.2.1\bin\net.dll
0x00007ffe22070000 - 0x00007ffe221a7000 	C:\WINDOWS\SYSTEM32\WINHTTP.dll
0x00007ffe286f0000 - 0x00007ffe28759000 	C:\WINDOWS\system32\mswsock.dll
0x00007ffdea980000 - 0x00007ffdea996000 	C:\Program Files\Java\jdk-18.0.2.1\bin\nio.dll
0x00007ffde75b0000 - 0x00007ffde75c8000 	C:\Program Files\Java\jdk-18.0.2.1\bin\zip.dll
0x00007ffe0f4b0000 - 0x00007ffe0f4c0000 	C:\Program Files\Java\jdk-18.0.2.1\bin\verify.dll
0x00007ffe137f0000 - 0x00007ffe13817000 	C:\Users\Lucas\.gradle\native\e1d6ef7f7dcc3fd88c89a11ec53ec762bb8ba0a96d01ffa2cd45eb1d1d8dd5c5\windows-amd64\native-platform.dll
0x00007ffe1bee0000 - 0x00007ffe1beea000 	C:\Users\Lucas\.gradle\native\jansi\1.18\windows64\jansi.dll
0x00007ffe11f90000 - 0x00007ffe11f99000 	C:\Program Files\Java\jdk-18.0.2.1\bin\management.dll
0x00007ffe11f80000 - 0x00007ffe11f8b000 	C:\Program Files\Java\jdk-18.0.2.1\bin\management_ext.dll
0x00007ffe28950000 - 0x00007ffe2896b000 	C:\WINDOWS\SYSTEM32\CRYPTSP.dll
0x00007ffe281e0000 - 0x00007ffe28215000 	C:\WINDOWS\system32\rsaenh.dll
0x00007ffe287e0000 - 0x00007ffe2880c000 	C:\WINDOWS\SYSTEM32\USERENV.dll
0x00007ffe28b70000 - 0x00007ffe28b98000 	C:\WINDOWS\SYSTEM32\bcrypt.dll
0x00007ffe28940000 - 0x00007ffe2894c000 	C:\WINDOWS\SYSTEM32\CRYPTBASE.dll
0x00007ffe27d00000 - 0x00007ffe27d2d000 	C:\WINDOWS\SYSTEM32\IPHLPAPI.DLL
0x00007ffe2b0a0000 - 0x00007ffe2b0a9000 	C:\WINDOWS\System32\NSI.dll
0x00007ffe22b80000 - 0x00007ffe22b99000 	C:\WINDOWS\SYSTEM32\dhcpcsvc6.DLL
0x00007ffe22b60000 - 0x00007ffe22b7f000 	C:\WINDOWS\SYSTEM32\dhcpcsvc.DLL
0x00007ffe27d70000 - 0x00007ffe27e62000 	C:\WINDOWS\SYSTEM32\DNSAPI.dll

dbghelp: loaded successfully - version: 4.0.5 - missing functions: none
symbol engine: initialized successfully - sym options: 0x614 - pdb path: .;C:\Program Files\Java\jdk-18.0.2.1\bin;C:\WINDOWS\SYSTEM32;C:\WINDOWS\WinSxS\amd64_microsoft.windows.common-controls_6595b64144ccf1df_6.0.22621.2215_none_270d72677387dfc3;C:\Program Files\Java\jdk-18.0.2.1\bin\server;C:\Users\Lucas\.gradle\native\e1d6ef7f7dcc3fd88c89a11ec53ec762bb8ba0a96d01ffa2cd45eb1d1d8dd5c5\windows-amd64;C:\Users\Lucas\.gradle\native\jansi\1.18\windows64

VM Arguments:
jvm_args: -Xmx64m -Xms64m -Dorg.gradle.appname=gradlew 
java_command: org.gradle.wrapper.GradleWrapperMain app:installDebug -PreactNativeDevServerPort=8081
java_class_path (initial): C:\Users\Lucas\OneDrive\Ambiente de Trabalho\Lucas Dev\Lucas Mobile\Projetos Portfolio\CLI Projetos\Fittin\android\\gradle\wrapper\gradle-wrapper.jar
Launcher Type: SUN_STANDARD

[Global flags]
     intx CICompilerCount                          = 4                                         {product} {ergonomic}
     uint ConcGCThreads                            = 3                                         {product} {ergonomic}
     uint G1ConcRefinementThreads                  = 10                                        {product} {ergonomic}
   size_t G1HeapRegionSize                         = 1048576                                   {product} {ergonomic}
    uintx GCDrainStackTargetSize                   = 64                                        {product} {ergonomic}
   size_t InitialHeapSize                          = 67108864                                  {product} {command line}
   size_t MarkStackSize                            = 4194304                                   {product} {ergonomic}
   size_t MaxHeapSize                              = 67108864                                  {product} {command line}
   size_t MaxNewSize                               = 39845888                                  {product} {ergonomic}
   size_t MinHeapDeltaBytes                        = 1048576                                   {product} {ergonomic}
   size_t MinHeapSize                              = 67108864                                  {product} {command line}
    uintx NonNMethodCodeHeapSize                   = 5839372                                {pd product} {ergonomic}
    uintx NonProfiledCodeHeapSize                  = 122909434                              {pd product} {ergonomic}
    uintx ProfiledCodeHeapSize                     = 122909434                              {pd product} {ergonomic}
    uintx ReservedCodeCacheSize                    = 251658240                              {pd product} {ergonomic}
     bool SegmentedCodeCache                       = true                                      {product} {ergonomic}
   size_t SoftMaxHeapSize                          = 67108864                               {manageable} {ergonomic}
     bool UseCompressedClassPointers               = true                           {product lp64_product} {ergonomic}
     bool UseCompressedOops                        = true                           {product lp64_product} {ergonomic}
     bool UseG1GC                                  = true                                      {product} {ergonomic}
     bool UseLargePagesIndividualAllocation        = false                                  {pd product} {ergonomic}

Logging:
Log output configuration:
 #0: stdout all=warning uptime,level,tags foldmultilines=false
 #1: stderr all=off uptime,level,tags foldmultilines=false

Environment Variables:
JAVA_HOME=C:\Program Files\Java\jdk-18.0.2.1\
CLASSPATH=C:\Users\Lucas\OneDrive\Ambiente de Trabalho\Lucas Dev\Lucas Mobile\Projetos Portfolio\CLI Projetos\Fittin\android\\gradle\wrapper\gradle-wrapper.jar
PATH=C:\Users\Lucas\OneDrive\Ambiente de Trabalho\Lucas Dev\Lucas Mobile\Projetos Portfolio\CLI Projetos\Fittin\android\node_modules\.bin;C:\Users\Lucas\OneDrive\Ambiente de Trabalho\Lucas Dev\Lucas Mobile\Projetos Portfolio\CLI Projetos\Fittin\node_modules\.bin;C:\Users\Lucas\OneDrive\Ambiente de Trabalho\Lucas Dev\Lucas Mobile\Projetos Portfolio\CLI Projetos\node_modules\.bin;C:\Users\Lucas\OneDrive\Ambiente de Trabalho\Lucas Dev\Lucas Mobile\Projetos Portfolio\node_modules\.bin;C:\Users\Lucas\OneDrive\Ambiente de Trabalho\Lucas Dev\Lucas Mobile\node_modules\.bin;C:\Users\Lucas\OneDrive\Ambiente de Trabalho\Lucas Dev\node_modules\.bin;C:\Users\Lucas\OneDrive\Ambiente de Trabalho\node_modules\.bin;C:\Users\Lucas\OneDrive\node_modules\.bin;C:\Users\Lucas\node_modules\.bin;C:\Users\node_modules\.bin;C:\node_modules\.bin;C:\Program Files\nodejs;C:\Users\Lucas\AppData\Local\Temp\yarn--1698196540953-0.008703363090588834;C:\Users\Lucas\OneDrive\Ambiente de Trabalho\Lucas Dev\Lucas Mobile\Projetos Portfolio\CLI Projetos\Fittin\node_modules\.bin;C:\Users\Lucas\AppData\Local\Yarn\Data\link\node_modules\.bin;C:\Program Files\libexec\lib\node_modules\npm\bin\node-gyp-bin;C:\Program Files\lib\node_modules\npm\bin\node-gyp-bin;C:\Program Files\nodejs\node_modules\npm\bin\node-gyp-bin;C:\Python311\Scripts\;C:\Python311\;C:\Program Files\Eclipse Adoptium\jdk-11.0.17.8-hotspot\bin;C:\Python27\;C:\Python27\Scripts;C:\WINDOWS\system32;C:\WINDOWS;C:\WINDOWS\System32\Wbem;C:\WINDOWS\System32\WindowsPowerShell\v1.0\;C:\WINDOWS\System32\OpenSSH\;C:\ProgramData\chocolatey\bin;C:\Program Files\Git\cmd;C:\Program Files (x86)\Yarn\bin\;C:\Program Files\MongoDB\Server\6.0\bin;C:\mongosh-1.6.1\bin;C:\Program Files\SafeNet\Authentication\SAC\x64;C:\Program Files\SafeNet\Authentication\SAC\x32;C:\Program Files\nodejs\;C:\Users\Lucas\watchman\watchman-v2023.01.09.00-windows\bin;C:\Python27\;C:\Python27\Scripts;C:\Python311\Scripts\;C:\Python311\;C:\WINDOWS\system32;C:\WINDOWS;C:\WINDOWS\System32\Wbem;C:\WINDOWS\System32\WindowsPowerShell\v1.0\;C:\WINDOWS\System32\OpenSSH\;C:\Program Files\nodejs\;C:\ProgramData\chocolatey\bin;C:\Program Files\Git\cmd;C:\Program Files (x86)\Yarn\bin\;C:\Users\Lucas\AppData\Local\Microsoft\WindowsApps;C:\Users\Lucas\AppData\Local\Programs\Microsoft VS Code\bin;C:\Users\Lucas\AppData\Local\GitHubDesktop\bin;C:\Users\Lucas\AppData\Local\Yarn\bin;C:\Program Files\Java\jdk-18.0.2.1\bin\\;C:\Program Files\OpenSSL-Win64\bin;C:\Users\Lucas\AppData\Roaming\npm
USERNAME=SYSTEM
OS=Windows_NT
PROCESSOR_IDENTIFIER=AMD64 Family 23 Model 104 Stepping 1, AuthenticAMD



---------------  S Y S T E M  ---------------

OS:
 Windows 11 , 64 bit Build 22621 (10.0.22621.2215)
OS uptime: 21 days 15:04 hours

CPU: total 12 (initial active 12) (12 cores per cpu, 2 threads per core) family 23 model 104 stepping 1 microcode 0x0, cx8, cmov, fxsr, ht, mmx, 3dnowpref, sse, sse2, sse3, ssse3, sse4a, sse4.1, sse4.2, popcnt, lzcnt, tsc, tscinvbit, avx, avx2, aes, clmul, bmi1, bmi2, adx, sha, fma, vzeroupper, clflush, clflushopt

Memory: 4k page, system-wide physical 6005M (53M free)
TotalPageFile size 24437M (AvailPageFile size 0M)
current process WorkingSet (physical memory assigned to process): 15M, peak: 87M
current process commit charge ("private bytes"): 166M, peak: 167M

vm_info: OpenJDK 64-Bit Server VM (18.0.2.1+1-1) for windows-amd64 JRE (18.0.2.1+1-1), built on Aug 16 2022 01:44:29 by "mach5one" with MS VC++ 16.8 / 16.9 (VS2019)

END.
